❯
❯ swift test
warning: 'macmcp': found 1 file(s) which are unhandled; explicitly declare them as resources or exclude from the target
    /Users/jesse/Documents/GitHub/projects/mac-mcp/MacMCP/Tests/TestsWithoutMocks/test-path-debugging.log
[1/1] Planning build
Building for debugging...
[3/3] Write swift-version--58304C5D6DBC2206.txt
Build complete! (1.86s)
Test Suite 'All tests' started at 2025-05-19 13:04:28.197.
Test Suite 'MacMCPPackageTests.xctest' started at 2025-05-19 13:04:28.198.
Test Suite 'ApplicationActivationTest' started at 2025-05-19 13:04:28.198.
Test Case '-[TestsWithoutMocks.ApplicationActivationTest testBasicAppActivation]' started.
2025-05-19T13:04:28-0500 info mcp.test.application_activation : params=action, bundleIdentifier [MacMCP] Handling terminate action
2025-05-19T13:04:28-0500 info mcp.test.application_activation : bundleIdentifier=com.apple.TextEdit timeout=10.0 [MacMCP] Terminating application
2025-05-19T13:04:28-0500 info mcp.test.application_activation : bundleIdentifier=com.apple.TextEdit [MacMCP] Application terminated successfully
2025-05-19T13:04:29-0500 info mcp.test.application_activation : params=waitForLaunch, action, bundleIdentifier [MacMCP] Handling launch action
2025-05-19T13:04:31-0500 info mcp.test.application_activation : [MacMCP] Handling getFrontmostApplication action
2025-05-19T13:04:31-0500 info mcp.test.application_activation : params=action, bundleIdentifier [MacMCP] Handling activateApplication action
2025-05-19T13:04:33-0500 info mcp.test.application_activation : [MacMCP] Handling getFrontmostApplication action
2025-05-19T13:04:33-0500 info mcp.test.application_activation : params=action, bundleIdentifier [MacMCP] Handling activateApplication action
2025-05-19T13:04:35-0500 info mcp.test.application_activation : [MacMCP] Handling getFrontmostApplication action
2025-05-19 13:04:35.934 xctest[49374:54466735] ERROR: Failed to get attribute AXDescription (code: -25200)
2025-05-19T13:04:36-0500 info mcp.test.application_activation : params=bundleIdentifier, action [MacMCP] Handling terminate action
2025-05-19T13:04:36-0500 info mcp.test.application_activation : bundleIdentifier=com.apple.TextEdit timeout=10.0 [MacMCP] Terminating application
2025-05-19T13:04:36-0500 info mcp.test.application_activation : bundleIdentifier=com.apple.TextEdit [MacMCP] Application terminated successfully
Test Case '-[TestsWithoutMocks.ApplicationActivationTest testBasicAppActivation]' passed (8.202 seconds).
Test Suite 'ApplicationActivationTest' passed at 2025-05-19 13:04:36.399.
         Executed 1 test, with 0 failures (0 unexpected) in 8.202 (8.202) seconds
Test Suite 'ApplicationLookupTests' started at 2025-05-19 13:04:36.399.
Test Case '-[TestsWithoutMocks.ApplicationLookupTests testAccessibilityPermissionsCheck]' started.
/Users/jesse/Documents/GitHub/projects/mac-mcp/MacMCP/Tests/TestsWithoutMocks/AccessibilityTests/ApplicationLookupTests.swift:23: error: -[TestsWithoutMocks.ApplicationLookupTests testAccessibilityPermissionsCheck] : XCTAssertNotNil failed - Failed to launch Calculator app
Test Case '-[TestsWithoutMocks.ApplicationLookupTests testAccessibilityPermissionsCheck]' failed (13.140 seconds).
Test Case '-[TestsWithoutMocks.ApplicationLookupTests testApplicationIsRunning]' started.
/Users/jesse/Documents/GitHub/projects/mac-mcp/MacMCP/Tests/TestsWithoutMocks/AccessibilityTests/ApplicationLookupTests.swift:23: error: -[TestsWithoutMocks.ApplicationLookupTests testApplicationIsRunning] : XCTAssertNotNil failed - Failed to launch Calculator app
Test Case '-[TestsWithoutMocks.ApplicationLookupTests testApplicationIsRunning]' failed (13.049 seconds).
Test Case '-[TestsWithoutMocks.ApplicationLookupTests testApplicationLookupByBundleIdAndTitle]' started.
/Users/jesse/Documents/GitHub/projects/mac-mcp/MacMCP/Tests/TestsWithoutMocks/AccessibilityTests/ApplicationLookupTests.swift:23: error: -[TestsWithoutMocks.ApplicationLookupTests testApplicationLookupByBundleIdAndTitle] : XCTAssertNotNil failed - Failed to launch Calculator app
/Users/jesse/Documents/GitHub/projects/mac-mcp/MacMCP/Tests/TestsWithoutMocks/AccessibilityTests/ApplicationLookupTests.swift:150: error: -[TestsWithoutMocks.ApplicationLookupTests testApplicationLookupByBundleIdAndTitle] : failed - Application lookup failed: Application not found: com.apple.calculator. Application with bundleIdentifier 'com.apple.calculator' is not running. Running applications are:
1. loginwindow (bundleIdentifier: com.apple.loginwindow)
2. ViewBridgeAuxiliary (bundleIdentifier: com.apple.ViewBridgeAuxiliary)
3. universalaccessd
4. CoreServicesUIAgent (bundleIdentifier: com.apple.coreservices.uiagent)
5. WindowManager (bundleIdentifier: com.apple.WindowManager)
6. talagentd (bundleIdentifier: com.apple.talagent)
7. SystemUIServer (bundleIdentifier: com.apple.systemuiserver)
8. Dock (bundleIdentifier: com.apple.dock)
9. Control Center (bundleIdentifier: com.apple.controlcenter)
10. CoreLocationAgent (bundleIdentifier: com.apple.CoreLocationAgent)
...and 172 more applications
Test Case '-[TestsWithoutMocks.ApplicationLookupTests testApplicationLookupByBundleIdAndTitle]' failed (13.022 seconds).
Test Case '-[TestsWithoutMocks.ApplicationLookupTests testApplicationLookupByBundleIdOnly]' started.
2025-05-19T13:05:19-0500 error mcp.test.calculator : bundleIdentifier=com.apple.calculator timeout=5.0 [MacMCP] Application failed to finish launching within timeout
2025-05-19T13:05:19-0500 error mcp.test.calculator : bundleIdentifier=com.apple.calculator error=Application timed out while launching url=/System/Applications/Calculator.app [MacMCP] Failed to open application
2025-05-19T13:05:19-0500 error mcp.test.calculator : bundleIdentifier=com.apple.calculator timeout=5.0 [MacMCP] Application failed to finish launching within timeout
2025-05-19T13:05:19-0500 error mcp.test.calculator : applicationName=nil bundleIdentifier=com.apple.calculator category=ApplicationLaunch message=Failed to open application with bundle identifier: com.apple.calculator [MacMCP] Error opening application
2025-05-19T13:05:19-0500 error mcp.test.calculator : bundleIdentifier=com.apple.calculator error=Application timed out while launching url=/System/Applications/Calculator.app [MacMCP] Failed to open application
2025-05-19T13:05:19-0500 error mcp.test.calculator : applicationName=nil bundleIdentifier=com.apple.calculator category=ApplicationLaunch message=Failed to open application with bundle identifier: com.apple.calculator [MacMCP] Error opening application
2025-05-19T13:05:19-0500 error mcp.test.calculator : bundleIdentifier=com.apple.calculator timeout=5.0 [MacMCP] Application failed to finish launching within timeout
2025-05-19T13:05:19-0500 error mcp.test.calculator : bundleIdentifier=com.apple.calculator error=Application timed out while launching url=/System/Applications/Calculator.app [MacMCP] Failed to open application
2025-05-19T13:05:19-0500 error mcp.test.calculator : applicationName=nil bundleIdentifier=com.apple.calculator category=ApplicationLaunch message=Failed to open application with bundle identifier: com.apple.calculator [MacMCP] Error opening application
/Users/jesse/Documents/GitHub/projects/mac-mcp/MacMCP/Tests/TestsWithoutMocks/AccessibilityTests/ApplicationLookupTests.swift:23: error: -[TestsWithoutMocks.ApplicationLookupTests testApplicationLookupByBundleIdOnly] : XCTAssertNotNil failed - Failed to launch Calculator app
/Users/jesse/Documents/GitHub/projects/mac-mcp/MacMCP/Tests/TestsWithoutMocks/AccessibilityTests/ApplicationLookupTests.swift:121: error: -[TestsWithoutMocks.ApplicationLookupTests testApplicationLookupByBundleIdOnly] : XCTAssertEqual failed: ("AXError(rawValue: -25204)") is not equal to ("AXError(rawValue: 0)") - Failed to get role from application element
/Users/jesse/Documents/GitHub/projects/mac-mcp/MacMCP/Tests/TestsWithoutMocks/AccessibilityTests/ApplicationLookupTests.swift:122: error: -[TestsWithoutMocks.ApplicationLookupTests testApplicationLookupByBundleIdOnly] : XCTAssertEqual failed: ("nil") is not equal to ("Optional("AXApplication")") - Element is not an application
Test Case '-[TestsWithoutMocks.ApplicationLookupTests testApplicationLookupByBundleIdOnly]' failed (13.060 seconds).
Test Case '-[TestsWithoutMocks.ApplicationLookupTests testApplicationLookupByBundleIdOnlyWithForeground]' started.
/Users/jesse/Documents/GitHub/projects/mac-mcp/MacMCP/Tests/TestsWithoutMocks/AccessibilityTests/ApplicationLookupTests.swift:23: error: -[TestsWithoutMocks.ApplicationLookupTests testApplicationLookupByBundleIdOnlyWithForeground] : XCTAssertNotNil failed - Failed to launch Calculator app
/Users/jesse/Documents/GitHub/projects/mac-mcp/MacMCP/Tests/TestsWithoutMocks/AccessibilityTests/ApplicationLookupTests.swift:84: error: -[TestsWithoutMocks.ApplicationLookupTests testApplicationLookupByBundleIdOnlyWithForeground] : failed - Calculator app not running
Test Case '-[TestsWithoutMocks.ApplicationLookupTests testApplicationLookupByBundleIdOnlyWithForeground]' failed (13.523 seconds).
Test Case '-[TestsWithoutMocks.ApplicationLookupTests testApplicationLookupByTitleAndBundleId]' started.
/Users/jesse/Documents/GitHub/projects/mac-mcp/MacMCP/Tests/TestsWithoutMocks/AccessibilityTests/ApplicationLookupTests.swift:23: error: -[TestsWithoutMocks.ApplicationLookupTests testApplicationLookupByTitleAndBundleId] : XCTAssertNotNil failed - Failed to launch Calculator app
Test Case '-[TestsWithoutMocks.ApplicationLookupTests testApplicationLookupByTitleAndBundleId]' failed (13.021 seconds).
Test Case '-[TestsWithoutMocks.ApplicationLookupTests testApplicationLookupByTitleOnly]' started.
/Users/jesse/Documents/GitHub/projects/mac-mcp/MacMCP/Tests/TestsWithoutMocks/AccessibilityTests/ApplicationLookupTests.swift:23: error: -[TestsWithoutMocks.ApplicationLookupTests testApplicationLookupByTitleOnly] : XCTAssertNotNil failed - Failed to launch Calculator app
/Users/jesse/Documents/GitHub/projects/mac-mcp/MacMCP/Tests/TestsWithoutMocks/AccessibilityTests/ApplicationLookupTests.swift:143: error: -[TestsWithoutMocks.ApplicationLookupTests testApplicationLookupByTitleOnly] : XCTAssertEqual failed: ("Optional("com.apple.finder")") is not equal to ("Optional("com.apple.calculator")") - Wrong application was found
Test Case '-[TestsWithoutMocks.ApplicationLookupTests testApplicationLookupByTitleOnly]' failed (13.039 seconds).
Test Case '-[TestsWithoutMocks.ApplicationLookupTests testApplicationLookupByTitleOnlyWithForeground]' started.
2025-05-19T13:06:12-0500 error mcp.test.calculator : bundleIdentifier=com.apple.calculator timeout=5.0 [MacMCP] Application failed to finish launching within timeout
2025-05-19T13:06:12-0500 error mcp.test.calculator : bundleIdentifier=com.apple.calculator error=Application timed out while launching url=/System/Applications/Calculator.app [MacMCP] Failed to open application
2025-05-19T13:06:12-0500 error mcp.test.calculator : applicationName=nil bundleIdentifier=com.apple.calculator category=ApplicationLaunch message=Failed to open application with bundle identifier: com.apple.calculator [MacMCP] Error opening application
2025-05-19T13:06:12-0500 error mcp.test.calculator : bundleIdentifier=com.apple.calculator timeout=5.0 [MacMCP] Application failed to finish launching within timeout
2025-05-19T13:06:12-0500 error mcp.test.calculator : bundleIdentifier=com.apple.calculator error=Application timed out while launching url=/System/Applications/Calculator.app [MacMCP] Failed to open application
2025-05-19T13:06:12-0500 error mcp.test.calculator : applicationName=nil bundleIdentifier=com.apple.calculator category=ApplicationLaunch message=Failed to open application with bundle identifier: com.apple.calculator [MacMCP] Error opening application
/Users/jesse/Documents/GitHub/projects/mac-mcp/MacMCP/Tests/TestsWithoutMocks/AccessibilityTests/ApplicationLookupTests.swift:23: error: -[TestsWithoutMocks.ApplicationLookupTests testApplicationLookupByTitleOnlyWithForeground] : XCTAssertNotNil failed - Failed to launch Calculator app
/Users/jesse/Documents/GitHub/projects/mac-mcp/MacMCP/Tests/TestsWithoutMocks/AccessibilityTests/ApplicationLookupTests.swift:84: error: -[TestsWithoutMocks.ApplicationLookupTests testApplicationLookupByTitleOnlyWithForeground] : failed - Calculator app not running
/Users/jesse/Documents/GitHub/projects/mac-mcp/MacMCP/Tests/TestsWithoutMocks/AccessibilityTests/ApplicationLookupTests.swift:143: error: -[TestsWithoutMocks.ApplicationLookupTests testApplicationLookupByTitleOnlyWithForeground] : XCTAssertEqual failed: ("Optional("com.apple.finder")") is not equal to ("Optional("com.apple.calculator")") - Wrong application was found
Test Case '-[TestsWithoutMocks.ApplicationLookupTests testApplicationLookupByTitleOnlyWithForeground]' failed (13.538 seconds).
Test Case '-[TestsWithoutMocks.ApplicationLookupTests testApplicationLookupByTitleWithAXBundleId]' started.
/Users/jesse/Documents/GitHub/projects/mac-mcp/MacMCP/Tests/TestsWithoutMocks/AccessibilityTests/ApplicationLookupTests.swift:23: error: -[TestsWithoutMocks.ApplicationLookupTests testApplicationLookupByTitleWithAXBundleId] : XCTAssertNotNil failed - Failed to launch Calculator app
/Users/jesse/Documents/GitHub/projects/mac-mcp/MacMCP/Tests/TestsWithoutMocks/AccessibilityTests/ApplicationLookupTests.swift:150: error: -[TestsWithoutMocks.ApplicationLookupTests testApplicationLookupByTitleWithAXBundleId] : failed - Application lookup failed: Application not found: com.apple.calculator. Application with bundleIdentifier 'com.apple.calculator' is not running. Running applications are:
1. loginwindow (bundleIdentifier: com.apple.loginwindow)
2. ViewBridgeAuxiliary (bundleIdentifier: com.apple.ViewBridgeAuxiliary)
3. universalaccessd
4. CoreServicesUIAgent (bundleIdentifier: com.apple.coreservices.uiagent)
5. WindowManager (bundleIdentifier: com.apple.WindowManager)
6. talagentd (bundleIdentifier: com.apple.talagent)
7. SystemUIServer (bundleIdentifier: com.apple.systemuiserver)
8. Dock (bundleIdentifier: com.apple.dock)
9. Control Center (bundleIdentifier: com.apple.controlcenter)
10. CoreLocationAgent (bundleIdentifier: com.apple.CoreLocationAgent)
...and 171 more applications
Test Case '-[TestsWithoutMocks.ApplicationLookupTests testApplicationLookupByTitleWithAXBundleId]' failed (13.022 seconds).
Test Suite 'ApplicationLookupTests' failed at 2025-05-19 13:06:34.813.
         Executed 9 tests, with 17 failures (0 unexpected) in 118.413 (118.414) seconds
Test Suite 'ApplicationManagementE2ETests' started at 2025-05-19 13:06:34.813.
Test Case '-[TestsWithoutMocks.ApplicationManagementE2ETests testForceTerminate]' started.
2025-05-19T13:06:35-0500 info mcp.toolchain : params=bundleIdentifier, action [MacMCP] Handling launch action
2025-05-19T13:06:38-0500 info mcp.toolchain : params=bundleIdentifier, action [MacMCP] Handling force terminate action
2025-05-19T13:06:38-0500 info mcp.toolchain : bundleIdentifier=com.apple.calculator [MacMCP] Force terminating application
2025-05-19T13:06:38-0500 info mcp.toolchain : bundleIdentifier=com.apple.calculator [MacMCP] Application force terminated successfully
2025-05-19T13:06:38-0500 error mcp.test.calculator : bundleIdentifier=com.apple.calculator timeout=5.0 [MacMCP] Application failed to finish launching within timeout
2025-05-19T13:06:38-0500 error mcp.test.calculator : bundleIdentifier=com.apple.calculator error=Application timed out while launching url=/System/Applications/Calculator.app [MacMCP] Failed to open application
2025-05-19T13:06:38-0500 error mcp.test.calculator : applicationName=nil bundleIdentifier=com.apple.calculator category=ApplicationLaunch message=Failed to open application with bundle identifier: com.apple.calculator [MacMCP] Error opening application
2025-05-19T13:06:39-0500 error mcp.test.calculator : bundleIdentifier=com.apple.calculator timeout=5.0 [MacMCP] Application failed to finish launching within timeout
2025-05-19T13:06:39-0500 error mcp.test.calculator : bundleIdentifier=com.apple.calculator error=Application timed out while launching url=/System/Applications/Calculator.app [MacMCP] Failed to open application
2025-05-19T13:06:39-0500 error mcp.test.calculator : applicationName=nil bundleIdentifier=com.apple.calculator category=ApplicationLaunch message=Failed to open application with bundle identifier: com.apple.calculator [MacMCP] Error opening application
Test Case '-[TestsWithoutMocks.ApplicationManagementE2ETests testForceTerminate]' passed (5.798 seconds).
Test Case '-[TestsWithoutMocks.ApplicationManagementE2ETests testGetRunningApplications]' started.
2025-05-19T13:06:41-0500 info mcp.toolchain : params=action, bundleIdentifier [MacMCP] Handling launch action
2025-05-19T13:06:43-0500 info mcp.toolchain : [MacMCP] Handling getRunningApplications action
Test Case '-[TestsWithoutMocks.ApplicationManagementE2ETests testGetRunningApplications]' passed (4.273 seconds).
Test Case '-[TestsWithoutMocks.ApplicationManagementE2ETests testHideOtherApplications]' started.
2025-05-19T13:06:45-0500 info mcp.toolchain : params=bundleIdentifier, action [MacMCP] Handling launch action
2025-05-19T13:06:48-0500 info mcp.toolchain : params=action, bundleIdentifier [MacMCP] Handling launch action
2025-05-19T13:06:50-0500 info mcp.toolchain : params=bundleIdentifier, action [MacMCP] Handling hideOtherApplications action
2025-05-19T13:06:50-0500 info mcp.toolchain : exceptBundleIdentifier=com.apple.calculator [MacMCP] Hiding other applications
2025-05-19T13:06:51-0500 info mcp.toolchain : [MacMCP] Handling getFrontmostApplication action
Test Case '-[TestsWithoutMocks.ApplicationManagementE2ETests testHideOtherApplications]' passed (7.679 seconds).
Test Case '-[TestsWithoutMocks.ApplicationManagementE2ETests testHideUnhideActivate]' started.
2025-05-19T13:06:53-0500 info mcp.toolchain : params=action, bundleIdentifier [MacMCP] Handling launch action
2025-05-19T13:06:55-0500 info mcp.toolchain : params=action, bundleIdentifier [MacMCP] Handling launch action
2025-05-19T13:06:58-0500 info mcp.toolchain : params=action, bundleIdentifier [MacMCP] Handling hideApplication action
2025-05-19T13:06:58-0500 info mcp.toolchain : bundleIdentifier=com.apple.calculator [MacMCP] Hiding application
2025-05-19T13:06:58-0500 info mcp.toolchain : bundleIdentifier=com.apple.calculator [MacMCP] All application instances hidden successfully
2025-05-19T13:06:59-0500 info mcp.toolchain : params=action, bundleIdentifier [MacMCP] Handling activateApplication action
2025-05-19T13:07:00-0500 info mcp.toolchain : [MacMCP] Handling getFrontmostApplication action
Test Case '-[TestsWithoutMocks.ApplicationManagementE2ETests testHideUnhideActivate]' passed (8.832 seconds).
Test Case '-[TestsWithoutMocks.ApplicationManagementE2ETests testIsRunning]' started.
2025-05-19T13:07:02-0500 info mcp.toolchain : params=action, bundleIdentifier [MacMCP] Handling launch action
2025-05-19T13:07:04-0500 info mcp.toolchain : params=bundleIdentifier, action [MacMCP] Handling isRunning action
2025-05-19T13:07:04-0500 info mcp.toolchain : params=bundleIdentifier, action [MacMCP] Handling isRunning action
Test Case '-[TestsWithoutMocks.ApplicationManagementE2ETests testIsRunning]' passed (4.276 seconds).
Test Case '-[TestsWithoutMocks.ApplicationManagementE2ETests testLaunchAndTerminate]' started.
2025-05-19T13:07:06-0500 info mcp.toolchain : params=action, bundleIdentifier [MacMCP] Handling launch action
2025-05-19T13:07:08-0500 info mcp.toolchain : params=action, bundleIdentifier [MacMCP] Handling terminate action
2025-05-19T13:07:08-0500 info mcp.toolchain : bundleIdentifier=com.apple.calculator timeout=10.0 [MacMCP] Terminating application
2025-05-19T13:07:09-0500 info mcp.toolchain : bundleIdentifier=com.apple.calculator [MacMCP] Application terminated successfully
Test Case '-[TestsWithoutMocks.ApplicationManagementE2ETests testLaunchAndTerminate]' passed (5.401 seconds).
Test Suite 'ApplicationManagementE2ETests' passed at 2025-05-19 13:07:11.074.
         Executed 6 tests, with 0 failures (0 unexpected) in 36.260 (36.261) seconds
Test Suite 'ApplicationManagementToolTests' started at 2025-05-19 13:07:11.074.
Test Case '-[TestsWithMocks.ApplicationManagementToolTests testActivateApplication]' started.
2025-05-19T13:07:11-0500 info test.application_management : params=bundleIdentifier, action [MacMCP] Handling activateApplication action
/Users/jesse/Documents/GitHub/projects/mac-mcp/MacMCP/Tests/TestsWithMocks/ToolTests/ApplicationManagementToolTests.swift:552: error: -[TestsWithMocks.ApplicationManagementToolTests testActivateApplication] : XCTAssertTrue failed - Response should indicate success
/Users/jesse/Documents/GitHub/projects/mac-mcp/MacMCP/Tests/TestsWithMocks/ToolTests/ApplicationManagementToolTests.swift:553: error: -[TestsWithMocks.ApplicationManagementToolTests testActivateApplication] : XCTAssertTrue failed - Response should include bundle ID
Test Case '-[TestsWithMocks.ApplicationManagementToolTests testActivateApplication]' failed (0.003 seconds).
Test Case '-[TestsWithMocks.ApplicationManagementToolTests testErrorHandling]' started.
2025-05-19T13:07:11-0500 info test.application_management : params=bundleIdentifier, arguments, action [MacMCP] Handling launch action
2025-05-19T13:07:11-0500 error test.application_management : error=Internal error: Test error message [MacMCP] Launch failed
Test Case '-[TestsWithMocks.ApplicationManagementToolTests testErrorHandling]' passed (0.002 seconds).
Test Case '-[TestsWithMocks.ApplicationManagementToolTests testForceTerminate]' started.
2025-05-19T13:07:11-0500 info test.application_management : params=action, bundleIdentifier [MacMCP] Handling force terminate action
/Users/jesse/Documents/GitHub/projects/mac-mcp/MacMCP/Tests/TestsWithMocks/ToolTests/ApplicationManagementToolTests.swift:439: error: -[TestsWithMocks.ApplicationManagementToolTests testForceTerminate] : XCTAssertTrue failed - Response should indicate success
/Users/jesse/Documents/GitHub/projects/mac-mcp/MacMCP/Tests/TestsWithMocks/ToolTests/ApplicationManagementToolTests.swift:440: error: -[TestsWithMocks.ApplicationManagementToolTests testForceTerminate] : XCTAssertTrue failed - Response should include bundle ID
Test Case '-[TestsWithMocks.ApplicationManagementToolTests testForceTerminate]' failed (0.003 seconds).
Test Case '-[TestsWithMocks.ApplicationManagementToolTests testGetFrontmostApplicationNone]' started.
2025-05-19T13:07:11-0500 info test.application_management : [MacMCP] Handling getFrontmostApplication action
/Users/jesse/Documents/GitHub/projects/mac-mcp/MacMCP/Tests/TestsWithMocks/ToolTests/ApplicationManagementToolTests.swift:721: error: -[TestsWithMocks.ApplicationManagementToolTests testGetFrontmostApplicationNone] : XCTAssertTrue failed - Response should indicate success
/Users/jesse/Documents/GitHub/projects/mac-mcp/MacMCP/Tests/TestsWithMocks/ToolTests/ApplicationManagementToolTests.swift:722: error: -[TestsWithMocks.ApplicationManagementToolTests testGetFrontmostApplicationNone] : XCTAssertTrue failed - Response should indicate no frontmost app
Test Case '-[TestsWithMocks.ApplicationManagementToolTests testGetFrontmostApplicationNone]' failed (0.002 seconds).
Test Case '-[TestsWithMocks.ApplicationManagementToolTests testGetFrontmostApplication]' started.
2025-05-19T13:07:11-0500 info test.application_management : [MacMCP] Handling getFrontmostApplication action
/Users/jesse/Documents/GitHub/projects/mac-mcp/MacMCP/Tests/TestsWithMocks/ToolTests/ApplicationManagementToolTests.swift:677: error: -[TestsWithMocks.ApplicationManagementToolTests testGetFrontmostApplication] : XCTAssertTrue failed - Response should indicate success
/Users/jesse/Documents/GitHub/projects/mac-mcp/MacMCP/Tests/TestsWithMocks/ToolTests/ApplicationManagementToolTests.swift:678: error: -[TestsWithMocks.ApplicationManagementToolTests testGetFrontmostApplication] : XCTAssertTrue failed - Response should include bundle ID
/Users/jesse/Documents/GitHub/projects/mac-mcp/MacMCP/Tests/TestsWithMocks/ToolTests/ApplicationManagementToolTests.swift:682: error: -[TestsWithMocks.ApplicationManagementToolTests testGetFrontmostApplication] : XCTAssertTrue failed - Response should include app name
/Users/jesse/Documents/GitHub/projects/mac-mcp/MacMCP/Tests/TestsWithMocks/ToolTests/ApplicationManagementToolTests.swift:686: error: -[TestsWithMocks.ApplicationManagementToolTests testGetFrontmostApplication] : XCTAssertTrue failed - Response should include process ID
/Users/jesse/Documents/GitHub/projects/mac-mcp/MacMCP/Tests/TestsWithMocks/ToolTests/ApplicationManagementToolTests.swift:688: error: -[TestsWithMocks.ApplicationManagementToolTests testGetFrontmostApplication] : XCTAssertTrue failed - Response should include active status
/Users/jesse/Documents/GitHub/projects/mac-mcp/MacMCP/Tests/TestsWithMocks/ToolTests/ApplicationManagementToolTests.swift:690: error: -[TestsWithMocks.ApplicationManagementToolTests testGetFrontmostApplication] : XCTAssertTrue failed - Response should include finished launching status
Test Case '-[TestsWithMocks.ApplicationManagementToolTests testGetFrontmostApplication]' failed (0.004 seconds).
Test Case '-[TestsWithMocks.ApplicationManagementToolTests testGetRunningApplications]' started.
2025-05-19T13:07:11-0500 info test.application_management : [MacMCP] Handling getRunningApplications action
/Users/jesse/Documents/GitHub/projects/mac-mcp/MacMCP/Tests/TestsWithMocks/ToolTests/ApplicationManagementToolTests.swift:506: error: -[TestsWithMocks.ApplicationManagementToolTests testGetRunningApplications] : XCTAssertTrue failed - Response should indicate success
/Users/jesse/Documents/GitHub/projects/mac-mcp/MacMCP/Tests/TestsWithMocks/ToolTests/ApplicationManagementToolTests.swift:509: error: -[TestsWithMocks.ApplicationManagementToolTests testGetRunningApplications] : XCTAssertTrue failed - Response should include first app bundle ID
/Users/jesse/Documents/GitHub/projects/mac-mcp/MacMCP/Tests/TestsWithMocks/ToolTests/ApplicationManagementToolTests.swift:513: error: -[TestsWithMocks.ApplicationManagementToolTests testGetRunningApplications] : XCTAssertTrue failed - Response should include first app name
/Users/jesse/Documents/GitHub/projects/mac-mcp/MacMCP/Tests/TestsWithMocks/ToolTests/ApplicationManagementToolTests.swift:517: error: -[TestsWithMocks.ApplicationManagementToolTests testGetRunningApplications] : XCTAssertTrue failed - Response should include second app bundle ID
/Users/jesse/Documents/GitHub/projects/mac-mcp/MacMCP/Tests/TestsWithMocks/ToolTests/ApplicationManagementToolTests.swift:521: error: -[TestsWithMocks.ApplicationManagementToolTests testGetRunningApplications] : XCTAssertTrue failed - Response should include second app name
Test Case '-[TestsWithMocks.ApplicationManagementToolTests testGetRunningApplications]' failed (0.003 seconds).
Test Case '-[TestsWithMocks.ApplicationManagementToolTests testHideApplication]' started.
2025-05-19T13:07:11-0500 info test.application_management : params=action, bundleIdentifier [MacMCP] Handling hideApplication action
/Users/jesse/Documents/GitHub/projects/mac-mcp/MacMCP/Tests/TestsWithMocks/ToolTests/ApplicationManagementToolTests.swift:583: error: -[TestsWithMocks.ApplicationManagementToolTests testHideApplication] : XCTAssertTrue failed - Response should indicate success
/Users/jesse/Documents/GitHub/projects/mac-mcp/MacMCP/Tests/TestsWithMocks/ToolTests/ApplicationManagementToolTests.swift:584: error: -[TestsWithMocks.ApplicationManagementToolTests testHideApplication] : XCTAssertTrue failed - Response should include bundle ID
Test Case '-[TestsWithMocks.ApplicationManagementToolTests testHideApplication]' failed (0.001 seconds).
Test Case '-[TestsWithMocks.ApplicationManagementToolTests testHideOtherApplications]' started.
2025-05-19T13:07:11-0500 info test.application_management : params=bundleIdentifier, action [MacMCP] Handling hideOtherApplications action
/Users/jesse/Documents/GitHub/projects/mac-mcp/MacMCP/Tests/TestsWithMocks/ToolTests/ApplicationManagementToolTests.swift:646: error: -[TestsWithMocks.ApplicationManagementToolTests testHideOtherApplications] : XCTAssertTrue failed - Response should indicate success
/Users/jesse/Documents/GitHub/projects/mac-mcp/MacMCP/Tests/TestsWithMocks/ToolTests/ApplicationManagementToolTests.swift:647: error: -[TestsWithMocks.ApplicationManagementToolTests testHideOtherApplications] : XCTAssertTrue failed - Response should include except bundle ID
Test Case '-[TestsWithMocks.ApplicationManagementToolTests testHideOtherApplications]' failed (0.001 seconds).
Test Case '-[TestsWithMocks.ApplicationManagementToolTests testIsRunning]' started.
2025-05-19T13:07:11-0500 info test.application_management : params=action, bundleIdentifier [MacMCP] Handling isRunning action
/Users/jesse/Documents/GitHub/projects/mac-mcp/MacMCP/Tests/TestsWithMocks/ToolTests/ApplicationManagementToolTests.swift:473: error: -[TestsWithMocks.ApplicationManagementToolTests testIsRunning] : XCTAssertTrue failed - Response should indicate success
/Users/jesse/Documents/GitHub/projects/mac-mcp/MacMCP/Tests/TestsWithMocks/ToolTests/ApplicationManagementToolTests.swift:474: error: -[TestsWithMocks.ApplicationManagementToolTests testIsRunning] : XCTAssertTrue failed - Response should include bundle ID
/Users/jesse/Documents/GitHub/projects/mac-mcp/MacMCP/Tests/TestsWithMocks/ToolTests/ApplicationManagementToolTests.swift:478: error: -[TestsWithMocks.ApplicationManagementToolTests testIsRunning] : XCTAssertTrue failed - Response should include running status
Test Case '-[TestsWithMocks.ApplicationManagementToolTests testIsRunning]' failed (0.002 seconds).
Test Case '-[TestsWithMocks.ApplicationManagementToolTests testLaunchByApplicationName]' started.
2025-05-19T13:07:11-0500 info test.application_management : params=launchTimeout, applicationName, waitForLaunch, action [MacMCP] Handling launch action
/Users/jesse/Documents/GitHub/projects/mac-mcp/MacMCP/Tests/TestsWithMocks/ToolTests/ApplicationManagementToolTests.swift:376: error: -[TestsWithMocks.ApplicationManagementToolTests testLaunchByApplicationName] : XCTAssertTrue failed - Response should indicate success
Test Case '-[TestsWithMocks.ApplicationManagementToolTests testLaunchByApplicationName]' failed (0.001 seconds).
Test Case '-[TestsWithMocks.ApplicationManagementToolTests testLaunchByBundleIdentifier]' started.
2025-05-19T13:07:11-0500 info test.application_management : params=arguments, action, hideOthers, bundleIdentifier [MacMCP] Handling launch action
/Users/jesse/Documents/GitHub/projects/mac-mcp/MacMCP/Tests/TestsWithMocks/ToolTests/ApplicationManagementToolTests.swift:338: error: -[TestsWithMocks.ApplicationManagementToolTests testLaunchByBundleIdentifier] : XCTAssertTrue failed - Response should indicate success
/Users/jesse/Documents/GitHub/projects/mac-mcp/MacMCP/Tests/TestsWithMocks/ToolTests/ApplicationManagementToolTests.swift:339: error: -[TestsWithMocks.ApplicationManagementToolTests testLaunchByBundleIdentifier] : XCTAssertTrue failed - Response should include process ID
/Users/jesse/Documents/GitHub/projects/mac-mcp/MacMCP/Tests/TestsWithMocks/ToolTests/ApplicationManagementToolTests.swift:341: error: -[TestsWithMocks.ApplicationManagementToolTests testLaunchByBundleIdentifier] : XCTAssertTrue failed - Response should include bundle ID
Test Case '-[TestsWithMocks.ApplicationManagementToolTests testLaunchByBundleIdentifier]' failed (0.002 seconds).
Test Case '-[TestsWithMocks.ApplicationManagementToolTests testTerminate]' started.
2025-05-19T13:07:11-0500 info test.application_management : params=bundleIdentifier, action, terminateTimeout [MacMCP] Handling terminate action
/Users/jesse/Documents/GitHub/projects/mac-mcp/MacMCP/Tests/TestsWithMocks/ToolTests/ApplicationManagementToolTests.swift:406: error: -[TestsWithMocks.ApplicationManagementToolTests testTerminate] : XCTAssertTrue failed - Response should indicate success
/Users/jesse/Documents/GitHub/projects/mac-mcp/MacMCP/Tests/TestsWithMocks/ToolTests/ApplicationManagementToolTests.swift:407: error: -[TestsWithMocks.ApplicationManagementToolTests testTerminate] : XCTAssertTrue failed - Response should include bundle ID
Test Case '-[TestsWithMocks.ApplicationManagementToolTests testTerminate]' failed (0.001 seconds).
Test Case '-[TestsWithMocks.ApplicationManagementToolTests testUnhideApplication]' started.
2025-05-19T13:07:11-0500 info test.application_management : params=bundleIdentifier, action [MacMCP] Handling unhideApplication action
/Users/jesse/Documents/GitHub/projects/mac-mcp/MacMCP/Tests/TestsWithMocks/ToolTests/ApplicationManagementToolTests.swift:614: error: -[TestsWithMocks.ApplicationManagementToolTests testUnhideApplication] : XCTAssertTrue failed - Response should indicate success
/Users/jesse/Documents/GitHub/projects/mac-mcp/MacMCP/Tests/TestsWithMocks/ToolTests/ApplicationManagementToolTests.swift:615: error: -[TestsWithMocks.ApplicationManagementToolTests testUnhideApplication] : XCTAssertTrue failed - Response should include bundle ID
Test Case '-[TestsWithMocks.ApplicationManagementToolTests testUnhideApplication]' failed (0.001 seconds).
Test Case '-[TestsWithMocks.ApplicationManagementToolTests testValidationErrors]' started.
2025-05-19T13:07:11-0500 info test.application_management : params=action [MacMCP] Handling terminate action
2025-05-19T13:07:11-0500 info test.application_management : params=action [MacMCP] Handling launch action
Test Case '-[TestsWithMocks.ApplicationManagementToolTests testValidationErrors]' passed (0.001 seconds).
Test Suite 'ApplicationManagementToolTests' failed at 2025-05-19 13:07:11.102.
         Executed 14 tests, with 32 failures (0 unexpected) in 0.027 (0.028) seconds
Test Suite 'BasicArithmeticTest' started at 2025-05-19 13:07:11.102.
Test Case '-[TestsWithoutMocks.BasicArithmeticTest testKeyboardInput]' started.
Test Case '-[TestsWithoutMocks.BasicArithmeticTest testKeyboardInput]' passed (15.962 seconds).
Test Case '-[TestsWithoutMocks.BasicArithmeticTest testSequentialUIInteractions]' started.
2025-05-19T13:07:28-0500 info mcp.test.calculator : [MacMCP] Attempting detailed path resolution diagnosis...
2025-05-19T13:07:28-0500 info mcp.tool.ui_interact : appBundleId=com.apple.calculator [MacMCP] Using provided appBundleId alongside element path
2025-05-19T13:07:28-0500 warning mcp.tool.ui_interact : error=The operation couldn’t be completed. (MacMCP.ElementPathError error 6.) [MacMCP] Element path did not resolve, but will still attempt click operation
2025-05-19T13:07:28-0500 info mcp.tool.ui_interact.interaction : [MacMCP] Attempting detailed path resolution diagnosis...
2025-05-19T13:07:28-0500 error mcp.tool.ui_interact : code=1 domain=MacMCP.MacMCPErrorInfo error=Failed to find element with path: ui://AXApplication[@AXTitle="Calculator"]/AXWindow[@AXTitle="Calculator"]/AXGroup/AXSplitGroup/AXGroup/AXGroup/AXButton[@AXDescription="1"] [MacMCP] Click operation failed
2025-05-19T13:07:28-0500 error mcp.tool.ui_interact : code=1 domain=MacMCP.MacMCPErrorInfo error=Failed to find element with path: ui://AXApplication[@AXTitle="Calculator"]/AXWindow[@AXTitle="Calculator"]/AXGroup/AXSplitGroup/AXGroup/AXGroup/AXButton[@AXDescription="1"] info=[:] [MacMCP] UIInteractionTool.handler error
/Users/jesse/Documents/GitHub/projects/mac-mcp/MacMCP/Tests/TestsWithoutMocks/ApplicationTests/CalculatorTests/BasicArithmeticTest.swift:81: error: -[TestsWithoutMocks.BasicArithmeticTest testSequentialUIInteractions] : XCTAssertTrue failed - Should be able to enter a sequence of buttons
/Users/jesse/Documents/GitHub/projects/mac-mcp/MacMCP/Tests/TestsWithoutMocks/TestFramework/CalculatorTestHelper.swift:138: error: -[TestsWithoutMocks.BasicArithmeticTest testSequentialUIInteractions] : XCTAssertEqual failed: ("Optional("0")") is not equal to ("Optional("123")") - Display should show the entered sequence '123'
Test Case '-[TestsWithoutMocks.BasicArithmeticTest testSequentialUIInteractions]' failed (2.542 seconds).
Test Case '-[TestsWithoutMocks.BasicArithmeticTest testUIInspection]' started.
Test Case '-[TestsWithoutMocks.BasicArithmeticTest testUIInspection]' passed (2.799 seconds).
Test Suite 'BasicArithmeticTest' failed at 2025-05-19 13:07:32.405.
         Executed 3 tests, with 2 failures (0 unexpected) in 21.302 (21.303) seconds
Test Suite 'CalculatorSmokeTest' started at 2025-05-19 13:07:32.405.
Test Case '-[TestsWithoutMocks.CalculatorSmokeTest testBasicAddition]' started.
2025-05-19T13:07:34-0500 info mcp.test.calculator : [MacMCP] Attempting detailed path resolution diagnosis...
2025-05-19T13:07:34-0500 info mcp.tool.ui_interact : appBundleId=com.apple.calculator [MacMCP] Using provided appBundleId alongside element path
2025-05-19T13:07:34-0500 warning mcp.tool.ui_interact : error=The operation couldn’t be completed. (MacMCP.ElementPathError error 6.) [MacMCP] Element path did not resolve, but will still attempt click operation
2025-05-19T13:07:34-0500 info mcp.tool.ui_interact.interaction : [MacMCP] Attempting detailed path resolution diagnosis...
2025-05-19T13:07:34-0500 error mcp.tool.ui_interact : code=1 domain=MacMCP.MacMCPErrorInfo error=Failed to find element with path: ui://AXApplication[@AXTitle="Calculator"]/AXWindow[@AXTitle="Calculator"]/AXGroup/AXSplitGroup/AXGroup/AXGroup/AXButton[@AXDescription="3"] [MacMCP] Click operation failed
2025-05-19T13:07:34-0500 error mcp.tool.ui_interact : code=1 domain=MacMCP.MacMCPErrorInfo error=Failed to find element with path: ui://AXApplication[@AXTitle="Calculator"]/AXWindow[@AXTitle="Calculator"]/AXGroup/AXSplitGroup/AXGroup/AXGroup/AXButton[@AXDescription="3"] info=[:] [MacMCP] UIInteractionTool.handler error
/Users/jesse/Documents/GitHub/projects/mac-mcp/MacMCP/Tests/TestsWithoutMocks/ApplicationTests/CalculatorTests/CalculatorSmokeTest.swift:46: error: -[TestsWithoutMocks.CalculatorSmokeTest testBasicAddition] : XCTAssertTrue failed - Should be able to press '3' button
2025-05-19T13:07:34-0500 info mcp.test.calculator : [MacMCP] Attempting detailed path resolution diagnosis...
2025-05-19T13:07:34-0500 info mcp.tool.ui_interact : appBundleId=com.apple.calculator [MacMCP] Using provided appBundleId alongside element path
2025-05-19T13:07:34-0500 warning mcp.tool.ui_interact : error=The operation couldn’t be completed. (MacMCP.ElementPathError error 6.) [MacMCP] Element path did not resolve, but will still attempt click operation
2025-05-19T13:07:35-0500 info mcp.test.calculator : [MacMCP] Attempting detailed path resolution diagnosis...
2025-05-19T13:07:35-0500 info mcp.tool.ui_interact : appBundleId=com.apple.calculator [MacMCP] Using provided appBundleId alongside element path
2025-05-19T13:07:35-0500 warning mcp.tool.ui_interact : error=The operation couldn’t be completed. (MacMCP.ElementPathError error 6.) [MacMCP] Element path did not resolve, but will still attempt click operation
2025-05-19T13:07:35-0500 info mcp.tool.ui_interact.interaction : [MacMCP] Attempting detailed path resolution diagnosis...
2025-05-19T13:07:35-0500 error mcp.tool.ui_interact : code=1 domain=MacMCP.MacMCPErrorInfo error=Failed to find element with path: ui://AXApplication[@AXTitle="Calculator"]/AXWindow[@AXTitle="Calculator"]/AXGroup/AXSplitGroup/AXGroup/AXGroup/AXButton[@AXDescription="4"] [MacMCP] Click operation failed
2025-05-19T13:07:35-0500 error mcp.tool.ui_interact : code=1 domain=MacMCP.MacMCPErrorInfo error=Failed to find element with path: ui://AXApplication[@AXTitle="Calculator"]/AXWindow[@AXTitle="Calculator"]/AXGroup/AXSplitGroup/AXGroup/AXGroup/AXButton[@AXDescription="4"] info=[:] [MacMCP] UIInteractionTool.handler error
/Users/jesse/Documents/GitHub/projects/mac-mcp/MacMCP/Tests/TestsWithoutMocks/ApplicationTests/CalculatorTests/CalculatorSmokeTest.swift:52: error: -[TestsWithoutMocks.CalculatorSmokeTest testBasicAddition] : XCTAssertTrue failed - Should be able to press '4' button
2025-05-19T13:07:35-0500 info mcp.test.calculator : [MacMCP] Attempting detailed path resolution diagnosis...
2025-05-19T13:07:35-0500 info mcp.tool.ui_interact : appBundleId=com.apple.calculator [MacMCP] Using provided appBundleId alongside element path
2025-05-19T13:07:35-0500 warning mcp.tool.ui_interact : error=The operation couldn’t be completed. (MacMCP.ElementPathError error 6.) [MacMCP] Element path did not resolve, but will still attempt click operation
/Users/jesse/Documents/GitHub/projects/mac-mcp/MacMCP/Tests/TestsWithoutMocks/TestFramework/CalculatorTestHelper.swift:138: error: -[TestsWithoutMocks.CalculatorSmokeTest testBasicAddition] : XCTAssertEqual failed: ("Optional("0+")") is not equal to ("Optional("7")") - Display should show the result '7'
Test Case '-[TestsWithoutMocks.CalculatorSmokeTest testBasicAddition]' failed (4.589 seconds).
Test Case '-[TestsWithoutMocks.CalculatorSmokeTest testBasicButtonPressAndDisplayRead]' started.
2025-05-19T13:07:38-0500 info mcp.test.calculator : [MacMCP] Attempting detailed path resolution diagnosis...
2025-05-19T13:07:38-0500 info mcp.tool.ui_interact : appBundleId=com.apple.calculator [MacMCP] Using provided appBundleId alongside element path
Test Case '-[TestsWithoutMocks.CalculatorSmokeTest testBasicButtonPressAndDisplayRead]' passed (3.533 seconds).
Test Suite 'CalculatorSmokeTest' failed at 2025-05-19 13:07:40.527.
         Executed 2 tests, with 3 failures (0 unexpected) in 8.122 (8.122) seconds
Test Suite 'ClipboardManagementE2ETests' started at 2025-05-19 13:07:40.527.
Test Case '-[TestsWithoutMocks.ClipboardManagementE2ETests testFileOperations]' started.
Test Case '-[TestsWithoutMocks.ClipboardManagementE2ETests testFileOperations]' passed (0.003 seconds).
Test Case '-[TestsWithoutMocks.ClipboardManagementE2ETests testImageOperations]' started.
Test Case '-[TestsWithoutMocks.ClipboardManagementE2ETests testImageOperations]' passed (0.002 seconds).
Test Case '-[TestsWithoutMocks.ClipboardManagementE2ETests testInvalidImageData]' started.
/Users/jesse/Documents/GitHub/projects/mac-mcp/MacMCP/Tests/TestsWithoutMocks/ApplicationTests/ClipboardManagementE2ETests.swift:307: error: -[TestsWithoutMocks.ClipboardManagementE2ETests testInvalidImageData] : failed - Unexpected error: MacMCPErrorInfo(category: MacMCP.MacMCPErrorCategory.interaction, code: 3001, message: "Invalid base64 image data provided", context: ["errorCode": "INVALID_IMAGE_DATA"], underlyingError: nil)
Test Case '-[TestsWithoutMocks.ClipboardManagementE2ETests testInvalidImageData]' failed (0.001 seconds).
Test Case '-[TestsWithoutMocks.ClipboardManagementE2ETests testInvalidInputParameters]' started.
/Users/jesse/Documents/GitHub/projects/mac-mcp/MacMCP/Tests/TestsWithoutMocks/ApplicationTests/ClipboardManagementE2ETests.swift:188: error: -[TestsWithoutMocks.ClipboardManagementE2ETests testInvalidInputParameters] : XCTAssertTrue failed
/Users/jesse/Documents/GitHub/projects/mac-mcp/MacMCP/Tests/TestsWithoutMocks/ApplicationTests/ClipboardManagementE2ETests.swift:204: error: -[TestsWithoutMocks.ClipboardManagementE2ETests testInvalidInputParameters] : XCTAssertTrue failed
/Users/jesse/Documents/GitHub/projects/mac-mcp/MacMCP/Tests/TestsWithoutMocks/ApplicationTests/ClipboardManagementE2ETests.swift:220: error: -[TestsWithoutMocks.ClipboardManagementE2ETests testInvalidInputParameters] : XCTAssertTrue failed
/Users/jesse/Documents/GitHub/projects/mac-mcp/MacMCP/Tests/TestsWithoutMocks/ApplicationTests/ClipboardManagementE2ETests.swift:236: error: -[TestsWithoutMocks.ClipboardManagementE2ETests testInvalidInputParameters] : XCTAssertTrue failed
/Users/jesse/Documents/GitHub/projects/mac-mcp/MacMCP/Tests/TestsWithoutMocks/ApplicationTests/ClipboardManagementE2ETests.swift:252: error: -[TestsWithoutMocks.ClipboardManagementE2ETests testInvalidInputParameters] : XCTAssertTrue failed
Test Case '-[TestsWithoutMocks.ClipboardManagementE2ETests testInvalidInputParameters]' failed (0.001 seconds).
Test Case '-[TestsWithoutMocks.ClipboardManagementE2ETests testNonExistentFiles]' started.
/Users/jesse/Documents/GitHub/projects/mac-mcp/MacMCP/Tests/TestsWithoutMocks/ApplicationTests/ClipboardManagementE2ETests.swift:283: error: -[TestsWithoutMocks.ClipboardManagementE2ETests testNonExistentFiles] : failed - Unexpected error: MacMCPErrorInfo(category: MacMCP.MacMCPErrorCategory.interaction, code: 3001, message: "The following files were not found: non_existent_file_0AE4DC50-F9B3-4EAD-891A-299F9AF10BF3.txt", context: ["errorCode": "FILES_NOT_FOUND"], underlyingError: nil)
Test Case '-[TestsWithoutMocks.ClipboardManagementE2ETests testNonExistentFiles]' failed (0.001 seconds).
Test Case '-[TestsWithoutMocks.ClipboardManagementE2ETests testTextOperations]' started.
Test Case '-[TestsWithoutMocks.ClipboardManagementE2ETests testTextOperations]' passed (0.001 seconds).
Test Suite 'ClipboardManagementE2ETests' failed at 2025-05-19 13:07:40.536.
         Executed 6 tests, with 7 failures (0 unexpected) in 0.009 (0.010) seconds
Test Suite 'ClipboardManagementToolTests' started at 2025-05-19 13:07:40.536.
Test Case '-[TestsWithMocks.ClipboardManagementToolTests testClearError]' started.
Test Case '-[TestsWithMocks.ClipboardManagementToolTests testClearError]' passed (0.000 seconds).
Test Case '-[TestsWithMocks.ClipboardManagementToolTests testClear]' started.
Test Case '-[TestsWithMocks.ClipboardManagementToolTests testClear]' passed (0.102 seconds).
Test Case '-[TestsWithMocks.ClipboardManagementToolTests testExecuteWithInvalidAction]' started.
Test Case '-[TestsWithMocks.ClipboardManagementToolTests testExecuteWithInvalidAction]' passed (0.000 seconds).
Test Case '-[TestsWithMocks.ClipboardManagementToolTests testExecuteWithMissingAction]' started.
Test Case '-[TestsWithMocks.ClipboardManagementToolTests testExecuteWithMissingAction]' passed (0.000 seconds).
Test Case '-[TestsWithMocks.ClipboardManagementToolTests testGetFilesError]' started.
Test Case '-[TestsWithMocks.ClipboardManagementToolTests testGetFilesError]' passed (0.000 seconds).
Test Case '-[TestsWithMocks.ClipboardManagementToolTests testGetFiles]' started.
Test Case '-[TestsWithMocks.ClipboardManagementToolTests testGetFiles]' passed (0.000 seconds).
Test Case '-[TestsWithMocks.ClipboardManagementToolTests testGetImageError]' started.
Test Case '-[TestsWithMocks.ClipboardManagementToolTests testGetImageError]' passed (0.000 seconds).
Test Case '-[TestsWithMocks.ClipboardManagementToolTests testGetImage]' started.
Test Case '-[TestsWithMocks.ClipboardManagementToolTests testGetImage]' passed (0.000 seconds).
Test Case '-[TestsWithMocks.ClipboardManagementToolTests testGetInfoError]' started.
/Users/jesse/Documents/GitHub/projects/mac-mcp/MacMCP/Tests/TestsWithMocks/ToolTests/ClipboardManagementToolTests.swift:154: error: -[TestsWithMocks.ClipboardManagementToolTests testGetInfoError] : failed - Should have thrown an error
Test Case '-[TestsWithMocks.ClipboardManagementToolTests testGetInfoError]' failed (0.000 seconds).
Test Case '-[TestsWithMocks.ClipboardManagementToolTests testGetInfo]' started.
/Users/jesse/Documents/GitHub/projects/mac-mcp/MacMCP/Tests/TestsWithMocks/ToolTests/ClipboardManagementToolTests.swift:128: error: -[TestsWithMocks.ClipboardManagementToolTests testGetInfo] : XCTAssertEqual failed: ("0") is not equal to ("1") - getClipboardInfo() should be called exactly once
Test Case '-[TestsWithMocks.ClipboardManagementToolTests testGetInfo]' failed (0.000 seconds).
Test Case '-[TestsWithMocks.ClipboardManagementToolTests testGetTextError]' started.
Test Case '-[TestsWithMocks.ClipboardManagementToolTests testGetTextError]' passed (0.000 seconds).
Test Case '-[TestsWithMocks.ClipboardManagementToolTests testGetText]' started.
Test Case '-[TestsWithMocks.ClipboardManagementToolTests testGetText]' passed (0.000 seconds).
Test Case '-[TestsWithMocks.ClipboardManagementToolTests testInputSchema]' started.
Test Case '-[TestsWithMocks.ClipboardManagementToolTests testInputSchema]' passed (0.000 seconds).
Test Case '-[TestsWithMocks.ClipboardManagementToolTests testSetFilesEmptyArray]' started.
Test Case '-[TestsWithMocks.ClipboardManagementToolTests testSetFilesEmptyArray]' passed (0.000 seconds).
Test Case '-[TestsWithMocks.ClipboardManagementToolTests testSetFilesError]' started.
Test Case '-[TestsWithMocks.ClipboardManagementToolTests testSetFilesError]' passed (0.000 seconds).
Test Case '-[TestsWithMocks.ClipboardManagementToolTests testSetFilesMissingFilePaths]' started.
Test Case '-[TestsWithMocks.ClipboardManagementToolTests testSetFilesMissingFilePaths]' passed (0.000 seconds).
Test Case '-[TestsWithMocks.ClipboardManagementToolTests testSetFiles]' started.
Test Case '-[TestsWithMocks.ClipboardManagementToolTests testSetFiles]' passed (0.000 seconds).
Test Case '-[TestsWithMocks.ClipboardManagementToolTests testSetImageError]' started.
Test Case '-[TestsWithMocks.ClipboardManagementToolTests testSetImageError]' passed (0.000 seconds).
Test Case '-[TestsWithMocks.ClipboardManagementToolTests testSetImageMissingImageData]' started.
Test Case '-[TestsWithMocks.ClipboardManagementToolTests testSetImageMissingImageData]' passed (0.000 seconds).
Test Case '-[TestsWithMocks.ClipboardManagementToolTests testSetImage]' started.
Test Case '-[TestsWithMocks.ClipboardManagementToolTests testSetImage]' passed (0.000 seconds).
Test Case '-[TestsWithMocks.ClipboardManagementToolTests testSetTextError]' started.
Test Case '-[TestsWithMocks.ClipboardManagementToolTests testSetTextError]' passed (0.000 seconds).
Test Case '-[TestsWithMocks.ClipboardManagementToolTests testSetTextMissingText]' started.
Test Case '-[TestsWithMocks.ClipboardManagementToolTests testSetTextMissingText]' passed (0.000 seconds).
Test Case '-[TestsWithMocks.ClipboardManagementToolTests testSetText]' started.
Test Case '-[TestsWithMocks.ClipboardManagementToolTests testSetText]' passed (0.000 seconds).
Test Case '-[TestsWithMocks.ClipboardManagementToolTests testToolDescription]' started.
Test Case '-[TestsWithMocks.ClipboardManagementToolTests testToolDescription]' passed (0.000 seconds).
Test Case '-[TestsWithMocks.ClipboardManagementToolTests testToolName]' started.
Test Case '-[TestsWithMocks.ClipboardManagementToolTests testToolName]' passed (0.000 seconds).
Test Suite 'ClipboardManagementToolTests' failed at 2025-05-19 13:07:40.643.
         Executed 25 tests, with 2 failures (0 unexpected) in 0.106 (0.107) seconds
Test Suite 'ElementPathFilteringTests' started at 2025-05-19 13:07:40.643.
Test Case '-[TestsWithoutMocks.ElementPathFilteringTests testAttributeFilteringFullPaths]' started.
Termination result: {
    "success": true,
    "bundleIdentifier": "com.apple.TextEdit"
}
Launch result: {
    "success": true,
    "processIdentifier": 49375,
    "bundleIdentifier": "com.apple.TextEdit",
    "applicationName": "TextEdit"
}
Frontmost app before switch: com.apple.TextEdit
Activation result: {
    "success": true,
    "bundleIdentifier": "com.apple.finder"
}
Frontmost app after switch to Finder: com.apple.finder
Activation result: {
    "success": true,
    "bundleIdentifier": "com.apple.TextEdit"
}
Frontmost app after switch back to TextEdit: com.apple.TextEdit
Window management result: [
  {
    "frame" : {
      "height" : 48,
      "width" : 53,
      "x" : 174,
      "y" : 209
    },
    "id" : "ui:\/\/AXApplication[@AXTitle=\"TextEdit\"][@bundleIdentifier=\"com.apple.TextEdit\"]\/AXWindow",
    "isMain" : false,
    "isMinimized" : false,
    "isVisible" : true,
    "name" : "TextEdit Window",
    "title" : ""
  },
  {
    "frame" : {
      "height" : 476,
      "width" : 586,
      "x" : 210,
      "y" : 138
    },
    "id" : "ui:\/\/AXApplication[@AXTitle=\"TextEdit\"][@bundleIdentifier=\"com.apple.TextEdit\"]\/AXWindow[@AXTitle=\"Untitled 27.rtf\"]",
    "isMain" : false,
    "isMinimized" : false,
    "isVisible" : true,
    "name" : "Untitled 27.rtf",
    "title" : "Untitled 27.rtf"
  }
]
TextEdit window count: 2
Termination result: {
    "success": true,
    "bundleIdentifier": "com.apple.TextEdit"
}
Accessibility permissions status: true
Calculator is running:
- PID: 39475
- Name: Calculator
- Bundle ID: com.apple.calculator
- Is active: false
- Is hidden: false
AX API direct check result: Success
AX Role: AXApplication
AX Title: Calculator

=== TEST: Lookup by bundleId and title (bundleId first) ===
Path: ui://AXApplication[@bundleIdentifier="com.apple.calculator"][@AXTitle="Calculator"]
❌ FAILED: Lookup by bundleId and title (bundleId first) failed with error: Application not found: com.apple.calculator. Application with bundleIdentifier 'com.apple.calculator' is not running. Running applications are:
1. loginwindow (bundleIdentifier: com.apple.loginwindow)
2. ViewBridgeAuxiliary (bundleIdentifier: com.apple.ViewBridgeAuxiliary)
3. universalaccessd
4. CoreServicesUIAgent (bundleIdentifier: com.apple.coreservices.uiagent)
5. WindowManager (bundleIdentifier: com.apple.WindowManager)
6. talagentd (bundleIdentifier: com.apple.talagent)
7. SystemUIServer (bundleIdentifier: com.apple.systemuiserver)
8. Dock (bundleIdentifier: com.apple.dock)
9. Control Center (bundleIdentifier: com.apple.controlcenter)
10. CoreLocationAgent (bundleIdentifier: com.apple.CoreLocationAgent)
...and 172 more applications

=== TEST: Lookup by bundleId only ===
Path: ui://AXApplication[@bundleIdentifier="com.apple.calculator"]
✅ SUCCESS: Application lookup succeeded in 0.020 seconds.
Application: Calculator (Bundle ID: com.apple.calculator)

=== TEST: Lookup by bundleId only (with foreground) ===
Path: ui://AXApplication[@bundleIdentifier="com.apple.calculator"]
Bringing Calculator to foreground first...
✅ SUCCESS: Application lookup succeeded in 0.001 seconds.
Application title: Calculator
Application: Calculator (Bundle ID: com.apple.calculator)

=== TEST: Lookup by title and bundleId (title first) ===
Path: ui://AXApplication[@AXTitle="Calculator"][@bundleIdentifier="com.apple.calculator"]
✅ SUCCESS: Application lookup succeeded in 0.002 seconds.
Application title: Calculator
Application: Calculator (Bundle ID: com.apple.calculator)

=== TEST: Lookup by title only ===
Path: ui://AXApplication[@AXTitle="Calculator"]
✅ SUCCESS: Application lookup succeeded in 0.022 seconds.
Application title: Finder
Application: Finder (Bundle ID: com.apple.finder)

=== TEST: Lookup by title only (with foreground) ===
Path: ui://AXApplication[@AXTitle="Calculator"]
Bringing Calculator to foreground first...
✅ SUCCESS: Application lookup succeeded in 0.003 seconds.
Application title: Finder
Application: Finder (Bundle ID: com.apple.finder)

=== TEST: Lookup by title and AX-prefixed bundleId ===
Path: ui://AXApplication[@AXTitle="Calculator"][@AXbundleIdentifier="com.apple.calculator"]
❌ FAILED: Lookup by title and AX-prefixed bundleId failed with error: Application not found: com.apple.calculator. Application with bundleIdentifier 'com.apple.calculator' is not running. Running applications are:
1. loginwindow (bundleIdentifier: com.apple.loginwindow)
2. ViewBridgeAuxiliary (bundleIdentifier: com.apple.ViewBridgeAuxiliary)
3. universalaccessd
4. CoreServicesUIAgent (bundleIdentifier: com.apple.coreservices.uiagent)
5. WindowManager (bundleIdentifier: com.apple.WindowManager)
6. talagentd (bundleIdentifier: com.apple.talagent)
7. SystemUIServer (bundleIdentifier: com.apple.systemuiserver)
8. Dock (bundleIdentifier: com.apple.dock)
9. Control Center (bundleIdentifier: com.apple.controlcenter)
10. CoreLocationAgent (bundleIdentifier: com.apple.CoreLocationAgent)
...and 171 more applications
Hide operation result: {
    "success": true,
    "bundleIdentifier": "com.apple.calculator"
}
2025-05-19T13:07:40-0500 info mcp.test.element_path_filtering.console : [TestsWithoutMocks] Initialized logging to file: /var/folders/43/prgnkdr95317fd_zbljq8thm0000gn/T/ElementPathFilteringTests-2025-05-19T18-07-40Z.log
2025-05-19T13:07:40-0500 info mcp.test.element_path_filtering.console : [TestsWithoutMocks] Set MCP_LOG_LEVEL=trace for enhanced logging
2025-05-19T13:07:40-0500 info mcp.test.element_path_filtering.console : [TestsWithoutMocks] Set MCP_PATH_RESOLUTION_DEBUG=true for path resolution diagnostics
2025-05-19T13:07:40-0500 info mcp.test.element_path_filtering.console : [TestsWithoutMocks] Set MCP_ATTRIBUTE_MATCHING_DEBUG=true for attribute matching diagnostics
2025-05-19T13:07:40-0500 info mcp.test.element_path_filtering.console : [TestsWithoutMocks] Set MCP_FULL_HIERARCHY_DEBUG=true for full hierarchy diagnostics
2025-05-19T13:07:40-0500 info mcp.test.element_path_filtering.console : [TestsWithoutMocks] Created accessibility tree diagnostic log at: /var/folders/43/prgnkdr95317fd_zbljq8thm0000gn/T/ElementPathFilteringTests-accessibility-2025-05-19T18-07-40Z.log
2025-05-19T13:07:40-0500 info mcp.test.element_path_filtering.console : [TestsWithoutMocks] ====== TEST SETUP STARTED ======
2025-05-19T13:07:40-0500 info mcp.test.element_path_filtering.console : [TestsWithoutMocks] Found UIInteractionService logger: Logger(_storage: Logging.Logger.Storage)
2025-05-19T13:07:40-0500 info mcp.test.element_path_filtering.console : [TestsWithoutMocks] Set MCP_LOG_LEVEL=trace for enhanced logging
2025-05-19T13:07:40-0500 info mcp.test.element_path_filtering.console : [TestsWithoutMocks] Set MCP_PATH_RESOLUTION_DEBUG=true for path resolution diagnostics
2025-05-19T13:07:40-0500 info mcp.test.element_path_filtering.console : [TestsWithoutMocks] Set MCP_ATTRIBUTE_MATCHING_DEBUG=true for attribute matching diagnostics
2025-05-19T13:07:40-0500 info mcp.test.element_path_filtering.console : [TestsWithoutMocks] Set MCP_FULL_HIERARCHY_DEBUG=true for full hierarchy diagnostics
2025-05-19T13:07:40-0500 info mcp.test.element_path_filtering.console : [TestsWithoutMocks] Terminating any existing Calculator instances
2025-05-19T13:07:40-0500 info mcp.test.element_path_filtering.console : [TestsWithoutMocks] Found 1 instances of com.apple.calculator to terminate
2025-05-19T13:07:40-0500 info mcp.test.element_path_filtering.console : [TestsWithoutMocks] Force termination result for com.apple.calculator: true
2025-05-19T13:07:40-0500 info mcp.test.element_path_filtering.console : [TestsWithoutMocks] Waiting for termination to complete
2025-05-19T13:07:41-0500 info mcp.test.element_path_filtering.console : [TestsWithoutMocks] Launching Calculator...
2025-05-19T13:07:41-0500 info mcp.test.calculator : params=action, bundleIdentifier [MacMCP] Handling launch action
2025-05-19T13:07:41-0500 info mcp.test.element_path_filtering.console : [TestsWithoutMocks] Launch result: [MCP.Tool.Content.text("{\n    \"success\": true,\n    \"processIdentifier\": 49458,\n    \"bundleIdentifier\": \"com.apple.calculator\",\n    \"applicationName\": \"Calculator\"\n}")]
2025-05-19T13:07:41-0500 info mcp.test.element_path_filtering.console : [TestsWithoutMocks] Waiting for app to launch...
2025-05-19T13:07:44-0500 info mcp.test.element_path_filtering.console : [TestsWithoutMocks] Calculator running status: true
2025-05-19T13:07:44-0500 info mcp.test.element_path_filtering.console : [TestsWithoutMocks] Activating Calculator...
2025-05-19T13:07:44-0500 info mcp.test.element_path_filtering.console : [TestsWithoutMocks] Activation result: true
2025-05-19T13:07:45-0500 info mcp.test.element_path_filtering.console : [TestsWithoutMocks] Setup complete - Calculator should be running
2025-05-19T13:07:45-0500 info mcp.test.element_path_filtering.console : [TestsWithoutMocks] Running InterfaceExplorerTool with request: ["scope": application, "filter": ["description": 3], "maxDepth": 10, "bundleId": com.apple.calculator]
2025-05-19T13:07:46-0500 info mcp.test.element_path_filtering.console : [TestsWithoutMocks] Got response with 1 items
2025-05-19T13:07:46-0500 info mcp.test.element_path_filtering.console : [TestsWithoutMocks] Response text length: 687 characters
2025-05-19T13:07:46-0500 info mcp.test.element_path_filtering.console : [TestsWithoutMocks] Response preview: [
  {
    "actions" : [
      "AXPress"
    ],
    "attributes" : {
      "application" : "Calculator",
      "enabled" : "true",
      "focused" : "false"
    },
    "capabilities" : [
      "clickab...
2025-05-19T13:07:46-0500 info mcp.test.element_path_filtering.console : [TestsWithoutMocks] Found 1 descriptors in response
2025-05-19T13:07:46-0500 info mcp.test.element_path_filtering.console : [TestsWithoutMocks] Descriptor 0: AXButton - 3
2025-05-19T13:07:46-0500 info mcp.test.element_path_filtering.console : [TestsWithoutMocks] Element path: ui://AXApplication[@AXTitle="Calculator"][@bundleIdentifier="com.apple.calculator"]/AXWindow[@AXTitle="Calculator"]/AXGroup/AXSplitGroup/AXGroup/AXGroup/AXButton[@AXDescription="3"]
2025-05-19T13:07:46-0500 info mcp.test.element_path_filtering.console : [TestsWithoutMocks] Attempting to click element at path: ui://AXApplication[@AXTitle="Calculator"][@bundleIdentifier="com.apple.calculator"]/AXWindow[@AXTitle="Calculator"]/AXGroup/AXSplitGroup/AXGroup/AXGroup/AXButton[@AXDescription="3"]
2025-05-19T13:07:47-0500 info mcp.test.element_path_filtering.console : [TestsWithoutMocks] Click appears to have succeeded
2025-05-19T13:07:47-0500 info mcp.test.element_path_filtering.console : [TestsWithoutMocks] ====== TEST TEARDOWN STARTED ======
2025-05-19T13:07:47-0500 info mcp.test.element_path_filtering.console : [TestsWithoutMocks] Terminating Calculator
2025-05-19T13:07:47-0500 info mcp.test.element_path_filtering.console : [TestsWithoutMocks] Found 1 instances of com.apple.calculator to terminate
2025-05-19T13:07:47-0500 info mcp.test.element_path_filtering.console : [TestsWithoutMocks] Force termination result for com.apple.calculator: true
2025-05-19T13:07:47-0500 info mcp.test.element_path_filtering.console : [TestsWithoutMocks] Waiting for termination to complete
2025-05-19T13:07:48-0500 info mcp.test.element_path_filtering.console : [TestsWithoutMocks] Removed toolChain
2025-05-19T13:07:48-0500 info mcp.test.element_path_filtering.console : [TestsWithoutMocks] Test log available at: /var/folders/43/prgnkdr95317fd_zbljq8thm0000gn/T/ElementPathFilteringTests-2025-05-19T18-07-40Z.log
For detailed debug info, check the log file at: /var/folders/43/prgnkdr95317fd_zbljq8thm0000gn/T/ElementPathFilteringTests-2025-05-19T18-07-40Z.log
2025-05-19T13:07:48-0500 info mcp.test.element_path_filtering.console : [TestsWithoutMocks] Accessibility diagnostic log available at: /var/folders/43/prgnkdr95317fd_zbljq8thm0000gn/T/ElementPathFilteringTests-accessibility-2025-05-19T18-07-40Z.log
2025-05-19T13:07:48-0500 info mcp.test.element_path_filtering.console : [TestsWithoutMocks] ====== TEST TEARDOWN COMPLETE ======
Test Case '-[TestsWithoutMocks.ElementPathFilteringTests testAttributeFilteringFullPaths]' passed (7.724 seconds).
Test Case '-[TestsWithoutMocks.ElementPathFilteringTests testCombinedFilteringFullPaths]' started.
2025-05-19T13:07:48-0500 info mcp.test.element_path_filtering.console : [TestsWithoutMocks] Initialized logging to file: /var/folders/43/prgnkdr95317fd_zbljq8thm0000gn/T/ElementPathFilteringTests-2025-05-19T18-07-48Z.log
2025-05-19T13:07:48-0500 info mcp.test.element_path_filtering.console : [TestsWithoutMocks] Set MCP_LOG_LEVEL=trace for enhanced logging
2025-05-19T13:07:48-0500 info mcp.test.element_path_filtering.console : [TestsWithoutMocks] Set MCP_PATH_RESOLUTION_DEBUG=true for path resolution diagnostics
2025-05-19T13:07:48-0500 info mcp.test.element_path_filtering.console : [TestsWithoutMocks] Set MCP_ATTRIBUTE_MATCHING_DEBUG=true for attribute matching diagnostics
2025-05-19T13:07:48-0500 info mcp.test.element_path_filtering.console : [TestsWithoutMocks] Set MCP_FULL_HIERARCHY_DEBUG=true for full hierarchy diagnostics
2025-05-19T13:07:48-0500 info mcp.test.element_path_filtering.console : [TestsWithoutMocks] Created accessibility tree diagnostic log at: /var/folders/43/prgnkdr95317fd_zbljq8thm0000gn/T/ElementPathFilteringTests-accessibility-2025-05-19T18-07-48Z.log
2025-05-19T13:07:48-0500 info mcp.test.element_path_filtering.console : [TestsWithoutMocks] ====== TEST SETUP STARTED ======
2025-05-19T13:07:48-0500 info mcp.test.element_path_filtering.console : [TestsWithoutMocks] Found UIInteractionService logger: Logger(_storage: Logging.Logger.Storage)
2025-05-19T13:07:48-0500 info mcp.test.element_path_filtering.console : [TestsWithoutMocks] Set MCP_LOG_LEVEL=trace for enhanced logging
2025-05-19T13:07:48-0500 info mcp.test.element_path_filtering.console : [TestsWithoutMocks] Set MCP_PATH_RESOLUTION_DEBUG=true for path resolution diagnostics
2025-05-19T13:07:48-0500 info mcp.test.element_path_filtering.console : [TestsWithoutMocks] Set MCP_ATTRIBUTE_MATCHING_DEBUG=true for attribute matching diagnostics
2025-05-19T13:07:48-0500 info mcp.test.element_path_filtering.console : [TestsWithoutMocks] Set MCP_FULL_HIERARCHY_DEBUG=true for full hierarchy diagnostics
2025-05-19T13:07:48-0500 info mcp.test.element_path_filtering.console : [TestsWithoutMocks] Terminating any existing Calculator instances
2025-05-19T13:07:48-0500 info mcp.test.element_path_filtering.console : [TestsWithoutMocks] Found 0 instances of com.apple.calculator to terminate
2025-05-19T13:07:48-0500 info mcp.test.element_path_filtering.console : [TestsWithoutMocks] Waiting for termination to complete
2025-05-19T13:07:49-0500 info mcp.test.element_path_filtering.console : [TestsWithoutMocks] Launching Calculator...
2025-05-19T13:07:49-0500 info mcp.test.calculator : params=bundleIdentifier, action [MacMCP] Handling launch action
2025-05-19T13:07:49-0500 info mcp.test.element_path_filtering.console : [TestsWithoutMocks] Launch result: [MCP.Tool.Content.text("{\n    \"success\": true,\n    \"processIdentifier\": 49460,\n    \"bundleIdentifier\": \"com.apple.calculator\",\n    \"applicationName\": \"Calculator\"\n}")]
2025-05-19T13:07:49-0500 info mcp.test.element_path_filtering.console : [TestsWithoutMocks] Waiting for app to launch...
2025-05-19T13:07:52-0500 info mcp.test.element_path_filtering.console : [TestsWithoutMocks] Calculator running status: true
2025-05-19T13:07:52-0500 info mcp.test.element_path_filtering.console : [TestsWithoutMocks] Activating Calculator...
2025-05-19T13:07:52-0500 info mcp.test.element_path_filtering.console : [TestsWithoutMocks] Activation result: true
2025-05-19T13:07:53-0500 info mcp.test.element_path_filtering.console : [TestsWithoutMocks] Setup complete - Calculator should be running
2025-05-19T13:07:53-0500 info mcp.test.element_path_filtering.console : [TestsWithoutMocks] Running InterfaceExplorerTool with request: ["bundleId": com.apple.calculator, "scope": application, "filter": ["description": 4], "maxDepth": 10, "elementTypes": [button]]
2025-05-19T13:07:53-0500 info mcp.test.element_path_filtering.console : [TestsWithoutMocks] Got response with 1 items
2025-05-19T13:07:53-0500 info mcp.test.element_path_filtering.console : [TestsWithoutMocks] Response text length: 687 characters
2025-05-19T13:07:53-0500 info mcp.test.element_path_filtering.console : [TestsWithoutMocks] Response preview: [
  {
    "actions" : [
      "AXPress"
    ],
    "attributes" : {
      "application" : "Calculator",
      "enabled" : "true",
      "focused" : "false"
    },
    "capabilities" : [
      "clickab...
2025-05-19T13:07:53-0500 info mcp.test.element_path_filtering.console : [TestsWithoutMocks] Found 1 descriptors in response
2025-05-19T13:07:53-0500 info mcp.test.element_path_filtering.console : [TestsWithoutMocks] Descriptor 0: AXButton - 4
2025-05-19T13:07:53-0500 info mcp.test.element_path_filtering.console : [TestsWithoutMocks] Element path: ui://AXApplication[@AXTitle="Calculator"][@bundleIdentifier="com.apple.calculator"]/AXWindow[@AXTitle="Calculator"]/AXGroup/AXSplitGroup/AXGroup/AXGroup/AXButton[@AXDescription="4"]
2025-05-19T13:07:53-0500 info mcp.test.element_path_filtering.console : [TestsWithoutMocks] Attempting to click element at path: ui://AXApplication[@AXTitle="Calculator"][@bundleIdentifier="com.apple.calculator"]/AXWindow[@AXTitle="Calculator"]/AXGroup/AXSplitGroup/AXGroup/AXGroup/AXButton[@AXDescription="4"]
2025-05-19T13:07:55-0500 info mcp.test.element_path_filtering.console : [TestsWithoutMocks] Click appears to have succeeded
2025-05-19T13:07:55-0500 info mcp.test.element_path_filtering.console : [TestsWithoutMocks] ====== TEST TEARDOWN STARTED ======
2025-05-19T13:07:55-0500 info mcp.test.element_path_filtering.console : [TestsWithoutMocks] Terminating Calculator
2025-05-19T13:07:55-0500 info mcp.test.element_path_filtering.console : [TestsWithoutMocks] Found 1 instances of com.apple.calculator to terminate
2025-05-19T13:07:55-0500 info mcp.test.element_path_filtering.console : [TestsWithoutMocks] Force termination result for com.apple.calculator: true
2025-05-19T13:07:55-0500 info mcp.test.element_path_filtering.console : [TestsWithoutMocks] Waiting for termination to complete
2025-05-19T13:07:56-0500 info mcp.test.element_path_filtering.console : [TestsWithoutMocks] Removed toolChain
2025-05-19T13:07:56-0500 info mcp.test.element_path_filtering.console : [TestsWithoutMocks] Test log available at: /var/folders/43/prgnkdr95317fd_zbljq8thm0000gn/T/ElementPathFilteringTests-2025-05-19T18-07-48Z.log
For detailed debug info, check the log file at: /var/folders/43/prgnkdr95317fd_zbljq8thm0000gn/T/ElementPathFilteringTests-2025-05-19T18-07-48Z.log
2025-05-19T13:07:56-0500 info mcp.test.element_path_filtering.console : [TestsWithoutMocks] Accessibility diagnostic log available at: /var/folders/43/prgnkdr95317fd_zbljq8thm0000gn/T/ElementPathFilteringTests-accessibility-2025-05-19T18-07-48Z.log
2025-05-19T13:07:56-0500 info mcp.test.element_path_filtering.console : [TestsWithoutMocks] ====== TEST TEARDOWN COMPLETE ======
Test Case '-[TestsWithoutMocks.ElementPathFilteringTests testCombinedFilteringFullPaths]' passed (7.722 seconds).
Test Case '-[TestsWithoutMocks.ElementPathFilteringTests testElementTypeFilteringFullPaths]' started.
2025-05-19T13:07:56-0500 info mcp.test.element_path_filtering.console : [TestsWithoutMocks] Initialized logging to file: /var/folders/43/prgnkdr95317fd_zbljq8thm0000gn/T/ElementPathFilteringTests-2025-05-19T18-07-56Z.log
2025-05-19T13:07:56-0500 info mcp.test.element_path_filtering.console : [TestsWithoutMocks] Set MCP_LOG_LEVEL=trace for enhanced logging
2025-05-19T13:07:56-0500 info mcp.test.element_path_filtering.console : [TestsWithoutMocks] Set MCP_PATH_RESOLUTION_DEBUG=true for path resolution diagnostics
2025-05-19T13:07:56-0500 info mcp.test.element_path_filtering.console : [TestsWithoutMocks] Set MCP_ATTRIBUTE_MATCHING_DEBUG=true for attribute matching diagnostics
2025-05-19T13:07:56-0500 info mcp.test.element_path_filtering.console : [TestsWithoutMocks] Set MCP_FULL_HIERARCHY_DEBUG=true for full hierarchy diagnostics
2025-05-19T13:07:56-0500 info mcp.test.element_path_filtering.console : [TestsWithoutMocks] Created accessibility tree diagnostic log at: /var/folders/43/prgnkdr95317fd_zbljq8thm0000gn/T/ElementPathFilteringTests-accessibility-2025-05-19T18-07-56Z.log
2025-05-19T13:07:56-0500 info mcp.test.element_path_filtering.console : [TestsWithoutMocks] ====== TEST SETUP STARTED ======
2025-05-19T13:07:56-0500 info mcp.test.element_path_filtering.console : [TestsWithoutMocks] Found UIInteractionService logger: Logger(_storage: Logging.Logger.Storage)
2025-05-19T13:07:56-0500 info mcp.test.element_path_filtering.console : [TestsWithoutMocks] Set MCP_LOG_LEVEL=trace for enhanced logging
2025-05-19T13:07:56-0500 info mcp.test.element_path_filtering.console : [TestsWithoutMocks] Set MCP_PATH_RESOLUTION_DEBUG=true for path resolution diagnostics
2025-05-19T13:07:56-0500 info mcp.test.element_path_filtering.console : [TestsWithoutMocks] Set MCP_ATTRIBUTE_MATCHING_DEBUG=true for attribute matching diagnostics
2025-05-19T13:07:56-0500 info mcp.test.element_path_filtering.console : [TestsWithoutMocks] Set MCP_FULL_HIERARCHY_DEBUG=true for full hierarchy diagnostics
2025-05-19T13:07:56-0500 info mcp.test.element_path_filtering.console : [TestsWithoutMocks] Terminating any existing Calculator instances
2025-05-19T13:07:56-0500 info mcp.test.element_path_filtering.console : [TestsWithoutMocks] Found 0 instances of com.apple.calculator to terminate
2025-05-19T13:07:56-0500 info mcp.test.element_path_filtering.console : [TestsWithoutMocks] Waiting for termination to complete
2025-05-19T13:07:57-0500 info mcp.test.element_path_filtering.console : [TestsWithoutMocks] Launching Calculator...
2025-05-19T13:07:57-0500 info mcp.test.calculator : params=action, bundleIdentifier [MacMCP] Handling launch action
2025-05-19T13:07:57-0500 info mcp.test.element_path_filtering.console : [TestsWithoutMocks] Launch result: [MCP.Tool.Content.text("{\n    \"success\": true,\n    \"processIdentifier\": 49462,\n    \"bundleIdentifier\": \"com.apple.calculator\",\n    \"applicationName\": \"Calculator\"\n}")]
2025-05-19T13:07:57-0500 info mcp.test.element_path_filtering.console : [TestsWithoutMocks] Waiting for app to launch...
2025-05-19T13:08:00-0500 info mcp.test.element_path_filtering.console : [TestsWithoutMocks] Calculator running status: true
2025-05-19T13:08:00-0500 info mcp.test.element_path_filtering.console : [TestsWithoutMocks] Activating Calculator...
2025-05-19T13:08:00-0500 info mcp.test.element_path_filtering.console : [TestsWithoutMocks] Activation result: true
2025-05-19T13:08:01-0500 info mcp.test.element_path_filtering.console : [TestsWithoutMocks] Setup complete - Calculator should be running
2025-05-19T13:08:01-0500 info mcp.test.element_path_filtering.console : [TestsWithoutMocks] Running InterfaceExplorerTool with request: ["bundleId": com.apple.calculator, "maxDepth": 10, "elementTypes": [button], "filter": ["description": 2], "scope": application]
2025-05-19T13:08:01-0500 info mcp.test.element_path_filtering.console : [TestsWithoutMocks] Got response with 1 items
2025-05-19T13:08:01-0500 info mcp.test.element_path_filtering.console : [TestsWithoutMocks] Response text length: 687 characters
2025-05-19T13:08:01-0500 info mcp.test.element_path_filtering.console : [TestsWithoutMocks] Response preview: [
  {
    "actions" : [
      "AXPress"
    ],
    "attributes" : {
      "application" : "Calculator",
      "enabled" : "true",
      "focused" : "false"
    },
    "capabilities" : [
      "clickab...
2025-05-19T13:08:01-0500 info mcp.test.element_path_filtering.console : [TestsWithoutMocks] Found 1 descriptors in response
2025-05-19T13:08:01-0500 info mcp.test.element_path_filtering.console : [TestsWithoutMocks] Descriptor 0: AXButton - 2
2025-05-19T13:08:01-0500 info mcp.test.element_path_filtering.console : [TestsWithoutMocks] Element path: ui://AXApplication[@AXTitle="Calculator"][@bundleIdentifier="com.apple.calculator"]/AXWindow[@AXTitle="Calculator"]/AXGroup/AXSplitGroup/AXGroup/AXGroup/AXButton[@AXDescription="2"]
2025-05-19T13:08:01-0500 info mcp.test.element_path_filtering.console : [TestsWithoutMocks] Attempting to click element at path: ui://AXApplication[@AXTitle="Calculator"][@bundleIdentifier="com.apple.calculator"]/AXWindow[@AXTitle="Calculator"]/AXGroup/AXSplitGroup/AXGroup/AXGroup/AXButton[@AXDescription="2"]
2025-05-19T13:08:02-0500 info mcp.test.element_path_filtering.console : [TestsWithoutMocks] Click appears to have succeeded
2025-05-19T13:08:02-0500 info mcp.test.element_path_filtering.console : [TestsWithoutMocks] ====== TEST TEARDOWN STARTED ======
2025-05-19T13:08:02-0500 info mcp.test.element_path_filtering.console : [TestsWithoutMocks] Terminating Calculator
2025-05-19T13:08:02-0500 info mcp.test.element_path_filtering.console : [TestsWithoutMocks] Found 1 instances of com.apple.calculator to terminate
2025-05-19T13:08:02-0500 info mcp.test.element_path_filtering.console : [TestsWithoutMocks] Force termination result for com.apple.calculator: true
2025-05-19T13:08:02-0500 info mcp.test.element_path_filtering.console : [TestsWithoutMocks] Waiting for termination to complete
2025-05-19T13:08:03-0500 info mcp.test.element_path_filtering.console : [TestsWithoutMocks] Removed toolChain
2025-05-19T13:08:03-0500 info mcp.test.element_path_filtering.console : [TestsWithoutMocks] Test log available at: /var/folders/43/prgnkdr95317fd_zbljq8thm0000gn/T/ElementPathFilteringTests-2025-05-19T18-07-56Z.log
For detailed debug info, check the log file at: /var/folders/43/prgnkdr95317fd_zbljq8thm0000gn/T/ElementPathFilteringTests-2025-05-19T18-07-56Z.log
2025-05-19T13:08:03-0500 info mcp.test.element_path_filtering.console : [TestsWithoutMocks] Accessibility diagnostic log available at: /var/folders/43/prgnkdr95317fd_zbljq8thm0000gn/T/ElementPathFilteringTests-accessibility-2025-05-19T18-07-56Z.log
2025-05-19T13:08:03-0500 info mcp.test.element_path_filtering.console : [TestsWithoutMocks] ====== TEST TEARDOWN COMPLETE ======
Test Case '-[TestsWithoutMocks.ElementPathFilteringTests testElementTypeFilteringFullPaths]' passed (7.782 seconds).
Test Case '-[TestsWithoutMocks.ElementPathFilteringTests testRoleFilteringFullPaths]' started.
2025-05-19T13:08:03-0500 info mcp.test.element_path_filtering.console : [TestsWithoutMocks] Initialized logging to file: /var/folders/43/prgnkdr95317fd_zbljq8thm0000gn/T/ElementPathFilteringTests-2025-05-19T18-08-03Z.log
2025-05-19T13:08:03-0500 info mcp.test.element_path_filtering.console : [TestsWithoutMocks] Set MCP_LOG_LEVEL=trace for enhanced logging
2025-05-19T13:08:03-0500 info mcp.test.element_path_filtering.console : [TestsWithoutMocks] Set MCP_PATH_RESOLUTION_DEBUG=true for path resolution diagnostics
2025-05-19T13:08:03-0500 info mcp.test.element_path_filtering.console : [TestsWithoutMocks] Set MCP_ATTRIBUTE_MATCHING_DEBUG=true for attribute matching diagnostics
2025-05-19T13:08:03-0500 info mcp.test.element_path_filtering.console : [TestsWithoutMocks] Set MCP_FULL_HIERARCHY_DEBUG=true for full hierarchy diagnostics
2025-05-19T13:08:03-0500 info mcp.test.element_path_filtering.console : [TestsWithoutMocks] Created accessibility tree diagnostic log at: /var/folders/43/prgnkdr95317fd_zbljq8thm0000gn/T/ElementPathFilteringTests-accessibility-2025-05-19T18-08-03Z.log
2025-05-19T13:08:03-0500 info mcp.test.element_path_filtering.console : [TestsWithoutMocks] ====== TEST SETUP STARTED ======
2025-05-19T13:08:03-0500 info mcp.test.element_path_filtering.console : [TestsWithoutMocks] Found UIInteractionService logger: Logger(_storage: Logging.Logger.Storage)
2025-05-19T13:08:03-0500 info mcp.test.element_path_filtering.console : [TestsWithoutMocks] Set MCP_LOG_LEVEL=trace for enhanced logging
2025-05-19T13:08:03-0500 info mcp.test.element_path_filtering.console : [TestsWithoutMocks] Set MCP_PATH_RESOLUTION_DEBUG=true for path resolution diagnostics
2025-05-19T13:08:03-0500 info mcp.test.element_path_filtering.console : [TestsWithoutMocks] Set MCP_ATTRIBUTE_MATCHING_DEBUG=true for attribute matching diagnostics
2025-05-19T13:08:03-0500 info mcp.test.element_path_filtering.console : [TestsWithoutMocks] Set MCP_FULL_HIERARCHY_DEBUG=true for full hierarchy diagnostics
2025-05-19T13:08:03-0500 info mcp.test.element_path_filtering.console : [TestsWithoutMocks] Terminating any existing Calculator instances
2025-05-19T13:08:03-0500 info mcp.test.element_path_filtering.console : [TestsWithoutMocks] Found 0 instances of com.apple.calculator to terminate
2025-05-19T13:08:03-0500 info mcp.test.element_path_filtering.console : [TestsWithoutMocks] Waiting for termination to complete
2025-05-19T13:08:04-0500 info mcp.test.element_path_filtering.console : [TestsWithoutMocks] Launching Calculator...
2025-05-19T13:08:04-0500 info mcp.test.calculator : params=bundleIdentifier, action [MacMCP] Handling launch action
2025-05-19T13:08:05-0500 info mcp.test.element_path_filtering.console : [TestsWithoutMocks] Launch result: [MCP.Tool.Content.text("{\n    \"success\": true,\n    \"processIdentifier\": 49464,\n    \"bundleIdentifier\": \"com.apple.calculator\",\n    \"applicationName\": \"Calculator\"\n}")]
2025-05-19T13:08:05-0500 info mcp.test.element_path_filtering.console : [TestsWithoutMocks] Waiting for app to launch...
2025-05-19T13:08:08-0500 info mcp.test.element_path_filtering.console : [TestsWithoutMocks] Calculator running status: true
2025-05-19T13:08:08-0500 info mcp.test.element_path_filtering.console : [TestsWithoutMocks] Activating Calculator...
2025-05-19T13:08:08-0500 info mcp.test.element_path_filtering.console : [TestsWithoutMocks] Activation result: true
2025-05-19T13:08:09-0500 info mcp.test.element_path_filtering.console : [TestsWithoutMocks] Setup complete - Calculator should be running
2025-05-19T13:08:09-0500 info mcp.test.element_path_filtering.console : [TestsWithoutMocks] Running InterfaceExplorerTool with request: ["maxDepth": 10, "scope": application, "filter": ["description": 1, "role": AXButton], "bundleId": com.apple.calculator]
2025-05-19T13:08:09-0500 info mcp.test.element_path_filtering.console : [TestsWithoutMocks] Got response with 1 items
2025-05-19T13:08:09-0500 info mcp.test.element_path_filtering.console : [TestsWithoutMocks] Response text length: 687 characters
2025-05-19T13:08:09-0500 info mcp.test.element_path_filtering.console : [TestsWithoutMocks] Response preview: [
  {
    "actions" : [
      "AXPress"
    ],
    "attributes" : {
      "application" : "Calculator",
      "enabled" : "true",
      "focused" : "false"
    },
    "capabilities" : [
      "clickab...
2025-05-19T13:08:09-0500 info mcp.test.element_path_filtering.console : [TestsWithoutMocks] Found 1 descriptors in response
2025-05-19T13:08:09-0500 info mcp.test.element_path_filtering.console : [TestsWithoutMocks] Descriptor 0: AXButton - 1
2025-05-19T13:08:09-0500 info mcp.test.element_path_filtering.console : [TestsWithoutMocks] Element path: ui://AXApplication[@AXTitle="Calculator"][@bundleIdentifier="com.apple.calculator"]/AXWindow[@AXTitle="Calculator"]/AXGroup/AXSplitGroup/AXGroup/AXGroup/AXButton[@AXDescription="1"]
2025-05-19T13:08:09-0500 info mcp.test.element_path_filtering.console : [TestsWithoutMocks] Attempting to click element at path: ui://AXApplication[@AXTitle="Calculator"][@bundleIdentifier="com.apple.calculator"]/AXWindow[@AXTitle="Calculator"]/AXGroup/AXSplitGroup/AXGroup/AXGroup/AXButton[@AXDescription="1"]
2025-05-19T13:08:10-0500 info mcp.test.element_path_filtering.console : [TestsWithoutMocks] Click appears to have succeeded
2025-05-19T13:08:10-0500 info mcp.test.element_path_filtering.console : [TestsWithoutMocks] ====== TEST TEARDOWN STARTED ======
2025-05-19T13:08:10-0500 info mcp.test.element_path_filtering.console : [TestsWithoutMocks] Terminating Calculator
2025-05-19T13:08:10-0500 info mcp.test.element_path_filtering.console : [TestsWithoutMocks] Found 1 instances of com.apple.calculator to terminate
2025-05-19T13:08:10-0500 info mcp.test.element_path_filtering.console : [TestsWithoutMocks] Force termination result for com.apple.calculator: true
2025-05-19T13:08:10-0500 info mcp.test.element_path_filtering.console : [TestsWithoutMocks] Waiting for termination to complete
2025-05-19T13:08:11-0500 info mcp.test.element_path_filtering.console : [TestsWithoutMocks] Removed toolChain
2025-05-19T13:08:11-0500 info mcp.test.element_path_filtering.console : [TestsWithoutMocks] Test log available at: /var/folders/43/prgnkdr95317fd_zbljq8thm0000gn/T/ElementPathFilteringTests-2025-05-19T18-08-03Z.log
For detailed debug info, check the log file at: /var/folders/43/prgnkdr95317fd_zbljq8thm0000gn/T/ElementPathFilteringTests-2025-05-19T18-08-03Z.log
2025-05-19T13:08:11-0500 info mcp.test.element_path_filtering.console : [TestsWithoutMocks] Accessibility diagnostic log available at: /var/folders/43/prgnkdr95317fd_zbljq8thm0000gn/T/ElementPathFilteringTests-accessibility-2025-05-19T18-08-03Z.log
2025-05-19T13:08:11-0500 info mcp.test.element_path_filtering.console : [TestsWithoutMocks] ====== TEST TEARDOWN COMPLETE ======
Test Case '-[TestsWithoutMocks.ElementPathFilteringTests testRoleFilteringFullPaths]' passed (7.711 seconds).
Test Suite 'ElementPathFilteringTests' passed at 2025-05-19 13:08:11.583.
         Executed 4 tests, with 0 failures (0 unexpected) in 30.939 (30.940) seconds
Test Suite 'ElementPathInspectorTests' started at 2025-05-19 13:08:11.583.
Test Case '-[TestsWithMocks.ElementPathInspectorTests testElementPathGeneration]' started.
/Users/jesse/Documents/GitHub/projects/mac-mcp/MacMCP/Tests/TestsWithMocks/ToolTests/ElementPathInspectorTests.swift:45: error: -[TestsWithMocks.ElementPathInspectorTests testElementPathGeneration] : XCTAssertTrue failed - Path should include title attribute
/Users/jesse/Documents/GitHub/projects/mac-mcp/MacMCP/Tests/TestsWithMocks/ToolTests/ElementPathInspectorTests.swift:49: error: -[TestsWithMocks.ElementPathInspectorTests testElementPathGeneration] : XCTAssertTrue failed - Path should include title attribute
Test Case '-[TestsWithMocks.ElementPathInspectorTests testElementPathGeneration]' failed (0.002 seconds).
Test Case '-[TestsWithMocks.ElementPathInspectorTests testElementPathHierarchy]' started.
Test Case '-[TestsWithMocks.ElementPathInspectorTests testElementPathHierarchy]' passed (0.000 seconds).
Test Case '-[TestsWithMocks.ElementPathInspectorTests testPathWithOptionalAttributes]' started.
/Users/jesse/Documents/GitHub/projects/mac-mcp/MacMCP/Tests/TestsWithMocks/ToolTests/ElementPathInspectorTests.swift:56: error: -[TestsWithMocks.ElementPathInspectorTests testPathWithOptionalAttributes] : XCTAssertTrue failed - Path should include value attribute when requested
Test Case '-[TestsWithMocks.ElementPathInspectorTests testPathWithOptionalAttributes]' failed (0.001 seconds).
Test Suite 'ElementPathInspectorTests' failed at 2025-05-19 13:08:11.588.
         Executed 3 tests, with 3 failures (0 unexpected) in 0.004 (0.004) seconds
Test Suite 'InterfaceExplorerToolTests' started at 2025-05-19 13:08:11.588.
Test Case '-[TestsWithMocks.InterfaceExplorerToolTests testApplicationScope]' started.
/Users/jesse/Documents/GitHub/projects/mac-mcp/MacMCP/Tests/TestsWithMocks/ToolTests/InterfaceExplorerToolTests.swift:170: error: -[TestsWithMocks.InterfaceExplorerToolTests testApplicationScope] : XCTAssertTrue failed - Should find at least one button in the Calculator
Test Case '-[TestsWithMocks.InterfaceExplorerToolTests testApplicationScope]' failed (2.339 seconds).
Test Case '-[TestsWithMocks.InterfaceExplorerToolTests testElementPathSupport]' started.
/Users/jesse/Documents/GitHub/projects/mac-mcp/MacMCP/Tests/TestsWithMocks/ToolTests/InterfaceExplorerToolTests.swift:465: error: -[TestsWithMocks.InterfaceExplorerToolTests testElementPathSupport] : XCTAssertTrue failed - Should find at least one element with a path
/Users/jesse/Documents/GitHub/projects/mac-mcp/MacMCP/Tests/TestsWithMocks/ToolTests/InterfaceExplorerToolTests.swift:495: error: -[TestsWithMocks.InterfaceExplorerToolTests testElementPathSupport] : XCTAssertTrue failed - Should find at least one button with a valid path
Test Case '-[TestsWithMocks.InterfaceExplorerToolTests testElementPathSupport]' failed (2.321 seconds).
Test Case '-[TestsWithMocks.InterfaceExplorerToolTests testElementScope]' started.
/Users/jesse/Documents/GitHub/projects/mac-mcp/MacMCP/Sources/MacMCP/Tools/InterfaceExplorerTool.swift:1268: error: -[TestsWithMocks.InterfaceExplorerToolTests testElementScope] : failed: caught error: "[-32603] Internal error: Failed to resolve element path: Application not found: com.apple.calculator. Application with bundleIdentifier 'com.apple.calculator' is not running. Running applications are:
1. loginwindow (bundleIdentifier: com.apple.loginwindow)
2. ViewBridgeAuxiliary (bundleIdentifier: com.apple.ViewBridgeAuxiliary)
3. universalaccessd
4. CoreServicesUIAgent (bundleIdentifier: com.apple.coreservices.uiagent)
5. WindowManager (bundleIdentifier: com.apple.WindowManager)
6. talagentd (bundleIdentifier: com.apple.talagent)
7. SystemUIServer (bundleIdentifier: com.apple.systemuiserver)
8. Dock (bundleIdentifier: com.apple.dock)
9. Control Center (bundleIdentifier: com.apple.controlcenter)
10. CoreLocationAgent (bundleIdentifier: com.apple.CoreLocationAgent)
...and 171 more applications"
Test Case '-[TestsWithMocks.InterfaceExplorerToolTests testElementScope]' failed (2.335 seconds).
Test Case '-[TestsWithMocks.InterfaceExplorerToolTests testElementTypesFiltering]' started.
/Users/jesse/Documents/GitHub/projects/mac-mcp/MacMCP/Tests/TestsWithMocks/ToolTests/InterfaceExplorerToolTests.swift:314: error: -[TestsWithMocks.InterfaceExplorerToolTests testElementTypesFiltering] : XCTAssertFalse failed - Should receive UI elements
Test Case '-[TestsWithMocks.InterfaceExplorerToolTests testElementTypesFiltering]' failed (2.312 seconds).
Test Case '-[TestsWithMocks.InterfaceExplorerToolTests testEnhancedCapabilities]' started.
/Users/jesse/Documents/GitHub/projects/mac-mcp/MacMCP/Tests/TestsWithMocks/ToolTests/InterfaceExplorerToolTests.swift:399: error: -[TestsWithMocks.InterfaceExplorerToolTests testEnhancedCapabilities] : XCTAssertTrue failed - Should find at least one button with capabilities or text field with state
Test Case '-[TestsWithMocks.InterfaceExplorerToolTests testEnhancedCapabilities]' failed (2.324 seconds).
Test Case '-[TestsWithMocks.InterfaceExplorerToolTests testFilteringElements]' started.
/Users/jesse/Documents/GitHub/projects/mac-mcp/MacMCP/Tests/TestsWithMocks/ToolTests/InterfaceExplorerToolTests.swift:268: error: -[TestsWithMocks.InterfaceExplorerToolTests testFilteringElements] : XCTAssertFalse failed - Should receive UI elements
/Users/jesse/Documents/GitHub/projects/mac-mcp/MacMCP/Tests/TestsWithMocks/ToolTests/InterfaceExplorerToolTests.swift:276: error: -[TestsWithMocks.InterfaceExplorerToolTests testFilteringElements] : XCTAssertGreaterThan failed: ("0") is not greater than ("5") - Should find multiple button elements
Test Case '-[TestsWithMocks.InterfaceExplorerToolTests testFilteringElements]' failed (2.316 seconds).
Test Case '-[TestsWithMocks.InterfaceExplorerToolTests testPositionScope]' started.
/Users/jesse/Documents/GitHub/projects/mac-mcp/MacMCP/Tests/TestsWithMocks/ToolTests/InterfaceExplorerToolTests.swift:521: -[TestsWithMocks.InterfaceExplorerToolTests testPositionScope] : Test skipped - No window found in Calculator for position scope test
Test Case '-[TestsWithMocks.InterfaceExplorerToolTests testPositionScope]' skipped (2.333 seconds).
Test Case '-[TestsWithMocks.InterfaceExplorerToolTests testSystemScope]' started.
Test Case '-[TestsWithMocks.InterfaceExplorerToolTests testSystemScope]' passed (2.049 seconds).
Test Suite 'InterfaceExplorerToolTests' failed at 2025-05-19 13:08:29.918.
         Executed 8 tests, with 1 test skipped and 8 failures (1 unexpected) in 18.329 (18.330) seconds
Test Suite 'KeyboardInteractionToolTests' started at 2025-05-19 13:08:29.918.
Test Case '-[TestsWithMocks.KeyboardInteractionToolTests testComplexKeySequence]' started.
Test Case '-[TestsWithMocks.KeyboardInteractionToolTests testComplexKeySequence]' passed (0.107 seconds).
Test Case '-[TestsWithMocks.KeyboardInteractionToolTests testKeySequencePressRelease]' started.
Test Case '-[TestsWithMocks.KeyboardInteractionToolTests testKeySequencePressRelease]' passed (0.107 seconds).
Test Case '-[TestsWithMocks.KeyboardInteractionToolTests testKeySequenceSimpleTap]' started.
Test Case '-[TestsWithMocks.KeyboardInteractionToolTests testKeySequenceSimpleTap]' passed (0.004 seconds).
Test Case '-[TestsWithMocks.KeyboardInteractionToolTests testKeySequenceWithModifiers]' started.
Test Case '-[TestsWithMocks.KeyboardInteractionToolTests testKeySequenceWithModifiers]' passed (0.026 seconds).
Test Case '-[TestsWithMocks.KeyboardInteractionToolTests testTypeTextSpecialCharacters]' started.
Test Case '-[TestsWithMocks.KeyboardInteractionToolTests testTypeTextSpecialCharacters]' passed (0.949 seconds).
Test Case '-[TestsWithMocks.KeyboardInteractionToolTests testTypeText]' started.
Test Case '-[TestsWithMocks.KeyboardInteractionToolTests testTypeText]' passed (0.672 seconds).
Test Suite 'KeyboardInteractionToolTests' passed at 2025-05-19 13:08:31.784.
         Executed 6 tests, with 0 failures (0 unexpected) in 1.864 (1.865) seconds
Test Suite 'MenuNavigationCalculatorTest' started at 2025-05-19 13:08:31.784.
Test Case '-[TestsWithoutMocks.MenuNavigationCalculatorTest testListCalculatorMenus]' started.
2025-05-19T13:08:42-0500 info mcp.test.calculator : params=action, bundleIdentifier [MacMCP] Handling activateApplication action
2025-05-19T13:08:45-0500 info mcp.test.calculator : [MacMCP] Handling getFrontmostApplication action
2025-05-19T13:08:45-0500 info mcp.test.calculator : params=action, bundleIdentifier [MacMCP] Handling activateApplication action
2025-05-19T13:08:47-0500 info mcp.test.calculator : itemCount=17 menuTitle=View [MacMCP] Found menu items without activation
Test Case '-[TestsWithoutMocks.MenuNavigationCalculatorTest testListCalculatorMenus]' passed (15.863 seconds).
Test Case '-[TestsWithoutMocks.MenuNavigationCalculatorTest testViewMenuNavigation]' started.
2025-05-19T13:08:48-0500 info mcp.test.calculator : params=action, bundleIdentifier [MacMCP] Handling activateApplication action
2025-05-19T13:08:51-0500 info mcp.test.calculator : [MacMCP] Handling getFrontmostApplication action
2025-05-19T13:08:51-0500 info mcp.test.calculator : params=action, bundleIdentifier [MacMCP] Handling activateApplication action
2025-05-19T13:08:54-0500 info mcp.test.calculator : itemCount=17 menuTitle=View [MacMCP] Found menu items without activation
Activation result received with 1 items
Activation response: {
    "success": true,
    "bundleIdentifier": "com.apple.calculator"
}
Frontmost app response: {
    "success": true,
    "bundleIdentifier": "com.apple.calculator",
    "applicationName": "Calculator",
    "processIdentifier": 49468,
    "isActive": true,
    "isFinishedLaunching": true
}
Activation result received with 1 items
Activation response: {
    "success": true,
    "bundleIdentifier": "com.apple.calculator"
}
Calculator Menu Bar Structure:
[
  {
    "hasSubmenu" : true,
    "id" : "ui:\/\/AXApplication[@AXTitle=\"Calculator\"][@bundleIdentifier=\"com.apple.calculator\"]\/AXMenuBar\/AXMenuBarItem[@AXTitle=\"Apple\"]",
    "isEnabled" : true,
    "isSelected" : false,
    "name" : "Apple",
    "title" : "Apple"
  },
  {
    "hasSubmenu" : true,
    "id" : "ui:\/\/AXApplication[@AXTitle=\"Calculator\"][@bundleIdentifier=\"com.apple.calculator\"]\/AXMenuBar\/AXMenuBarItem[@AXTitle=\"Calculator\"]",
    "isEnabled" : true,
    "isSelected" : false,
    "name" : "Calculator",
    "title" : "Calculator"
  },
  {
    "hasSubmenu" : true,
    "id" : "ui:\/\/AXApplication[@AXTitle=\"Calculator\"][@bundleIdentifier=\"com.apple.calculator\"]\/AXMenuBar\/AXMenuBarItem[@AXTitle=\"Edit\"]",
    "isEnabled" : true,
    "isSelected" : false,
    "name" : "Edit",
    "title" : "Edit"
  },
  {
    "hasSubmenu" : true,
    "id" : "ui:\/\/AXApplication[@AXTitle=\"Calculator\"][@bundleIdentifier=\"com.apple.calculator\"]\/AXMenuBar\/AXMenuBarItem[@AXTitle=\"View\"]",
    "isEnabled" : true,
    "isSelected" : false,
    "name" : "View",
    "title" : "View"
  },
  {
    "hasSubmenu" : true,
    "id" : "ui:\/\/AXApplication[@AXTitle=\"Calculator\"][@bundleIdentifier=\"com.apple.calculator\"]\/AXMenuBar\/AXMenuBarItem[@AXTitle=\"Window\"]",
    "isEnabled" : true,
    "isSelected" : false,
    "name" : "Window",
    "title" : "Window"
  },
  {
    "hasSubmenu" : true,
    "id" : "ui:\/\/AXApplication[@AXTitle=\"Calculator\"][@bundleIdentifier=\"com.apple.calculator\"]\/AXMenuBar\/AXMenuBarItem[@AXTitle=\"Help\"]",
    "isEnabled" : true,
    "isSelected" : false,
    "name" : "Help",
    "title" : "Help"
  }
]

Detailed Menu Analysis:
Total menu items found: 6
Item 0: Title='Apple', ID=ui://AXApplication[@AXTitle="Calculator"][@bundleIdentifier="com.apple.calculator"]/AXMenuBar/AXMenuBarItem[@AXTitle="Apple"], Enabled=true, Selected=false
Item 1: Title='Calculator', ID=ui://AXApplication[@AXTitle="Calculator"][@bundleIdentifier="com.apple.calculator"]/AXMenuBar/AXMenuBarItem[@AXTitle="Calculator"], Enabled=true, Selected=false
Item 2: Title='Edit', ID=ui://AXApplication[@AXTitle="Calculator"][@bundleIdentifier="com.apple.calculator"]/AXMenuBar/AXMenuBarItem[@AXTitle="Edit"], Enabled=true, Selected=false
Item 3: Title='View', ID=ui://AXApplication[@AXTitle="Calculator"][@bundleIdentifier="com.apple.calculator"]/AXMenuBar/AXMenuBarItem[@AXTitle="View"], Enabled=true, Selected=false
Item 4: Title='Window', ID=ui://AXApplication[@AXTitle="Calculator"][@bundleIdentifier="com.apple.calculator"]/AXMenuBar/AXMenuBarItem[@AXTitle="Window"], Enabled=true, Selected=false
Item 5: Title='Help', ID=ui://AXApplication[@AXTitle="Calculator"][@bundleIdentifier="com.apple.calculator"]/AXMenuBar/AXMenuBarItem[@AXTitle="Help"], Enabled=true, Selected=false

View menu details:
ID: ui://AXApplication[@AXTitle="Calculator"][@bundleIdentifier="com.apple.calculator"]/AXMenuBar/AXMenuBarItem[@AXTitle="View"]
Is enabled: 1
Calculator View Menu Items:
[
  {
    "hasSubmenu" : false,
    "id" : "ui:\/\/AXApplication[@AXTitle=\"Calculator\"][@bundleIdentifier=\"com.apple.calculator\"]\/AXMenuBar\/AXMenuBarItem[@AXTitle=\"View\"]\/AXMenu\/AXMenuItem[@AXTitle=\"Basic\"]",
    "isEnabled" : true,
    "isSelected" : false,
    "name" : "Basic",
    "title" : "Basic"
  },
  {
    "hasSubmenu" : false,
    "id" : "ui:\/\/AXApplication[@AXTitle=\"Calculator\"][@bundleIdentifier=\"com.apple.calculator\"]\/AXMenuBar\/AXMenuBarItem[@AXTitle=\"View\"]\/AXMenu\/AXMenuItem[@AXTitle=\"Scientific\"]",
    "isEnabled" : true,
    "isSelected" : false,
    "name" : "Scientific",
    "title" : "Scientific"
  },
  {
    "hasSubmenu" : false,
    "id" : "ui:\/\/AXApplication[@AXTitle=\"Calculator\"][@bundleIdentifier=\"com.apple.calculator\"]\/AXMenuBar\/AXMenuBarItem[@AXTitle=\"View\"]\/AXMenu\/AXMenuItem[@AXTitle=\"Programmer\"]",
    "isEnabled" : true,
    "isSelected" : false,
    "name" : "Programmer",
    "title" : "Programmer"
  },
  {
    "hasSubmenu" : false,
    "id" : "ui:\/\/AXApplication[@AXTitle=\"Calculator\"][@bundleIdentifier=\"com.apple.calculator\"]\/AXMenuBar\/AXMenuBarItem[@AXTitle=\"View\"]\/AXMenu\/AXMenuItem[@AXTitle=\"Show Thousands Separator\"]",
    "isEnabled" : true,
    "isSelected" : false,
    "name" : "Show Thousands Separator",
    "title" : "Show Thousands Separator"
  },
  {
    "hasSubmenu" : false,
    "id" : "ui:\/\/AXApplication[@AXTitle=\"Calculator\"][@bundleIdentifier=\"com.apple.calculator\"]\/AXMenuBar\/AXMenuBarItem[@AXTitle=\"View\"]\/AXMenu\/AXMenuItem[@AXTitle=\"RPN Mode\"]",
    "isEnabled" : true,
    "isSelected" : false,
    "name" : "RPN Mode",
    "title" : "RPN Mode"
  },
  {
    "hasSubmenu" : false,
    "id" : "ui:\/\/AXApplication[@AXTitle=\"Calculator\"][@bundleIdentifier=\"com.apple.calculator\"]\/AXMenuBar\/AXMenuBarItem[@AXTitle=\"View\"]\/AXMenu\/AXMenuItem[@AXTitle=\"Convert\"]",
    "isEnabled" : true,
    "isSelected" : false,
    "name" : "Convert",
    "title" : "Convert"
  },
  {
    "hasSubmenu" : false,
    "id" : "ui:\/\/AXApplication[@AXTitle=\"Calculator\"][@bundleIdentifier=\"com.apple.calculator\"]\/AXMenuBar\/AXMenuBarItem[@AXTitle=\"View\"]\/AXMenu\/AXMenuItem[@AXTitle=\"Math Notes…\"]",
    "isEnabled" : true,
    "isSelected" : false,
    "name" : "Math Notes…",
    "title" : "Math Notes…"
  },
  {
    "hasSubmenu" : true,
    "id" : "ui:\/\/AXApplication[@AXTitle=\"Calculator\"][@bundleIdentifier=\"com.apple.calculator\"]\/AXMenuBar\/AXMenuBarItem[@AXTitle=\"View\"]\/AXMenu\/AXMenuItem[@AXTitle=\"Decimal Places\"]",
    "isEnabled" : true,
    "isSelected" : false,
    "name" : "Decimal Places",
    "title" : "Decimal Places"
  },
  {
    "hasSubmenu" : false,
    "id" : "ui:\/\/AXApplication[@AXTitle=\"Calculator\"][@bundleIdentifier=\"com.apple.calculator\"]\/AXMenuBar\/AXMenuBarItem[@AXTitle=\"View\"]\/AXMenu\/AXMenuItem[@AXTitle=\"Show History\"]",
    "isEnabled" : true,
    "isSelected" : false,
    "name" : "Show History",
    "title" : "Show History"
  },
  {
    "hasSubmenu" : false,
    "id" : "ui:\/\/AXApplication[@AXTitle=\"Calculator\"][@bundleIdentifier=\"com.apple.calculator\"]\/AXMenuBar\/AXMenuBarItem[@AXTitle=\"View\"]\/AXMenu\/AXMenuItem",
    "isEnabled" : false,
    "isSelected" : false,
    "name" : "Menu Item (AXMenuItem)",
    "title" : ""
  },
  {
    "hasSubmenu" : false,
    "id" : "ui:\/\/AXApplication[@AXTitle=\"Calculator\"][@bundleIdentifier=\"com.apple.calculator\"]\/AXMenuBar\/AXMenuBarItem[@AXTitle=\"View\"]\/AXMenu\/AXMenuItem",
    "isEnabled" : false,
    "isSelected" : false,
    "name" : "Menu Item (AXMenuItem)",
    "title" : ""
  },
  {
    "hasSubmenu" : false,
    "id" : "ui:\/\/AXApplication[@AXTitle=\"Calculator\"][@bundleIdentifier=\"com.apple.calculator\"]\/AXMenuBar\/AXMenuBarItem[@AXTitle=\"View\"]\/AXMenu\/AXMenuItem",
    "isEnabled" : false,
    "isSelected" : false,
    "name" : "Menu Item (AXMenuItem)",
    "title" : ""
  },
  {
    "hasSubmenu" : false,
    "id" : "ui:\/\/AXApplication[@AXTitle=\"Calculator\"][@bundleIdentifier=\"com.apple.calculator\"]\/AXMenuBar\/AXMenuBarItem[@AXTitle=\"View\"]\/AXMenu\/AXMenuItem",
    "isEnabled" : false,
    "isSelected" : false,
    "name" : "Menu Item (AXMenuItem)",
    "title" : ""
  },
  {
    "hasSubmenu" : false,
    "id" : "ui:\/\/AXApplication[@AXTitle=\"Calculator\"][@bundleIdentifier=\"com.apple.calculator\"]\/AXMenuBar\/AXMenuBarItem[@AXTitle=\"View\"]\/AXMenu\/AXMenuItem",
    "isEnabled" : false,
    "isSelected" : false,
    "name" : "Menu Item (AXMenuItem)",
    "title" : ""
  },
  {
    "hasSubmenu" : false,
    "id" : "ui:\/\/AXApplication[@AXTitle=\"Calculator\"][@bundleIdentifier=\"com.apple.calculator\"]\/AXMenuBar\/AXMenuBarItem[@AXTitle=\"View\"]\/AXMenu\/AXMenuItem",
    "isEnabled" : false,
    "isSelected" : false,
    "name" : "Menu Item (AXMenuItem)",
    "title" : ""
  },
  {
    "hasSubmenu" : false,
    "id" : "ui:\/\/AXApplication[@AXTitle=\"Calculator\"][@bundleIdentifier=\"com.apple.calculator\"]\/AXMenuBar\/AXMenuBarItem[@AXTitle=\"View\"]\/AXMenu\/AXMenuItem",
    "isEnabled" : false,
    "isSelected" : false,
    "name" : "Menu Item (AXMenuItem)",
    "title" : ""
  },
  {
    "hasSubmenu" : false,
    "id" : "ui:\/\/AXApplication[@AXTitle=\"Calculator\"][@bundleIdentifier=\"com.apple.calculator\"]\/AXMenuBar\/AXMenuBarItem[@AXTitle=\"View\"]\/AXMenu\/AXMenuItem[@AXTitle=\"Enter Full Screen\"]",
    "isEnabled" : false,
    "isSelected" : false,
    "name" : "Enter Full Screen",
    "title" : "Enter Full Screen"
  }
]
Activation result received with 1 items
Activation response: {
    "success": true,
    "bundleIdentifier": "com.apple.calculator"
}
Frontmost app response: {
    "success": true,
    "bundleIdentifier": "com.apple.calculator",
    "applicationName": "Calculator",
    "processIdentifier": 49468,
    "isActive": true,
    "isFinishedLaunching": true
}
Activation result received with 1 items
Activation response: {
    "success": true,
    "bundleIdentifier": "com.apple.calculator"
}
Calculator Menu Bar Structure:
[
  {
    "hasSubmenu" : true,
    "id" : "ui:\/\/AXApplication[@AXTitle=\"Calculator\"][@bundleIdentifier=\"com.apple.calculator\"]\/AXMenuBar\/AXMenuBarItem[@AXTitle=\"Apple\"]",
    "isEnabled" : true,
    "isSelected" : false,
    "name" : "Apple",
    "title" : "Apple"
  },
  {
    "hasSubmenu" : true,
    "id" : "ui:\/\/AXApplication[@AXTitle=\"Calculator\"][@bundleIdentifier=\"com.apple.calculator\"]\/AXMenuBar\/AXMenuBarItem[@AXTitle=\"Calculator\"]",
    "isEnabled" : true,
    "isSelected" : false,
    "name" : "Calculator",
    "title" : "Calculator"
  },
  {
    "hasSubmenu" : true,
    "id" : "ui:\/\/AXApplication[@AXTitle=\"Calculator\"][@bundleIdentifier=\"com.apple.calculator\"]\/AXMenuBar\/AXMenuBarItem[@AXTitle=\"Edit\"]",
    "isEnabled" : true,
    "isSelected" : false,
    "name" : "Edit",
    "title" : "Edit"
  },
  {
    "hasSubmenu" : true,
    "id" : "ui:\/\/AXApplication[@AXTitle=\"Calculator\"][@bundleIdentifier=\"com.apple.calculator\"]\/AXMenuBar\/AXMenuBarItem[@AXTitle=\"View\"]",
    "isEnabled" : true,
    "isSelected" : false,
    "name" : "View",
    "title" : "View"
  },
  {
    "hasSubmenu" : true,
    "id" : "ui:\/\/AXApplication[@AXTitle=\"Calculator\"][@bundleIdentifier=\"com.apple.calculator\"]\/AXMenuBar\/AXMenuBarItem[@AXTitle=\"Window\"]",
    "isEnabled" : true,
    "isSelected" : false,
    "name" : "Window",
    "title" : "Window"
  },
  {
    "hasSubmenu" : true,
    "id" : "ui:\/\/AXApplication[@AXTitle=\"Calculator\"][@bundleIdentifier=\"com.apple.calculator\"]\/AXMenuBar\/AXMenuBarItem[@AXTitle=\"Help\"]",
    "isEnabled" : true,
    "isSelected" : false,
    "name" : "Help",
    "title" : "Help"
  }
]

Detailed Menu Analysis:
Total menu items found: 6
Item 0: Title='Apple', ID=ui://AXApplication[@AXTitle="Calculator"][@bundleIdentifier="com.apple.calculator"]/AXMenuBar/AXMenuBarItem[@AXTitle="Apple"], Enabled=true, Selected=false
Item 1: Title='Calculator', ID=ui://AXApplication[@AXTitle="Calculator"][@bundleIdentifier="com.apple.calculator"]/AXMenuBar/AXMenuBarItem[@AXTitle="Calculator"], Enabled=true, Selected=false
Item 2: Title='Edit', ID=ui://AXApplication[@AXTitle="Calculator"][@bundleIdentifier="com.apple.calculator"]/AXMenuBar/AXMenuBarItem[@AXTitle="Edit"], Enabled=true, Selected=false
Item 3: Title='View', ID=ui://AXApplication[@AXTitle="Calculator"][@bundleIdentifier="com.apple.calculator"]/AXMenuBar/AXMenuBarItem[@AXTitle="View"], Enabled=true, Selected=false
Item 4: Title='Window', ID=ui://AXApplication[@AXTitle="Calculator"][@bundleIdentifier="com.apple.calculator"]/AXMenuBar/AXMenuBarItem[@AXTitle="Window"], Enabled=true, Selected=false
Item 5: Title='Help', ID=ui://AXApplication[@AXTitle="Calculator"][@bundleIdentifier="com.apple.calculator"]/AXMenuBar/AXMenuBarItem[@AXTitle="Help"], Enabled=true, Selected=false

View menu details:
ID: ui://AXApplication[@AXTitle="Calculator"][@bundleIdentifier="com.apple.calculator"]/AXMenuBar/AXMenuBarItem[@AXTitle="View"]
Is enabled: 1
Calculator View Menu Items:
[
  {
    "hasSubmenu" : false,
    "id" : "ui:\/\/AXApplication[@AXTitle=\"Calculator\"][@bundleIdentifier=\"com.apple.calculator\"]\/AXMenuBar\/AXMenuBarItem[@AXTitle=\"View\"]\/AXMenu\/AXMenuItem[@AXTitle=\"Basic\"]",
    "isEnabled" : true,
    "isSelected" : false,
    "name" : "Basic",
    "title" : "Basic"
  },
  {
    "hasSubmenu" : false,
    "id" : "ui:\/\/AXApplication[@AXTitle=\"Calculator\"][@bundleIdentifier=\"com.apple.calculator\"]\/AXMenuBar\/AXMenuBarItem[@AXTitle=\"View\"]\/AXMenu\/AXMenuItem[@AXTitle=\"Scientific\"]",
    "isEnabled" : true,
    "isSelected" : false,
    "name" : "Scientific",
    "title" : "Scientific"
  },
  {
    "hasSubmenu" : false,
    "id" : "ui:\/\/AXApplication[@AXTitle=\"Calculator\"][@bundleIdentifier=\"com.apple.calculator\"]\/AXMenuBar\/AXMenuBarItem[@AXTitle=\"View\"]\/AXMenu\/AXMenuItem[@AXTitle=\"Programmer\"]",
    "isEnabled" : true,
    "isSelected" : false,
    "name" : "Programmer",
    "title" : "Programmer"
  },
  {
    "hasSubmenu" : false,
    "id" : "ui:\/\/AXApplication[@AXTitle=\"Calculator\"][@bundleIdentifier=\"com.apple.calculator\"]\/AXMenuBar\/AXMenuBarItem[@AXTitle=\"View\"]\/AXMenu\/AXMenuItem[@AXTitle=\"Show Thousands Separator\"]",
    "isEnabled" : true,
    "isSelected" : false,
    "name" : "Show Thousands Separator",
    "title" : "Show Thousands Separator"
  },
  {
    "hasSubmenu" : false,
    "id" : "ui:\/\/AXApplication[@AXTitle=\"Calculator\"][@bundleIdentifier=\"com.apple.calculator\"]\/AXMenuBar\/AXMenuBarItem[@AXTitle=\"View\"]\/AXMenu\/AXMenuItem[@AXTitle=\"RPN Mode\"]",
    "isEnabled" : true,
    "isSelected" : false,
    "name" : "RPN Mode",
    "title" : "RPN Mode"
  },
  {
    "hasSubmenu" : false,
    "id" : "ui:\/\/AXApplication[@AXTitle=\"Calculator\"][@bundleIdentifier=\"com.apple.calculator\"]\/AXMenuBar\/AXMenuBarItem[@AXTitle=\"View\"]\/AXMenu\/AXMenuItem[@AXTitle=\"Convert\"]",
    "isEnabled" : true,
    "isSelected" : false,
    "name" : "Convert",
    "title" : "Convert"
  },
  {
    "hasSubmenu" : false,
    "id" : "ui:\/\/AXApplication[@AXTitle=\"Calculator\"][@bundleIdentifier=\"com.apple.calculator\"]\/AXMenuBar\/AXMenuBarItem[@AXTitle=\"View\"]\/AXMenu\/AXMenuItem[@AXTitle=\"Math Notes…\"]",
    "isEnabled" : true,
    "isSelected" : false,
    "name" : "Math Notes…",
    "title" : "Math Notes…"
  },
  {
    "hasSubmenu" : true,
    "id" : "ui:\/\/AXApplication[@AXTitle=\"Calculator\"][@bundleIdentifier=\"com.apple.calculator\"]\/AXMenuBar\/AXMenuBarItem[@AXTitle=\"View\"]\/AXMenu\/AXMenuItem[@AXTitle=\"Decimal Places\"]",
    "isEnabled" : true,
    "isSelected" : false,
    "name" : "Decimal Places",
    "title" : "Decimal Places"
  },
  {
    "hasSubmenu" : false,
    "id" : "ui:\/\/AXApplication[@AXTitle=\"Calculator\"][@bundleIdentifier=\"com.apple.calculator\"]\/AXMenuBar\/AXMenuBarItem[@AXTitle=\"View\"]\/AXMenu\/AXMenuItem[@AXTitle=\"Show History\"]",
    "isEnabled" : true,
    "isSelected" : false,
    "name" : "Show History",
    "title" : "Show History"
  },
  {
    "hasSubmenu" : false,
    "id" : "ui:\/\/AXApplication[@AXTitle=\"Calculator\"][@bundleIdentifier=\"com.apple.calculator\"]\/AXMenuBar\/AXMenuBarItem[@AXTitle=\"View\"]\/AXMenu\/AXMenuItem",
    "isEnabled" : false,
    "isSelected" : false,
    "name" : "Menu Item (AXMenuItem)",
    "title" : ""
  },
  {
    "hasSubmenu" : false,
    "id" : "ui:\/\/AXApplication[@AXTitle=\"Calculator\"][@bundleIdentifier=\"com.apple.calculator\"]\/AXMenuBar\/AXMenuBarItem[@AXTitle=\"View\"]\/AXMenu\/AXMenuItem",
    "isEnabled" : false,
    "isSelected" : false,
    "name" : "Menu Item (AXMenuItem)",
    "title" : ""
  },
  {
    "hasSubmenu" : false,
    "id" : "ui:\/\/AXApplication[@AXTitle=\"Calcula2025-05-19T13:08:54-0500 info mcp.test.calculator : params=action, bundleIdentifier [MacMCP] Handling activateApplication action
/Users/jesse/Documents/GitHub/projects/mac-mcp/MacMCP/Sources/MacMCP/Models/ElementPath.swift:1146: error: -[TestsWithoutMocks.MenuNavigationCalculatorTest testViewMenuNavigation] : failed: caught error: "Failed to resolve segment: Could not find elements matching segment: AXMenuBarItem[@AXTitle="View > Scientific"] at index 2"
Test Case '-[TestsWithoutMocks.MenuNavigationCalculatorTest testViewMenuNavigation]' failed (7.537 seconds).
Test Suite 'MenuNavigationCalculatorTest' failed at 2025-05-19 13:08:55.184.
         Executed 2 tests, with 1 failure (1 unexpected) in 23.400 (23.400) seconds
Test Suite 'MenuNavigationTest' started at 2025-05-19 13:08:55.184.
Test Case '-[TestsWithoutMocks.MenuNavigationTest testMenuNavigationBasic]' started.
2025-05-19 13:09:03.711 xctest[49374:54471775] ERROR: Failed to get attribute AXDescription (code: -25200)
2025-05-19T13:09:07-0500 info mcp.test.textedit : params=bundleIdentifier, action [MacMCP] Handling activateApplication action
2025-05-19T13:09:10-0500 info mcp.test.textedit : [MacMCP] Handling getFrontmostApplication action
2025-05-19 13:09:10.243 xctest[49374:54472841] ERROR: Failed to get attribute AXDescription (code: -25200)
2025-05-19 13:09:10.270 xctest[49374:54472841] ERROR: Failed to get attribute AXDescription (code: -25200)
2025-05-19T13:09:10-0500 info mcp.test.textedit : params=bundleIdentifier, action [MacMCP] Handling activateApplication action
/Users/jesse/Documents/GitHub/projects/mac-mcp/MacMCP/Sources/MacMCP/Models/ElementPath.swift:1146: error: -[TestsWithoutMocks.MenuNavigationTest testMenuNavigationBasic] : failed: caught error: "Failed to resolve segment: Could not find elements matching segment: AXMenuBarItem[@AXTitle="File > New"] at index 2"
Test Case '-[TestsWithoutMocks.MenuNavigationTest testMenuNavigationBasic]' failed (16.386 seconds).
Test Suite 'MenuNavigationTest' failed at 2025-05-19 13:09:11.570.
         Executed 1 test, with 1 failure (1 unexpected) in 16.386 (16.386) seconds
Test Suite 'ScenarioTestCase' started at 2025-05-19 13:09:11.570.
Test Case '-[TestsWithoutMocks.ScenarioTestCase testScenario]' started.
Test Case '-[TestsWithoutMocks.ScenarioTestCase testScenario]' passed (0.106 seconds).
Test Suite 'ScenarioTestCase' passed at 2025-05-19 13:09:11.676.
         Executed 1 test, with 0 failures (0 unexpected) in 0.106 (0.106) seconds
Test Suite 'ScreenshotToolE2ETests' started at 2025-05-19 13:09:11.676.
Test Case '-[TestsWithoutMocks.ScreenshotToolE2ETests testAreaCapture]' started.
Test Case '-[TestsWithoutMocks.ScreenshotToolE2ETests testAreaCapture]' passed (1.166 seconds).
Test Case '-[TestsWithoutMocks.ScreenshotToolE2ETests testElementCapture]' started.
2025-05-19T13:09:16-0500 error mcp.tool.screenshot : elementPath=ui://AXApplication[@AXTitle="Calculator"][@bundleIdentifier="com.apple.calculator"]/AXWindow[@AXTitle="Calculator"]/AXGroup/AXSplitGroup/AXGroup/AXGroup/AXButton[@AXDescription="All Clear"] error=Failed to resolve segment: Could not find generic container element matching segment: AXGroup. Generic containers like AXGroup may require position-based matching or more specific attributes. at index 5 [MacMCP] Path resolution error
2025-05-19T13:09:16-0500 error mcp.tool.screenshot : elementPath=ui://AXApplication[@AXTitle="Calculator"][@bundleIdentifier="com.apple.calculator"]/AXWindow[@AXTitle="Calculator"] [MacMCP] Element found but has invalid frame
2025-05-19T13:09:16-0500 error mcp.tool.screenshot : elementPath=ui://AXApplication[@AXTitle="Calculator"][@bundleIdentifier="com.apple.calculator"]/AXWindow[@AXTitle="Calculator"] error=Element found but has invalid frame: ui://AXApplication[@AXTitle="Calculator"][@bundleIdentifier="com.apple.calculator"]/AXWindow[@AXTitle="Calculator"] [MacMCP] Error finding element by path
Test Case '-[TestsWithoutMocks.ScreenshotToolE2ETests testElementCapture]' passed (3.520 seconds).
Test Case '-[TestsWithoutMocks.ScreenshotToolE2ETests testFullScreenCapture]' started.
Test Case '-[TestsWithoutMocks.ScreenshotToolE2ETests testFullScreenCapture]' passed (1.289 seconds).
Test Case '-[TestsWithoutMocks.ScreenshotToolE2ETests testNonExistentElement]' started.
/Users/jesse/Documents/GitHub/projects/mac-mcp/MacMCP/Tests/TestsWithoutMocks/ToolE2ETests/ScreenshotToolE2ETests.swift:486: error: -[TestsWithoutMocks.ScreenshotToolE2ETests testNonExistentElement] : failed - Should throw an error for non-existent element
Test Case '-[TestsWithoutMocks.ScreenshotToolE2ETests testNonExistentElement]' failed (1.066 seconds).
Test Case '-[TestsWithoutMocks.ScreenshotToolE2ETests testNonRunningApplication]' started.
2025-05-19T13:09:19-0500 error mcp.tool.screenshot : bundleId=com.apple.non.existent.app [MacMCP] Application not running
Test Case '-[TestsWithoutMocks.ScreenshotToolE2ETests testNonRunningApplication]' passed (1.005 seconds).
Test Case '-[TestsWithoutMocks.ScreenshotToolE2ETests testSpecificElementScreenshot]' started.
Test Case '-[TestsWithoutMocks.ScreenshotToolE2ETests testSpecificElementScreenshot]' passed (3.364 seconds).
Test Case '-[TestsWithoutMocks.ScreenshotToolE2ETests testWindowCapture]' started.
Test Case '-[TestsWithoutMocks.ScreenshotToolE2ETests testWindowCapture]' passed (1.062 seconds).
Test Suite 'ScreenshotToolE2ETests' failed at 2025-05-19 13:09:24.148.
         Executed 7 tests, with 1 failure (0 unexpected) in 12.472 (12.472) seconds
Test Suite 'SimpleCalculatorTest' started at 2025-05-19 13:09:24.148.
Test Case '-[TestsWithoutMocks.SimpleCalculatorTest testBasicAddition]' started.
2025-05-19T13:09:35-0500 info mcp.toolchain : [MacMCP] Attempting detailed path resolution diagnosis...
2025-05-19T13:09:35-0500 info mcp.tool.ui_interact : appBundleId=com.apple.calculator [MacMCP] Using provided appBundleId alongside element path
Test Case '-[TestsWithoutMocks.SimpleCalculatorTest testBasicAddition]' passed (18.324 seconds).
Test Case '-[TestsWithoutMocks.SimpleCalculatorTest testBasicButtonPress]' started.
Test Case '-[TestsWithoutMocks.SimpleCalculatorTest testBasicButtonPress]' passed (14.011 seconds).
Test Suite 'SimpleCalculatorTest' passed at 2025-05-19 13:09:56.484.
         Executed 2 tests, with 0 failures (0 unexpected) in 32.335 (32.336) seconds
Test Suite 'SimpleTest' started at 2025-05-19 13:09:56.484.
Test Case '-[TestsWithoutMocks.SimpleTest testExample]' started.
tor\"][@bundleIdentifier=\"com.apple.calculator\"]\/AXMenuBar\/AXMenuBarItem[@AXTitle=\"View\"]\/AXMenu\/AXMenuItem",
    "isEnabled" : false,
    "isSelected" : false,
    "name" : "Menu Item (AXMenuItem)",
    "title" : ""
  },
  {
    "hasSubmenu" : false,
    "id" : "ui:\/\/AXApplication[@AXTitle=\"Calculator\"][@bundleIdentifier=\"com.apple.calculator\"]\/AXMenuBar\/AXMenuBarItem[@AXTitle=\"View\"]\/AXMenu\/AXMenuItem",
    "isEnabled" : false,
    "isSelected" : false,
    "name" : "Menu Item (AXMenuItem)",
    "title" : ""
  },
  {
    "hasSubmenu" : false,
    "id" : "ui:\/\/AXApplication[@AXTitle=\"Calculator\"][@bundleIdentifier=\"com.apple.calculator\"]\/AXMenuBar\/AXMenuBarItem[@AXTitle=\"View\"]\/AXMenu\/AXMenuItem",
    "isEnabled" : false,
    "isSelected" : false,
    "name" : "Menu Item (AXMenuItem)",
    "title" : ""
  },
  {
    "hasSubmenu" : false,
    "id" : "ui:\/\/AXApplication[@AXTitle=\"Calculator\"][@bundleIdentifier=\"com.apple.calculator\"]\/AXMenuBar\/AXMenuBarItem[@AXTitle=\"View\"]\/AXMenu\/AXMenuItem",
    "isEnabled" : false,
    "isSelected" : false,
    "name" : "Menu Item (AXMenuItem)",
    "title" : ""
  },
  {
    "hasSubmenu" : false,
    "id" : "ui:\/\/AXApplication[@AXTitle=\"Calculator\"][@bundleIdentifier=\"com.apple.calculator\"]\/AXMenuBar\/AXMenuBarItem[@AXTitle=\"View\"]\/AXMenu\/AXMenuItem",
    "isEnabled" : false,
    "isSelected" : false,
    "name" : "Menu Item (AXMenuItem)",
    "title" : ""
  },
  {
    "hasSubmenu" : false,
    "id" : "ui:\/\/AXApplication[@AXTitle=\"Calculator\"][@bundleIdentifier=\"com.apple.calculator\"]\/AXMenuBar\/AXMenuBarItem[@AXTitle=\"View\"]\/AXMenu\/AXMenuItem[@AXTitle=\"Enter Full Screen\"]",
    "isEnabled" : false,
    "isSelected" : false,
    "name" : "Enter Full Screen",
    "title" : "Enter Full Screen"
  }
]
Initial calculator mode: Basic
Activation result received with 1 items
Activation response: {
    "success": true,
    "bundleIdentifier": "com.apple.calculator"
}
Activation result received with 1 items
Activation response: {
    "success": true,
    "bundleIdentifier": "com.apple.TextEdit"
}
Frontmost app response: {
    "success": true,
    "bundleIdentifier": "com.apple.TextEdit",
    "applicationName": "TextEdit",
    "processIdentifier": 49470,
    "isActive": true,
    "isFinishedLaunching": true
}
Window management result: [
  {
    "frame" : {
      "height" : 476,
      "width" : 586,
      "x" : 181,
      "y" : 109
    },
    "id" : "ui:\/\/AXApplication[@AXTitle=\"TextEdit\"][@bundleIdentifier=\"com.apple.TextEdit\"]\/AXWindow[@AXTitle=\"Untitled 29\"]",
    "isMain" : false,
    "isMinimized" : false,
    "isVisible" : true,
    "name" : "Untitled 29",
    "title" : "Untitled 29"
  },
  {
    "frame" : {
      "height" : 476,
      "width" : 586,
      "x" : 210,
      "y" : 138
    },
    "id" : "ui:\/\/AXApplication[@AXTitle=\"TextEdit\"][@bundleIdentifier=\"com.apple.TextEdit\"]\/AXWindow[@AXTitle=\"Untitled 27\"]",
    "isMain" : false,
    "isMinimized" : false,
    "isVisible" : true,
    "name" : "Untitled 27",
    "title" : "Untitled 27"
  }
]
Initial window count: 2
Activation result received with 1 items
Activation response: {
    "success": true,
    "bundleIdentifier": "com.apple.TextEdit"
}
Saved screenshot for inspection: /Users/jesse/Documents/GitHub/projects/mac-mcp/MacMCP/test-screenshots/screenshot_area_1600x1200_20250519_130912.png
Testing element screenshot functionality...
Testing area capture...
Saved screenshot for inspection: /Users/jesse/Documents/GitHub/projects/mac-mcp/MacMCP/test-screenshots/screenshot_area_400x400_20250519_130915.png
Testing window capture...
Saved screenshot for inspection: /Users/jesse/Documents/GitHub/projects/mac-mcp/MacMCP/test-screenshots/screenshot_window_396x700_20250519_130915.png
Finding UI elements in Calculator...
Found 22 button elements in Calculator.
Attempting to capture element 1: ui://AXApplication[@AXTitle="Calculator"][@bundleIdentifier="com.apple.calculator"]/AXWindow[@AXTitle="Calculator"]/AXGroup/AXSplitGroup/AXGroup/AXGroup/AXButton[@AXDescription="All Clear"]
Error capturing element 1: Failed to resolve element path: Failed to resolve segment: Could not find generic container element matching segment: AXGroup. Generic containers like AXGroup may require position-based matching or more specific attributes. at index 5
Attempting to capture element 2: ui://AXApplication[@AXTitle="Calculator"][@bundleIdentifier="com.apple.calculator"]/AXWindow[@AXTitle="Calculator"]/AXGroup/AXSplitGroup/AXGroup/AXGroup/AXButton[@AXDescription="Change Sign"]
Saved screenshot for inspection: /Users/jesse/Documents/GitHub/projects/mac-mcp/MacMCP/test-screenshots/screenshot_element_100x100_20250519_130916.png
Successfully captured element screenshot with dimensions: 100.0 x 100.0
Attempting to capture element 3: ui://AXApplication[@AXTitle="Calculator"][@bundleIdentifier="com.apple.calculator"]/AXWindow[@AXTitle="Calculator"]/AXGroup/AXSplitGroup/AXGroup/AXGroup/AXButton[@AXDescription="Percent"]
Saved screenshot for inspection: /Users/jesse/Documents/GitHub/projects/mac-mcp/MacMCP/test-screenshots/screenshot_element_100x100_20250519_130916.png
Successfully captured element screenshot with dimensions: 100.0 x 100.0
Captured 2 element(s), with 1 failure(s)
Trying to capture window element by ID...
Found 1 window element(s). Attempting to screenshot by element ID...
Window element screenshot failed: Failed to find element by path: Element found but has invalid frame: ui://AXApplication[@AXTitle="Calculator"][@bundleIdentifier="com.apple.calculator"]/AXWindow[@AXTitle="Calculator"]
Saved screenshot for inspection: /Users/jesse/Documents/GitHub/projects/mac-mcp/MacMCP/test-screenshots/screenshot_full_3024x1964_20250519_130917.png
Testing UI element discovery and selective screenshots...
Capturing window screenshot by bundleId...
Saved screenshot for inspection: /Users/jesse/Documents/GitHub/projects/mac-mcp/MacMCP/test-screenshots/screenshot_window_396x700_20250519_130922.png
Successfully captured app window screenshot with dimensions: 396.0 x 700.0
Discovering UI elements in Calculator...
Found 22 button elements in Calculator
Sample of Calculator UI elements found:
  Element 1: AXButton - AXButton: <no title> [ui://AXApplication[@AXTitle="Calculator"][@bundleIdentifier="com.apple.calculator"]/AXWindow[@AXTitle="Calculator"]/AXGroup/AXSplitGroup/AXGroup/AXGroup/AXButton[@AXDescription="All Clear"]] (Path: ui://AXApplication[@AXTitle="Calculator"][@bundleIdentifier="com.apple.calculator"]/AXWindow[@AXTitle="Calculator"]/AXGroup/AXSplitGroup/AXGroup/AXGroup/AXButton[@AXDescription="All Clear"])
  Element 2: AXButton - AXButton: <no title> [ui://AXApplication[@AXTitle="Calculator"][@bundleIdentifier="com.apple.calculator"]/AXWindow[@AXTitle="Calculator"]/AXGroup/AXSplitGroup/AXGroup/AXGroup/AXButton[@AXDescription="Change Sign"]] (Path: ui://AXApplication[@AXTitle="Calculator"][@bundleIdentifier="com.apple.calculator"]/AXWindow[@AXTitle="Calculator"]/AXGroup/AXSplitGroup/AXGroup/AXGroup/AXButton[@AXDescription="Change Sign"])
  Element 3: AXButton - AXButton: <no title> [ui://AXApplication[@AXTitle="Calculator"][@bundleIdentifier="com.apple.calculator"]/AXWindow[@AXTitle="Calculator"]/AXGroup/AXSplitGroup/AXGroup/AXGroup/AXButton[@AXDescription="Percent"]] (Path: ui://AXApplication[@AXTitle="Calculator"][@bundleIdentifier="com.apple.calculator"]/AXWindow[@AXTitle="Calculator"]/AXGroup/AXSplitGroup/AXGroup/AXGroup/AXButton[@AXDescription="Percent"])
  Element 4: AXButton - AXButton: <no title> [ui://AXApplication[@AXTitle="Calculator"][@bundleIdentifier="com.apple.calculator"]/AXWindow[@AXTitle="Calculator"]/AXGroup/AXSplitGroup/AXGroup/AXGroup/AXButton[@AXDescription="Divide"]] (Path: ui://AXApplication[@AXTitle="Calculator"][@bundleIdentifier="com.apple.calculator"]/AXWindow[@AXTitle="Calculator"]/AXGroup/AXSplitGroup/AXGroup/AXGroup/AXButton[@AXDescription="Divide"])
  Element 5: AXButton - AXButton: <no title> [ui://AXApplication[@AXTitle="Calculator"][@bundleIdentifier="com.apple.calculator"]/AXWindow[@AXTitle="Calculator"]/AXGroup/AXSplitGroup/AXGroup/AXGroup/AXButton[@AXDescription="7"]] (Path: ui://AXApplication[@AXTitle="Calculator"][@bundleIdentifier="com.apple.calculator"]/AXWindow[@AXTitle="Calculator"]/AXGroup/AXSplitGroup/AXGroup/AXGroup/AXButton[@AXDescription="7"])
UI element discovery successful
Found 1 text elements in Calculator
Sample text content:
  Text 1: AXStaticText: <no title> [ui://AXApplication[@AXTitle="Calculator"][@bundleIdentifier="com.apple.calculator"]/AXWindow[@AXTitle="Calculator"]/AXGroup/AXSplitGroup/AXGroup/AXGroup/AXGroup/AXScrollArea[@AXDescription="Input"]/AXStaticText]
First button element path: ui://AXApplication[@AXTitle="Calculator"][@bundleIdentifier="com.apple.calculator"]/AXWindow[@AXTitle="Calculator"]/AXGroup/AXSplitGroup/AXGroup/AXGroup/AXButton[@AXDescription="All Clear"]
Saved screenshot for inspection: /Users/jesse/Documents/GitHub/projects/mac-mcp/MacMCP/test-screenshots/screenshot_window_396x700_20250519_130924.png
2025-05-19T13:09:56-0500 info mcp.test.simpletest.console : [TestsWithoutMocks] Initialized logging to file: /var/folders/43/prgnkdr95317fd_zbljq8thm0000gn/T/SimpleTest-2025-05-19T18-09-56Z.log
2025-05-19T13:09:56-0500 info mcp.test.simpletest.console : [TestsWithoutMocks] Set MCP_LOG_LEVEL=trace for enhanced logging
2025-05-19T13:09:56-0500 info mcp.test.simpletest.console : [TestsWithoutMocks] Set MCP_PATH_RESOLUTION_DEBUG=true for path resolution diagnostics
2025-05-19T13:09:56-0500 info mcp.test.simpletest.console : [TestsWithoutMocks] Set MCP_ATTRIBUTE_MATCHING_DEBUG=true for attribute matching diagnostics
2025-05-19T13:09:56-0500 info mcp.test.simpletest.console : [TestsWithoutMocks] Set MCP_FULL_HIERARCHY_DEBUG=true for full hierarchy diagnostics
2025-05-19T13:09:56-0500 info mcp.test.simpletest.console : [TestsWithoutMocks] Created accessibility tree diagnostic log at: /var/folders/43/prgnkdr95317fd_zbljq8thm0000gn/T/SimpleTest-accessibility-2025-05-19T18-09-56Z.log
2025-05-19T13:09:56-0500 info mcp.test.simpletest.console : [TestsWithoutMocks] ====== TEST SETUP STARTED ======
2025-05-19T13:09:56-0500 info mcp.test.simpletest.console : [TestsWithoutMocks] Running example test
2025-05-19T13:09:56-0500 info mcp.test.simpletest.console : [TestsWithoutMocks] ====== TEST TEARDOWN STARTED ======
2025-05-19T13:09:56-0500 info mcp.test.simpletest.console : [TestsWithoutMocks] Test log available at: /var/folders/43/prgnkdr95317fd_zbljq8thm0000gn/T/SimpleTest-2025-05-19T18-09-56Z.log
For detailed debug info, check the log file at: /var/folders/43/prgnkdr95317fd_zbljq8thm0000gn/T/SimpleTest-2025-05-19T18-09-56Z.log
2025-05-19T13:09:56-0500 info mcp.test.simpletest.console : [TestsWithoutMocks] Accessibility diagnostic log available at: /var/folders/43/prgnkdr95317fd_zbljq8thm0000gn/T/SimpleTest-accessibility-2025-05-19T18-09-56Z.log
2025-05-19T13:09:56-0500 info mcp.test.simpletest.console : [TestsWithoutMocks] ====== TEST TEARDOWN COMPLETE ======
Test Case '-[TestsWithoutMocks.SimpleTest testExample]' passed (0.002 seconds).
Test Suite 'SimpleTest' passed at 2025-05-19 13:09:56.486.
         Executed 1 test, with 0 failures (0 unexpected) in 0.002 (0.002) seconds
Test Suite 'SimpleTextEditTest' started at 2025-05-19 13:09:56.486.
Test Case '-[TestsWithoutMocks.SimpleTextEditTest testBasicFormatting]' started.
2025-05-19 13:09:57.605 xctest[49374:54473795] ERROR: Failed to get attribute AXDescription (code: -25200)
2025-05-19 13:09:57.642 xctest[49374:54473795] ERROR: Failed to get attribute AXDescription (code: -25200)
2025-05-19 13:10:02.417 xctest[49374:54474258] ERROR: Failed to get attribute AXDescription (code: -25200)
2025-05-19 13:10:02.455 xctest[49374:54474258] ERROR: Failed to get attribute AXDescription (code: -25200)
2025-05-19 13:10:02.477 xctest[49374:54474258] ERROR: Failed to get attribute AXDescription (code: -25200)
Test Case '-[TestsWithoutMocks.SimpleTextEditTest testBasicFormatting]' passed (6.224 seconds).
Test Case '-[TestsWithoutMocks.SimpleTextEditTest testBasicTextTyping]' started.
2025-05-19 13:10:03.874 xctest[49374:54474626] ERROR: Failed to get attribute AXDescription (code: -25200)
2025-05-19 13:10:03.917 xctest[49374:54474626] ERROR: Failed to get attribute AXDescription (code: -25200)
2025-05-19 13:10:08.722 xctest[49374:54474258] ERROR: Failed to get attribute AXDescription (code: -25200)
2025-05-19 13:10:08.760 xctest[49374:54474258] ERROR: Failed to get attribute AXDescription (code: -25200)
2025-05-19 13:10:08.789 xctest[49374:54474258] ERROR: Failed to get attribute AXDescription (code: -25200)
Test Case '-[TestsWithoutMocks.SimpleTextEditTest testBasicTextTyping]' passed (6.282 seconds).
Test Case '-[TestsWithoutMocks.SimpleTextEditTest testCombinedTextOperations]' started.
2025-05-19 13:10:10.117 xctest[49374:54473795] ERROR: Failed to get attribute AXDescription (code: -25200)
2025-05-19 13:10:10.165 xctest[49374:54473795] ERROR: Failed to get attribute AXDescription (code: -25200)
2025-05-19 13:10:10.186 xctest[49374:54473795] ERROR: Failed to get attribute AXDescription (code: -25200)
2025-05-19 13:10:14.692 xctest[49374:54474626] ERROR: Failed to get attribute AXDescription (code: -25200)
2025-05-19 13:10:14.746 xctest[49374:54474626] ERROR: Failed to get attribute AXDescription (code: -25200)
2025-05-19 13:10:14.768 xctest[49374:54474626] ERROR: Failed to get attribute AXDescription (code: -25200)
/Users/jesse/Documents/GitHub/projects/mac-mcp/MacMCP/Sources/MacMCP/Models/ElementPath.swift:1146: error: -[TestsWithoutMocks.SimpleTextEditTest testCombinedTextOperations] : failed: caught error: "Failed to resolve segment: Could not find elements matching segment: AXMenuBarItem[@AXTitle="Format > Font > Bigger"] at index 2"
Test Case '-[TestsWithoutMocks.SimpleTextEditTest testCombinedTextOperations]' failed (10.842 seconds).
Test Suite 'SimpleTextEditTest' failed at 2025-05-19 13:10:19.834.
         Executed 3 tests, with 1 failure (1 unexpected) in 23.349 (23.349) seconds
Test Suite 'TextEditFormattingTest' started at 2025-05-19 13:10:19.835.
Test Case '-[TestsWithoutMocks.TextEditFormattingTest testSaveAndReopen]' started.
2025-05-19 13:10:20.973 xctest[49374:54474260] ERROR: Failed to get attribute AXDescription (code: -25200)
2025-05-19 13:10:21.030 xctest[49374:54474260] ERROR: Failed to get attribute AXDescription (code: -25200)
2025-05-19 13:10:21.052 xctest[49374:54474260] ERROR: Failed to get attribute AXDescription (code: -25200)
2025-05-19 13:10:21.073 xctest[49374:54474260] ERROR: Failed to get attribute AXDescription (code: -25200)
/Users/jesse/Documents/GitHub/projects/mac-mcp/MacMCP/Sources/MacMCP/Models/ElementPath.swift:1146: error: -[TestsWithoutMocks.TextEditFormattingTest testSaveAndReopen] : failed: caught error: "Failed to resolve segment: Could not find elements matching segment: AXMenuBarItem[@AXTitle="Format > Font > Bigger"] at index 2"
Test Case '-[TestsWithoutMocks.TextEditFormattingTest testSaveAndReopen]' failed (6.583 seconds).
Test Case '-[TestsWithoutMocks.TextEditFormattingTest testTextFormatting]' started.
2025-05-19 13:10:27.549 xctest[49374:54474260] ERROR: Failed to get attribute AXDescription (code: -25200)
2025-05-19 13:10:27.604 xctest[49374:54474260] ERROR: Failed to get attribute AXDescription (code: -25200)
2025-05-19 13:10:27.626 xctest[49374:54474260] ERROR: Failed to get attribute AXDescription (code: -25200)
2025-05-19 13:10:27.647 xctest[49374:54474260] ERROR: Failed to get attribute AXDescription (code: -25200)
2025-05-19 13:10:27.667 xctest[49374:54474260] ERROR: Failed to get attribute AXDescription (code: -25200)
2025-05-19 13:10:33.228 xctest[49374:54474260] ERROR: Failed to get attribute AXDescription (code: -25200)
2025-05-19 13:10:33.266 xctest[49374:54474260] ERROR: Failed to get attribute AXDescription (code: -25200)
2025-05-19 13:10:33.290 xctest[49374:54474260] ERROR: Failed to get attribute AXDescription (code: -25200)
2025-05-19 13:10:33.309 xctest[49374:54474260] ERROR: Failed to get attribute AXDescription (code: -25200)
2025-05-19 13:10:33.328 xctest[49374:54474260] ERROR: Failed to get attribute AXDescription (code: -25200)
2025-05-19 13:10:33.346 xctest[49374:54474260] ERROR: Failed to get attribute AXDescription (code: -25200)
Test Case '-[TestsWithoutMocks.TextEditFormattingTest testTextFormatting]' passed (7.149 seconds).
Test Case '-[TestsWithoutMocks.TextEditFormattingTest testTypeText]' started.
2025-05-19 13:10:34.695 xctest[49374:54474260] ERROR: Failed to get attribute AXDescription (code: -25200)
2025-05-19 13:10:34.754 xctest[49374:54474260] ERROR: Failed to get attribute AXDescription (code: -25200)
2025-05-19 13:10:34.775 xctest[49374:54474260] ERROR: Failed to get attribute AXDescription (code: -25200)
2025-05-19 13:10:34.795 xctest[49374:54474260] ERROR: Failed to get attribute AXDescription (code: -25200)
2025-05-19 13:10:34.815 xctest[49374:54474260] ERROR: Failed to get attribute AXDescription (code: -25200)
2025-05-19 13:10:34.835 xctest[49374:54474260] ERROR: Failed to get attribute AXDescription (code: -25200)
2025-05-19 13:10:39.754 xctest[49374:54474626] ERROR: Failed to get attribute AXDescription (code: -25200)
2025-05-19 13:10:39.793 xctest[49374:54474626] ERROR: Failed to get attribute AXDescription (code: -25200)
2025-05-19 13:10:39.848 xctest[49374:54474626] ERROR: Failed to get attribute AXDescription (code: -25200)
2025-05-19 13:10:39.866 xctest[49374:54474626] ERROR: Failed to get attribute AXDescription (code: -25200)
2025-05-19 13:10:39.884 xctest[49374:54474626] ERROR: Failed to get attribute AXDescription (code: -25200)
2025-05-19 13:10:39.902 xctest[49374:54474626] ERROR: Failed to get attribute AXDescription (code: -25200)
2025-05-19 13:10:39.921 xctest[49374:54474626] ERROR: Failed to get attribute AXDescription (code: -25200)
Test Case '-[TestsWithoutMocks.TextEditFormattingTest testTypeText]' passed (6.570 seconds).
Test Suite 'TextEditFormattingTest' failed at 2025-05-19 13:10:40.138.
         Executed 3 tests, with 1 failure (1 unexpected) in 20.303 (20.303) seconds
Test Suite 'UIInteractionToolE2ETests' started at 2025-05-19 13:10:40.138.
Test Case '-[TestsWithoutMocks.UIInteractionToolE2ETests testBasicClick]' started.
/Users/jesse/Documents/GitHub/projects/mac-mcp/MacMCP/Tests/TestsWithoutMocks/ToolE2ETests/UIInteractionToolE2ETests.swift:131: error: -[TestsWithoutMocks.UIInteractionToolE2ETests testBasicClick] : XCTAssertNotNil failed - Should find the '+' button
/Users/jesse/Documents/GitHub/projects/mac-mcp/MacMCP/Tests/TestsWithoutMocks/ToolE2ETests/UIInteractionToolE2ETests.swift:132: error: -[TestsWithoutMocks.UIInteractionToolE2ETests testBasicClick] : XCTAssertNotNil failed - Should find the '=' button
/Users/jesse/Documents/GitHub/projects/mac-mcp/MacMCP/Tests/TestsWithoutMocks/ToolE2ETests/UIInteractionToolE2ETests.swift:138: error: -[TestsWithoutMocks.UIInteractionToolE2ETests testBasicClick] : failed - Failed to find all required buttons
Test Case '-[TestsWithoutMocks.UIInteractionToolE2ETests testBasicClick]' failed (21.963 seconds).
Test Case '-[TestsWithoutMocks.UIInteractionToolE2ETests testClickNonExistentElement]' started.
2025-05-19T13:11:14-0500 info mcp.tool.ui_interact : appBundleId=com.apple.calculator [MacMCP] Using provided appBundleId alongside element path
2025-05-19T13:11:14-0500 warning mcp.tool.ui_interact : error=The operation couldn’t be completed. (MacMCP.ElementPathError error 6.) [MacMCP] Element path did not resolve, but will still attempt click operation
2025-05-19T13:11:14-0500 info mcp.tool.ui_interact.interaction : [MacMCP] Attempting detailed path resolution diagnosis...
2025-05-19T13:11:14-0500 error mcp.tool.ui_interact : code=1 domain=MacMCP.MacMCPErrorInfo error=Failed to find element with path: ui://AXApplication/AXWindow/AXButton[@description="NonExistentButton"] [MacMCP] Click operation failed
2025-05-19T13:11:14-0500 error mcp.tool.ui_interact : code=1 domain=MacMCP.MacMCPErrorInfo error=Failed to find element with path: ui://AXApplication/AXWindow/AXButton[@description="NonExistentButton"] info=[:] [MacMCP] UIInteractionTool.handler error
/Users/jesse/Documents/GitHub/projects/mac-mcp/MacMCP/Tests/TestsWithoutMocks/ToolE2ETests/UIInteractionToolE2ETests.swift:1133: error: -[TestsWithoutMocks.UIInteractionToolE2ETests testClickNonExistentElement] : XCTAssertTrue failed - Error should indicate element not found: failed to find element with path: ui://axapplication/axwindow/axbutton[@description="nonexistentbutton"]
2025-05-19T13:11:14-0500 info mcp.tool.ui_interact : appBundleId=com.apple.calculator [MacMCP] Using provided appBundleId alongside element path
2025-05-19T13:11:14-0500 warning mcp.tool.ui_interact : error=The operation couldn’t be completed. (MacMCP.ElementPathError error 6.) [MacMCP] Element path did not resolve, but will still attempt click operation
2025-05-19T13:11:14-0500 info mcp.tool.ui_interact.interaction : [MacMCP] Attempting detailed path resolution diagnosis...
2025-05-19T13:11:15-0500 error mcp.tool.ui_interact : code=1 domain=MacMCP.MacMCPErrorInfo error=Failed to find element with path: ui://AXApplication/AXWindow/AXButton[@description="NonExistentButton"] [MacMCP] Click operation failed
2025-05-19T13:11:15-0500 error mcp.tool.ui_interact : code=1 domain=MacMCP.MacMCPErrorInfo error=Failed to find element with path: ui://AXApplication/AXWindow/AXButton[@description="NonExistentButton"] info=[:] [MacMCP] UIInteractionTool.handler error
/Users/jesse/Documents/GitHub/projects/mac-mcp/MacMCP/Tests/TestsWithoutMocks/ToolE2ETests/UIInteractionToolE2ETests.swift:1154: error: -[TestsWithoutMocks.UIInteractionToolE2ETests testClickNonExistentElement] : XCTAssertTrue failed - Error should indicate element not found
Test Case '-[TestsWithoutMocks.UIInteractionToolE2ETests testClickNonExistentElement]' failed (13.905 seconds).
Test Case '-[TestsWithoutMocks.UIInteractionToolE2ETests testClickWithCoordinates]' started.
Test Case '-[TestsWithoutMocks.UIInteractionToolE2ETests testClickWithCoordinates]' passed (18.369 seconds).
Test Case '-[TestsWithoutMocks.UIInteractionToolE2ETests testDifferentClickTypes]' started.
2025-05-19 13:11:53.058 xctest[49374:54477364] ERROR: Failed to get attribute AXDescription (code: -25200)
2025-05-19 13:11:53.105 xctest[49374:54477364] ERROR: Failed to get attribute AXDescription (code: -25200)
2025-05-19 13:11:53.126 xctest[49374:54477364] ERROR: Failed to get attribute AXDescription (code: -25200)
2025-05-19 13:11:53.148 xctest[49374:54477364] ERROR: Failed to get attribute AXDescription (code: -25200)
2025-05-19 13:11:53.168 xctest[49374:54477364] ERROR: Failed to get attribute AXDescription (code: -25200)
2025-05-19 13:11:53.189 xctest[49374:54477364] ERROR: Failed to get attribute AXDescription (code: -25200)
2025-05-19 13:11:53.209 xctest[49374:54477364] ERROR: Failed to get attribute AXDescription (code: -25200)
2025-05-19 13:11:59.778 xctest[49374:54477366] ERROR: Failed to get attribute AXDescription (code: -25200)
2025-05-19 13:11:59.827 xctest[49374:54477366] ERROR: Failed to get attribute AXDescription (code: -25200)
2025-05-19 13:11:59.848 xctest[49374:54477366] ERROR: Failed to get attribute AXDescription (code: -25200)
2025-05-19 13:11:59.869 xctest[49374:54477366] ERROR: Failed to get attribute AXDescription (code: -25200)
2025-05-19 13:11:59.890 xctest[49374:54477366] ERROR: Failed to get attribute AXDescription (code: -25200)
2025-05-19 13:11:59.910 xctest[49374:54477366] ERROR: Failed to get attribute AXDescription (code: -25200)
2025-05-19 13:11:59.931 xctest[49374:54477366] ERROR: Failed to get attribute AXDescription (code: -25200)
2025-05-19 13:12:07.793 xctest[49374:54477364] ERROR: Failed to get attribute AXDescription (code: -25200)
2025-05-19 13:12:07.824 xctest[49374:54477364] ERROR: Failed to get attribute AXDescription (code: -25200)
2025-05-19 13:12:07.848 xctest[49374:54477364] ERROR: Failed to get attribute AXDescription (code: -25200)
2025-05-19 13:12:07.866 xctest[49374:54477364] ERROR: Failed to get attribute AXDescription (code: -25200)
2025-05-19 13:12:07.884 xctest[49374:54477364] ERROR: Failed to get attribute AXDescription (code: -25200)
2025-05-19 13:12:07.903 xctest[49374:54477364] ERROR: Failed to get attribute AXDescription (code: -25200)
2025-05-19 13:12:07.921 xctest[49374:54477364] ERROR: Failed to get attribute AXDescription (code: -25200)
2025-05-19 13:12:07.940 xctest[49374:54477364] ERROR: Failed to get attribute AXDescription (code: -25200)
2025-05-19 13:12:08.163 xctest[49374:54477372] ERROR: Failed to get attribute AXDescription (code: -25200)
2025-05-19 13:12:08.164 xctest[49374:54477372] WARNING: Element does not support action AXPress. Available actions: AXShowMenu
/Users/jesse/Documents/GitHub/projects/mac-mcp/MacMCP/Sources/MacMCP/Accessibility/AccessibilityElement.swift:1020: error: -[TestsWithoutMocks.UIInteractionToolE2ETests testDifferentClickTypes] : failed: caught error: "Error Domain=com.macos.mcp.accessibility Code=-2 "Element does not support action AXPress" UserInfo={NSLocalizedDescription=Element does not support action AXPress}"
Test Case '-[TestsWithoutMocks.UIInteractionToolE2ETests testDifferentClickTypes]' failed (34.802 seconds).
Test Case '-[TestsWithoutMocks.UIInteractionToolE2ETests testDragOperation]' started.
2025-05-19 13:12:27.797 xctest[49374:54478051] ERROR: Failed to get attribute AXDescription (code: -25200)
2025-05-19 13:12:27.852 xctest[49374:54478051] ERROR: Failed to get attribute AXDescription (code: -25200)
2025-05-19 13:12:27.872 xctest[49374:54478051] ERROR: Failed to get attribute AXDescription (code: -25200)
2025-05-19 13:12:27.894 xctest[49374:54478051] ERROR: Failed to get attribute AXDescription (code: -25200)
2025-05-19 13:12:27.914 xctest[49374:54478051] ERROR: Failed to get attribute AXDescription (code: -25200)
2025-05-19 13:12:27.935 xctest[49374:54478051] ERROR: Failed to get attribute AXDescription (code: -25200)
2025-05-19 13:12:27.955 xctest[49374:54478051] ERROR: Failed to get attribute AXDescription (code: -25200)
2025-05-19 13:12:27.976 xctest[49374:54478051] ERROR: Failed to get attribute AXDescription (code: -25200)
2025-05-19 13:12:34.540 xctest[49374:54477372] ERROR: Failed to get attribute AXDescription (code: -25200)
2025-05-19 13:12:34.588 xctest[49374:54477372] ERROR: Failed to get attribute AXDescription (code: -25200)
2025-05-19 13:12:34.610 xctest[49374:54477372] ERROR: Failed to get attribute AXDescription (code: -25200)
2025-05-19 13:12:34.632 xctest[49374:54477372] ERROR: Failed to get attribute AXDescription (code: -25200)
2025-05-19 13:12:34.652 xctest[49374:54477372] ERROR: Failed to get attribute AXDescription (code: -25200)
2025-05-19 13:12:34.672 xctest[49374:54477372] ERROR: Failed to get attribute AXDescription (code: -25200)
2025-05-19 13:12:34.692 xctest[49374:54477372] ERROR: Failed to get attribute AXDescription (code: -25200)
2025-05-19 13:12:34.712 xctest[49374:54477372] ERROR: Failed to get attribute AXDescription (code: -25200)
2025-05-19 13:12:42.264 xctest[49374:54478052] ERROR: Failed to get attribute AXDescription (code: -25200)
2025-05-19 13:12:42.298 xctest[49374:54478052] ERROR: Failed to get attribute AXDescription (code: -25200)
2025-05-19 13:12:42.322 xctest[49374:54478052] ERROR: Failed to get attribute AXDescription (code: -25200)
2025-05-19 13:12:42.341 xctest[49374:54478052] ERROR: Failed to get attribute AXDescription (code: -25200)
2025-05-19 13:12:42.360 xctest[49374:54478052] ERROR: Failed to get attribute AXDescription (code: -25200)
2025-05-19 13:12:42.379 xctest[49374:54478052] ERROR: Failed to get attribute AXDescription (code: -25200)
2025-05-19 13:12:42.398 xctest[49374:54478052] ERROR: Failed to get attribute AXDescription (code: -25200)
2025-05-19 13:12:42.417 xctest[49374:54478052] ERROR: Failed to get attribute AXDescription (code: -25200)
2025-05-19 13:12:42.436 xctest[49374:54478052] ERROR: Failed to get attribute AXDescription (code: -25200)
2025-05-19T13:12:42-0500 error mcp.tool.ui_interact : code=3 domain=MCP.MCPError error=Invalid params: Drag action requires targetElementPath (action: drag, providedParams: elementPath, action, toolName: macos_ui_interact, sourceElementPath: ui://AXApplication[@AXTitle="TextEdit"][@bundleIdentifier="com.apple.TextEdit"]/AXWindow[@AXTitle="Untitled 41.rtf"]/AXScrollArea/AXTextArea) info=[:] [MacMCP] UIInteractionTool.handler error
Test Case '-[TestsWithoutMocks.UIInteractionToolE2ETests testDragOperation]' passed (34.520 seconds).
Test Case '-[TestsWithoutMocks.UIInteractionToolE2ETests testInvalidAction]' started.
2025-05-19T13:12:56-0500 error mcp.tool.ui_interact : code=3 domain=MCP.MCPError error=Invalid params: Invalid action: invalid_action. Must be one of: click, double_click, right_click, drag, scroll (providedAction: invalid_action, toolName: macos_ui_interact, validActions: click, double_click, right_click, drag, scroll) info=[:] [MacMCP] UIInteractionTool.handler error
2025-05-19T13:12:56-0500 error mcp.tool.ui_interact : code=3 domain=MCP.MCPError error=Invalid params: Action is required (toolName: macos_ui_interact) info=[:] [MacMCP] UIInteractionTool.handler error
Test Case '-[TestsWithoutMocks.UIInteractionToolE2ETests testInvalidAction]' passed (13.448 seconds).
Test Case '-[TestsWithoutMocks.UIInteractionToolE2ETests testRightClick]' started.
2025-05-19 13:13:15.782 xctest[49374:54478705] ERROR: Failed to get attribute AXDescription (code: -25200)
2025-05-19 13:13:15.840 xctest[49374:54478705] ERROR: Failed to get attribute AXDescription (code: -25200)
2025-05-19 13:13:15.861 xctest[49374:54478705] ERROR: Failed to get attribute AXDescription (code: -25200)
2025-05-19 13:13:15.883 xctest[49374:54478705] ERROR: Failed to get attribute AXDescription (code: -25200)
2025-05-19 13:13:15.903 xctest[49374:54478705] ERROR: Failed to get attribute AXDescription (code: -25200)
2025-05-19 13:13:15.925 xctest[49374:54478705] ERROR: Failed to get attribute AXDescription (code: -25200)
2025-05-19 13:13:15.945 xctest[49374:54478705] ERROR: Failed to get attribute AXDescription (code: -25200)
2025-05-19 13:13:15.966 xctest[49374:54478705] ERROR: Failed to get attribute AXDescription (code: -25200)
2025-05-19 13:13:15.986 xctest[49374:54478705] ERROR: Failed to get attribute AXDescription (code: -25200)
2025-05-19 13:13:22.527 xctest[49374:54478051] ERROR: Failed to get attribute AXDescription (code: -25200)
2025-05-19 13:13:22.584 xctest[49374:54478051] ERROR: Failed to get attribute AXDescription (code: -25200)
2025-05-19 13:13:22.606 xctest[49374:54478051] ERROR: Failed to get attribute AXDescription (code: -25200)
2025-05-19 13:13:22.628 xctest[49374:54478051] ERROR: Failed to get attribute AXDescription (code: -25200)
2025-05-19 13:13:22.648 xctest[49374:54478051] ERROR: Failed to get attribute AXDescription (code: -25200)
2025-05-19 13:13:22.668 xctest[49374:54478051] ERROR: Failed to get attribute AXDescription (code: -25200)
2025-05-19 13:13:22.689 xctest[49374:54478051] ERROR: Failed to get attribute AXDescription (code: -25200)
2025-05-19 13:13:22.710 xctest[49374:54478051] ERROR: Failed to get attribute AXDescription (code: -25200)
2025-05-19 13:13:22.730 xctest[49374:54478051] ERROR: Failed to get attribute AXDescription (code: -25200)
2025-05-19 13:13:29.984 xctest[49374:54478705] ERROR: Failed to get attribute AXDescription (code: -25200)
2025-05-19 13:13:30.023 xctest[49374:54478705] ERROR: Failed to get attribute AXDescription (code: -25200)
2025-05-19 13:13:30.051 xctest[49374:54478705] ERROR: Failed to get attribute AXDescription (code: -25200)
2025-05-19 13:13:30.070 xctest[49374:54478705] ERROR: Failed to get attribute AXDescription (code: -25200)
2025-05-19 13:13:30.091 xctest[49374:54478705] ERROR: Failed to get attribute AXDescription (code: -25200)
2025-05-19 13:13:30.110 xctest[49374:54478705] ERROR: Failed to get attribute AXDescription (code: -25200)
2025-05-19 13:13:30.129 xctest[49374:54478705] ERROR: Failed to get attribute AXDescription (code: -25200)
2025-05-19 13:13:30.147 xctest[49374:54478705] ERROR: Failed to get attribute AXDescription (code: -25200)
2025-05-19 13:13:30.165 xctest[49374:54478705] ERROR: Failed to get attribute AXDescription (code: -25200)
2025-05-19 13:13:30.184 xctest[49374:54478705] ERROR: Failed to get attribute AXDescription (code: -25200)
2025-05-19 13:13:30.443 xctest[49374:54478951] WARNING: Element does not support action AXPress. Available actions: AXShowMenu
2025-05-19T13:13:30-0500 error mcp.tool.ui_interact : error=Element does not support action AXPress [MacMCP] Position click operation failed
2025-05-19T13:13:30-0500 error mcp.tool.ui_interact : code=-2 domain=com.macos.mcp.accessibility error=Element does not support action AXPress info=["NSLocalizedDescription": "Element does not support action AXPress"] [MacMCP] UIInteractionTool.handler error
/Users/jesse/Documents/GitHub/projects/mac-mcp/MacMCP/Sources/MacMCP/Tools/UIInteractionTool.swift:170: error: -[TestsWithoutMocks.UIInteractionToolE2ETests testRightClick] : failed: caught error: "Error Domain=com.macos.mcp.accessibility Code=-2 "Element does not support action AXPress" UserInfo={NSLocalizedDescription=Element does not support action AXPress}"
Test Case '-[TestsWithoutMocks.UIInteractionToolE2ETests testRightClick]' failed (34.307 seconds).
Test Case '-[TestsWithoutMocks.UIInteractionToolE2ETests testScrollOperation]' started.
2025-05-19 13:13:50.222 xctest[49374:54479605] ERROR: Failed to get attribute AXDescription (code: -25200)
2025-05-19 13:13:50.279 xctest[49374:54479605] ERROR: Failed to get attribute AXDescription (code: -25200)
2025-05-19 13:13:50.300 xctest[49374:54479605] ERROR: Failed to get attribute AXDescription (code: -25200)
2025-05-19 13:13:50.321 xctest[49374:54479605] ERROR: Failed to get attribute AXDescription (code: -25200)
2025-05-19 13:13:50.342 xctest[49374:54479605] ERROR: Failed to get attribute AXDescription (code: -25200)
2025-05-19 13:13:50.362 xctest[49374:54479605] ERROR: Failed to get attribute AXDescription (code: -25200)
2025-05-19 13:13:50.383 xctest[49374:54479605] ERROR: Failed to get attribute AXDescription (code: -25200)
2025-05-19 13:13:50.404 xctest[49374:54479605] ERROR: Failed to get attribute AXDescription (code: -25200)
2025-05-19 13:13:50.424 xctest[49374:54479605] ERROR: Failed to get attribute AXDescription (code: -25200)
2025-05-19 13:13:50.444 xctest[49374:54479605] ERROR: Failed to get attribute AXDescription (code: -25200)
2025-05-19T13:13:55-0500 info mcp.test.textedit : params=bundleIdentifier, action [MacMCP] Handling activateApplication action
2025-05-19T13:13:55-0500 info mcp.test.textedit : [MacMCP] Handling getFrontmostApplication action
2025-05-19 13:14:12.261 xctest[49374:54479605] ERROR: Failed to get attribute AXDescription (code: -25200)
2025-05-19 13:14:12.291 xctest[49374:54479605] ERROR: Failed to get attribute AXDescription (code: -25200)
2025-05-19 13:14:12.316 xctest[49374:54479605] ERROR: Failed to get attribute AXDescription (code: -25200)
2025-05-19 13:14:12.336 xctest[49374:54479605] ERROR: Failed to get attribute AXDescription (code: -25200)
2025-05-19 13:14:12.357 xctest[49374:54479605] ERROR: Failed to get attribute AXDescription (code: -25200)
2025-05-19 13:14:12.379 xctest[49374:54479605] ERROR: Failed to get attribute AXDescription (code: -25200)
2025-05-19 13:14:12.400 xctest[49374:54479605] ERROR: Failed to get attribute AXDescription (code: -25200)
2025-05-19 13:14:12.421 xctest[49374:54479605] ERROR: Failed to get attribute AXDescription (code: -25200)
2025-05-19 13:14:12.442 xctest[49374:54479605] ERROR: Failed to get attribute AXDescription (code: -25200)
2025-05-19 13:14:12.463 xctest[49374:54479605] ERROR: Failed to get attribute AXDescription (code: -25200)
2025-05-19 13:14:12.483 xctest[49374:54479605] ERROR: Failed to get attribute AXDescription (code: -25200)
2025-05-19 13:14:17.727 xctest[49374:54479603] ERROR: Failed to get attribute AXDescription (code: -25200)
2025-05-19 13:14:17.750 xctest[49374:54479603] ERROR: Failed to get attribute AXDescription (code: -25200)
2025-05-19 13:14:17.773 xctest[49374:54479603] ERROR: Failed to get attribute AXDescription (code: -25200)
2025-05-19 13:14:17.796 xctest[49374:54479603] ERROR: Failed to get attribute AXDescription (code: -25200)
2025-05-19 13:14:17.817 xctest[49374:54479603] ERROR: Failed to get attribute AXDescription (code: -25200)
2025-05-19 13:14:17.836 xctest[49374:54479603] ERROR: Failed to get attribute AXDescription (code: -25200)
2025-05-19 13:14:17.855 xctest[49374:54479603] ERROR: Failed to get attribute AXDescription (code: -25200)
2025-05-19 13:14:17.875 xctest[49374:54479603] ERROR: Failed to get attribute AXDescription (code: -25200)
2025-05-19 13:14:17.894 xctest[49374:54479603] ERROR: Failed to get attribute AXDescription (code: -25200)
2025-05-19 13:14:17.914 xctest[49374:54479603] ERROR: Failed to get attribute AXDescription (code: -25200)
2025-05-19 13:14:17.933 xctest[49374:54479603] ERROR: Failed to get attribute AXDescription (code: -25200)
2025-05-19 13:14:17.952 xctest[49374:54479603] ERROR: Failed to get attribute AXDescription (code: -25200)
2025-05-19 13:14:18.193 xctest[49374:54479603] ERROR: Failed to get attribute AXDescription (code: -25200)
2025-05-19 13:14:18.199 xctest[49374:54479603] ERROR: Failed to get attribute AXDescription (code: -25200)
2025-05-19 13:14:18.212 xctest[49374:54479603] ERROR: Failed to get attribute AXDescription (code: -25200)
2025-05-19 13:14:18.231 xctest[49374:54479603] ERROR: Failed to get attribute AXDescription (code: -25200)
2025-05-19 13:14:18.249 xctest[49374:54479603] ERROR: Failed to get attribute AXDescription (code: -25200)
2025-05-19 13:14:18.268 xctest[49374:54479603] ERROR: Failed to get attribute AXDescription (code: -25200)
2025-05-19 13:14:18.287 xctest[49374:54479603] ERROR: Failed to get attribute AXDescription (code: -25200)
2025-05-19 13:14:18.307 xctest[49374:54479603] ERROR: Failed to get attribute AXDescription (code: -25200)
2025-05-19 13:14:18.326 xctest[49374:54479603] ERROR: Failed to get attribute AXDescription (code: -25200)
2025-05-19 13:14:18.345 xctest[49374:54479603] ERROR: Failed to get attribute AXDescription (code: -25200)
2025-05-19 13:14:18.364 xctest[49374:54479603] ERROR: Failed to get attribute AXDescription (code: -25200)
2025-05-19 13:14:18.382 xctest[49374:54479603] ERROR: Failed to get attribute AXDescription (code: -25200)
2025-05-19 13:14:18.587 xctest[49374:54479605] ERROR: Failed to get attribute AXDescription (code: -25200)
2025-05-19 13:14:18.593 xctest[49374:54479605] ERROR: Failed to get attribute AXDescription (code: -25200)
2025-05-19 13:14:18.606 xctest[49374:54479605] ERROR: Failed to get attribute AXDescription (code: -25200)
2025-05-19 13:14:18.625 xctest[49374:54479605] ERROR: Failed to get attribute AXDescription (code: -25200)
2025-05-19 13:14:18.644 xctest[49374:54479605] ERROR: Failed to get attribute AXDescription (code: -25200)
2025-05-19 13:14:18.663 xctest[49374:54479605] ERROR: Failed to get attribute AXDescription (code: -25200)
2025-05-19 13:14:18.684 xctest[49374:54479605] ERROR: Failed to get attribute AXDescription (code: -25200)
2025-05-19 13:14:18.704 xctest[49374:54479605] ERROR: Failed to get attribute AXDescription (code: -25200)
2025-05-19 13:14:18.722 xctest[49374:54479605] ERROR: Failed to get attribute AXDescription (code: -25200)
2025-05-19 13:14:18.741 xctest[49374:54479605] ERROR: Failed to get attribute AXDescription (code: -25200)
2025-05-19 13:14:18.759 xctest[49374:54479605] ERROR: Failed to get attribute AXDescription (code: -25200)
2025-05-19 13:14:18.777 xctest[49374:54479605] ERROR: Failed to get attribute AXDescription (code: -25200)
2025-05-19 13:14:18.970 xctest[49374:54479603] ERROR: Failed to get attribute AXDescription (code: -25200)
2025-05-19 13:14:18.976 xctest[49374:54479603] ERROR: Failed to get attribute AXDescription (code: -25200)
2025-05-19 13:14:18.988 xctest[49374:54479603] ERROR: Failed to get attribute AXDescription (code: -25200)
2025-05-19 13:14:19.007 xctest[49374:54479603] ERROR: Failed to get attribute AXDescription (code: -25200)
2025-05-19 13:14:19.024 xctest[49374:54479603] ERROR: Failed to get attribute AXDescription (code: -25200)
2025-05-19 13:14:19.043 xctest[49374:54479603] ERROR: Failed to get attribute AXDescription (code: -25200)
2025-05-19 13:14:19.062 xctest[49374:54479603] ERROR: Failed to get attribute AXDescription (code: -25200)
2025-05-19 13:14:19.080 xctest[49374:54479603] ERROR: Failed to get attribute AXDescription (code: -25200)
2025-05-19 13:14:19.099 xctest[49374:54479603] ERROR: Failed to get attribute AXDescription (code: -25200)
2025-05-19 13:14:19.117 xctest[49374:54479603] ERROR: Failed to get attribute AXDescription (code: -25200)
2025-05-19 13:14:19.137 xctest[49374:54479603] ERROR: Failed to get attribute AXDescription (code: -25200)
2025-05-19 13:14:19.156 xctest[49374:54479603] ERROR: Failed to get attribute AXDescription (code: -25200)
2025-05-19T13:14:19-0500 error mcp.tool.ui_interact : code=6 domain=MacMCP.ElementPathError error=The operation couldn’t be completed. (MacMCP.ElementPathError error 6.) info=[:] [MacMCP] UIInteractionTool.handler error
/Users/jesse/Documents/GitHub/projects/mac-mcp/MacMCP/Sources/MacMCP/Tools/UIInteractionTool.swift:170: error: -[TestsWithoutMocks.UIInteractionToolE2ETests testScrollOperation] : failed: caught error: "Failed to resolve segment: Could not find elements matching segment: AXTextArea at index 2"
Test Case '-[TestsWithoutMocks.UIInteractionToolE2ETests testScrollOperation]' failed (48.967 seconds).
Test Case '-[TestsWithoutMocks.UIInteractionToolE2ETests testTypeText]' started.
2025-05-19 13:14:39.027 xctest[49374:54480311] ERROR: Failed to get attribute AXDescription (code: -25200)
2025-05-19 13:14:39.082 xctest[49374:54480311] ERROR: Failed to get attribute AXDescription (code: -25200)
2025-05-19 13:14:39.105 xctest[49374:54480311] ERROR: Failed to get attribute AXDescription (code: -25200)
2025-05-19 13:14:39.128 xctest[49374:54480311] ERROR: Failed to get attribute AXDescription (code: -25200)
2025-05-19 13:14:39.149 xctest[49374:54480311] ERROR: Failed to get attribute AXDescription (code: -25200)
2025-05-19 13:14:39.169 xctest[49374:54480311] ERROR: Failed to get attribute AXDescription (code: -25200)
2025-05-19 13:14:39.189 xctest[49374:54480311] ERROR: Failed to get attribute AXDescription (code: -25200)
2025-05-19 13:14:39.210 xctest[49374:54480311] ERROR: Failed to get attribute AXDescription (code: -25200)
2025-05-19 13:14:39.230 xctest[49374:54480311] ERROR: Failed to get attribute AXDescription (code: -25200)
2025-05-19 13:14:39.251 xctest[49374:54480311] ERROR: Failed to get attribute AXDescription (code: -25200)
2025-05-19 13:14:45.878 xctest[49374:54480468] ERROR: Failed to get attribute AXDescription (code: -25200)
2025-05-19 13:14:45.930 xctest[49374:54480468] ERROR: Failed to get attribute AXDescription (code: -25200)
2025-05-19 13:14:45.953 xctest[49374:54480468] ERROR: Failed to get attribute AXDescription (code: -25200)
2025-05-19 13:14:45.975 xctest[49374:54480468] ERROR: Failed to get attribute AXDescription (code: -25200)
2025-05-19 13:14:45.996 xctest[49374:54480468] ERROR: Failed to get attribute AXDescription (code: -25200)
2025-05-19 13:14:46.016 xctest[49374:54480468] ERROR: Failed to get attribute AXDescription (code: -25200)
2025-05-19 13:14:46.037 xctest[49374:54480468] ERROR: Failed to get attribute AXDescription (code: -25200)
2025-05-19 13:14:46.058 xctest[49374:54480468] ERROR: Failed to get attribute AXDescription (code: -25200)
2025-05-19 13:14:46.078 xctest[49374:54480468] ERROR: Failed to get attribute AXDescription (code: -25200)
2025-05-19 13:14:46.099 xctest[49374:54480468] ERROR: Failed to get attribute AXDescription (code: -25200)
2025-05-19 13:14:52.181 xctest[49374:54480466] ERROR: Failed to get attribute AXDescription (code: -25200)
2025-05-19 13:14:52.218 xctest[49374:54480466] ERROR: Failed to get attribute AXDescription (code: -25200)
2025-05-19 13:14:52.250 xctest[49374:54480466] ERROR: Failed to get attribute AXDescription (code: -25200)
2025-05-19 13:14:52.272 xctest[49374:54480466] ERROR: Failed to get attribute AXDescription (code: -25200)
2025-05-19 13:14:52.291 xctest[49374:54480466] ERROR: Failed to get attribute AXDescription (code: -25200)
2025-05-19 13:14:52.310 xctest[49374:54480466] ERROR: Failed to get attribute AXDescription (code: -25200)
2025-05-19 13:14:52.329 xctest[49374:54480466] ERROR: Failed to get attribute AXDescription (code: -25200)
2025-05-19 13:14:52.349 xctest[49374:54480466] ERROR: Failed to get attribute AXDescription (code: -25200)
2025-05-19 13:14:52.368 xctest[49374:54480466] ERROR: Failed to get attribute AXDescription (code: -25200)
2025-05-19 13:14:52.387 xctest[49374:54480466] ERROR: Failed to get attribute AXDescription (code: -25200)
2025-05-19 13:14:52.406 xctest[49374:54480466] ERROR: Failed to get attribute AXDescription (code: -25200)
2025-05-19 13:14:58.163 xctest[49374:54480465] ERROR: Failed to get attribute AXDescription (code: -25200)
2025-05-19 13:14:58.195 xctest[49374:54480465] ERROR: Failed to get attribute AXDescription (code: -25200)
2025-05-19 13:14:58.217 xctest[49374:54480465] ERROR: Failed to get attribute AXDescription (code: -25200)
2025-05-19 13:14:58.238 xctest[49374:54480465] ERROR: Failed to get attribute AXDescription (code: -25200)
2025-05-19 13:14:58.259 xctest[49374:54480465] ERROR: Failed to get attribute AXDescription (code: -25200)
2025-05-19 13:14:58.277 xctest[49374:54480465] ERROR: Failed to get attribute AXDescription (code: -25200)
2025-05-19 13:14:58.296 xctest[49374:54480465] ERROR: Failed to get attribute AXDescription (code: -25200)
2025-05-19 13:14:58.315 xctest[49374:54480465] ERROR: Failed to get attribute AXDescription (code: -25200)
2025-05-19 13:14:58.335 xctest[49374:54480465] ERROR: Failed to get attribute AXDescription (code: -25200)
2025-05-19 13:14:58.353 xctest[49374:54480465] ERROR: Failed to get attribute AXDescription (code: -25200)
2025-05-19 13:14:58.372 xctest[49374:54480465] ERROR: Failed to get attribute AXDescription (code: -25200)
2025-05-19 13:14:58.612 xctest[49374:54480465] ERROR: Failed to get attribute AXDescription (code: -25200)
2025-05-19 13:14:58.625 xctest[49374:54480465] ERROR: Failed to get attribute AXDescription (code: -25200)
2025-05-19 13:14:58.643 xctest[49374:54480465] ERROR: Failed to get attribute AXDescription (code: -25200)
2025-05-19 13:14:58.662 xctest[49374:54480465] ERROR: Failed to get attribute AXDescription (code: -25200)
2025-05-19 13:14:58.681 xctest[49374:54480465] ERROR: Failed to get attribute AXDescription (code: -25200)
2025-05-19 13:14:58.700 xctest[49374:54480465] ERROR: Failed to get attribute AXDescription (code: -25200)
2025-05-19 13:14:58.719 xctest[49374:54480465] ERROR: Failed to get attribute AXDescription (code: -25200)
2025-05-19 13:14:58.738 xctest[49374:54480465] ERROR: Failed to get attribute AXDescription (code: -25200)
2025-05-19 13:14:58.756 xctest[49374:54480465] ERROR: Failed to get attribute AXDescription (code: -25200)
2025-05-19 13:14:58.774 xctest[49374:54480465] ERROR: Failed to get attribute AXDescription (code: -25200)
2025-05-19 13:14:58.792 xctest[49374:54480465] ERROR: Failed to get attribute AXDescription (code: -25200)
2025-05-19 13:14:58.976 xctest[49374:54480468] ERROR: Failed to get attribute AXDescription (code: -25200)
2025-05-19 13:14:58.976 xctest[49374:54480468] WARNING: Element does not support action AXPress. Available actions: AXShowMenu
2025-05-19T13:14:58-0500 error mcp.tool.ui_interact : error=Element does not support action AXPress [MacMCP] Position click operation failed
2025-05-19T13:14:58-0500 error mcp.tool.ui_interact : code=-2 domain=com.macos.mcp.accessibility error=Element does not support action AXPress info=["NSLocalizedDescription": "Element does not support action AXPress"] [MacMCP] UIInteractionTool.handler error
/Users/jesse/Documents/GitHub/projects/mac-mcp/MacMCP/Sources/MacMCP/Tools/UIInteractionTool.swift:170: error: -[TestsWithoutMocks.UIInteractionToolE2ETests testTypeText] : failed: caught error: "Error Domain=com.macos.mcp.accessibility Code=-2 "Element does not support action AXPress" UserInfo={NSLocalizedDescription=Element does not support action AXPress}"
Test Case '-[TestsWithoutMocks.UIInteractionToolE2ETests testTypeText]' failed (39.591 seconds).
Test Suite 'UIInteractionToolE2ETests' failed at 2025-05-19 13:15:00.012.
         Executed 9 tests, with 9 failures (4 unexpected) in 259.872 (259.874) seconds
Test Suite 'WindowManagementE2ETests' started at 2025-05-19 13:15:00.012.
Test Case '-[TestsWithoutMocks.WindowManagementE2ETests testGetApplicationWindows]' started.
/Users/jesse/Documents/GitHub/projects/mac-mcp/MacMCP/Tests/TestsWithoutMocks/ApplicationTests/WindowManagementE2ETests.swift:87: error: -[TestsWithoutMocks.WindowManagementE2ETests testGetApplicationWindows] : XCTAssertEqual failed: ("nil") is not equal to ("Optional("AXWindow")") - Role should be AXWindow
Test Case '-[TestsWithoutMocks.WindowManagementE2ETests testGetApplicationWindows]' failed (11.891 seconds).
Test Case '-[TestsWithoutMocks.WindowManagementE2ETests testMinimizeAndActivateWindow]' started.
2025-05-19T13:15:22-0500 error mcp.toolchain : error=AXError(rawValue: -25205) path=ui://AXApplication[@AXTitle="Calculator"][@bundleIdentifier="com.apple.calculator"]/AXWindow[@AXTitle="Calculator"] [MacMCP] Failed to minimize window
/Users/jesse/Documents/GitHub/projects/mac-mcp/MacMCP/Sources/MacMCP/Tools/WindowManagementTool.swift:443: error: -[TestsWithoutMocks.WindowManagementE2ETests testMinimizeAndActivateWindow] : failed: caught error: "[-32603] Internal error: Failed to minimize window: Failed to minimize window: AXError(rawValue: -25205)"
Test Case '-[TestsWithoutMocks.WindowManagementE2ETests testMinimizeAndActivateWindow]' failed (11.695 seconds).
Test Case '-[TestsWithoutMocks.WindowManagementE2ETests testMoveWindow]' started.
2025-05-19T13:15:34-0500 error mcp.toolchain : error=AXError(rawValue: -25201) path=ui://AXApplication[@AXTitle="Calculator"][@bundleIdentifier="com.apple.calculator"]/AXWindow[@AXTitle="Calculator"] point=(200.0, 200.0) [MacMCP] Failed to move window
/Users/jesse/Documents/GitHub/projects/mac-mcp/MacMCP/Sources/MacMCP/Tools/WindowManagementTool.swift:369: error: -[TestsWithoutMocks.WindowManagementE2ETests testMoveWindow] : failed: caught error: "[-32603] Internal error: Failed to move window: Failed to move window: AXError(rawValue: -25201)"
Test Case '-[TestsWithoutMocks.WindowManagementE2ETests testMoveWindow]' failed (11.858 seconds).
Test Case '-[TestsWithoutMocks.WindowManagementE2ETests testResizeWindow]' started.
2025-05-19T13:15:46-0500 error mcp.toolchain : error=AXError(rawValue: -25201) path=ui://AXApplication[@AXTitle="Calculator"][@bundleIdentifier="com.apple.calculator"]/AXWindow[@AXTitle="Calculator"] size=(400.0, 500.0) [MacMCP] Failed to resize window
/Users/jesse/Documents/GitHub/projects/mac-mcp/MacMCP/Sources/MacMCP/Tools/WindowManagementTool.swift:417: error: -[TestsWithoutMocks.WindowManagementE2ETests testResizeWindow] : failed: caught error: "[-32603] Internal error: Failed to resize window: Failed to resize window: AXError(rawValue: -25201)"
Test Case '-[TestsWithoutMocks.WindowManagementE2ETests testResizeWindow]' failed (11.874 seconds).
Test Suite 'WindowManagementE2ETests' failed at 2025-05-19 13:15:47.330.
         Executed 4 tests, with 4 failures (3 unexpected) in 47.317 (47.318) seconds
Test Suite 'WindowManagementToolTests' started at 2025-05-19 13:15:47.330.
Test Case '-[TestsWithMocks.WindowManagementToolTests testActivateWindow]' started.
/Users/jesse/Documents/GitHub/projects/mac-mcp/MacMCP/Tests/TestsWithMocks/ToolTests/WindowManagementToolTests.swift:836: error: -[TestsWithMocks.WindowManagementToolTests testActivateWindow] : XCTAssertTrue failed - Response should indicate success
/Users/jesse/Documents/GitHub/projects/mac-mcp/MacMCP/Tests/TestsWithMocks/ToolTests/WindowManagementToolTests.swift:837: error: -[TestsWithMocks.WindowManagementToolTests testActivateWindow] : XCTAssertTrue failed - Response should include action name
/Users/jesse/Documents/GitHub/projects/mac-mcp/MacMCP/Tests/TestsWithMocks/ToolTests/WindowManagementToolTests.swift:839: error: -[TestsWithMocks.WindowManagementToolTests testActivateWindow] : XCTAssertTrue failed - Response should include window ID
Test Case '-[TestsWithMocks.WindowManagementToolTests testActivateWindow]' failed (0.003 seconds).
Test Case '-[TestsWithMocks.WindowManagementToolTests testCloseWindow]' started.
/Users/jesse/Documents/GitHub/projects/mac-mcp/MacMCP/Tests/TestsWithMocks/ToolTests/WindowManagementToolTests.swift:781: error: -[TestsWithMocks.WindowManagementToolTests testCloseWindow] : XCTAssertTrue failed - Response should indicate success
/Users/jesse/Documents/GitHub/projects/mac-mcp/MacMCP/Tests/TestsWithMocks/ToolTests/WindowManagementToolTests.swift:782: error: -[TestsWithMocks.WindowManagementToolTests testCloseWindow] : XCTAssertTrue failed - Response should include action name
/Users/jesse/Documents/GitHub/projects/mac-mcp/MacMCP/Tests/TestsWithMocks/ToolTests/WindowManagementToolTests.swift:784: error: -[TestsWithMocks.WindowManagementToolTests testCloseWindow] : XCTAssertTrue failed - Response should include window ID
Test Case '-[TestsWithMocks.WindowManagementToolTests testCloseWindow]' failed (0.003 seconds).
Test Case '-[TestsWithMocks.WindowManagementToolTests testErrorHandling]' started.
Test Case '-[TestsWithMocks.WindowManagementToolTests testErrorHandling]' passed (0.001 seconds).
Test Case '-[TestsWithMocks.WindowManagementToolTests testFocusWindow]' started.
/Users/jesse/Documents/GitHub/projects/mac-mcp/MacMCP/Tests/TestsWithMocks/ToolTests/WindowManagementToolTests.swift:1016: error: -[TestsWithMocks.WindowManagementToolTests testFocusWindow] : XCTAssertTrue failed - Response should indicate success
/Users/jesse/Documents/GitHub/projects/mac-mcp/MacMCP/Tests/TestsWithMocks/ToolTests/WindowManagementToolTests.swift:1017: error: -[TestsWithMocks.WindowManagementToolTests testFocusWindow] : XCTAssertTrue failed - Response should include action name
/Users/jesse/Documents/GitHub/projects/mac-mcp/MacMCP/Tests/TestsWithMocks/ToolTests/WindowManagementToolTests.swift:1019: error: -[TestsWithMocks.WindowManagementToolTests testFocusWindow] : XCTAssertTrue failed - Response should include window ID
Test Case '-[TestsWithMocks.WindowManagementToolTests testFocusWindow]' failed (0.002 seconds).
Test Case '-[TestsWithMocks.WindowManagementToolTests testGetActiveWindow]' started.
Test Case '-[TestsWithMocks.WindowManagementToolTests testGetActiveWindow]' passed (0.001 seconds).
Test Case '-[TestsWithMocks.WindowManagementToolTests testGetApplicationWindows]' started.
Test Case '-[TestsWithMocks.WindowManagementToolTests testGetApplicationWindows]' passed (0.001 seconds).
Test Case '-[TestsWithMocks.WindowManagementToolTests testMaximizeWindow]' started.
/Users/jesse/Documents/GitHub/projects/mac-mcp/MacMCP/Tests/TestsWithMocks/ToolTests/WindowManagementToolTests.swift:726: error: -[TestsWithMocks.WindowManagementToolTests testMaximizeWindow] : XCTAssertTrue failed - Response should indicate success
/Users/jesse/Documents/GitHub/projects/mac-mcp/MacMCP/Tests/TestsWithMocks/ToolTests/WindowManagementToolTests.swift:727: error: -[TestsWithMocks.WindowManagementToolTests testMaximizeWindow] : XCTAssertTrue failed - Response should include action name
/Users/jesse/Documents/GitHub/projects/mac-mcp/MacMCP/Tests/TestsWithMocks/ToolTests/WindowManagementToolTests.swift:729: error: -[TestsWithMocks.WindowManagementToolTests testMaximizeWindow] : XCTAssertTrue failed - Response should include window ID
Test Case '-[TestsWithMocks.WindowManagementToolTests testMaximizeWindow]' failed (0.002 seconds).
Test Case '-[TestsWithMocks.WindowManagementToolTests testMinimizeWindow]' started.
/Users/jesse/Documents/GitHub/projects/mac-mcp/MacMCP/Tests/TestsWithMocks/ToolTests/WindowManagementToolTests.swift:671: error: -[TestsWithMocks.WindowManagementToolTests testMinimizeWindow] : XCTAssertTrue failed - Response should indicate success
/Users/jesse/Documents/GitHub/projects/mac-mcp/MacMCP/Tests/TestsWithMocks/ToolTests/WindowManagementToolTests.swift:672: error: -[TestsWithMocks.WindowManagementToolTests testMinimizeWindow] : XCTAssertTrue failed - Response should include action name
/Users/jesse/Documents/GitHub/projects/mac-mcp/MacMCP/Tests/TestsWithMocks/ToolTests/WindowManagementToolTests.swift:674: error: -[TestsWithMocks.WindowManagementToolTests testMinimizeWindow] : XCTAssertTrue failed - Response should include window ID
Test Case '-[TestsWithMocks.WindowManagementToolTests testMinimizeWindow]' failed (0.002 seconds).
Test Case '-[TestsWithMocks.WindowManagementToolTests testMoveWindow]' started.
/Users/jesse/Documents/GitHub/projects/mac-mcp/MacMCP/Tests/TestsWithMocks/ToolTests/WindowManagementToolTests.swift:557: error: -[TestsWithMocks.WindowManagementToolTests testMoveWindow] : XCTAssertTrue failed - Response should indicate success
/Users/jesse/Documents/GitHub/projects/mac-mcp/MacMCP/Tests/TestsWithMocks/ToolTests/WindowManagementToolTests.swift:558: error: -[TestsWithMocks.WindowManagementToolTests testMoveWindow] : XCTAssertTrue failed - Response should include action name
/Users/jesse/Documents/GitHub/projects/mac-mcp/MacMCP/Tests/TestsWithMocks/ToolTests/WindowManagementToolTests.swift:560: error: -[TestsWithMocks.WindowManagementToolTests testMoveWindow] : XCTAssertTrue failed - Response should include window ID
Test Case '-[TestsWithMocks.WindowManagementToolTests testMoveWindow]' failed (0.002 seconds).
Test Case '-[TestsWithMocks.WindowManagementToolTests testResizeWindow]' started.
/Users/jesse/Documents/GitHub/projects/mac-mcp/MacMCP/Tests/TestsWithMocks/ToolTests/WindowManagementToolTests.swift:616: error: -[TestsWithMocks.WindowManagementToolTests testResizeWindow] : XCTAssertTrue failed - Response should indicate success
/Users/jesse/Documents/GitHub/projects/mac-mcp/MacMCP/Tests/TestsWithMocks/ToolTests/WindowManagementToolTests.swift:617: error: -[TestsWithMocks.WindowManagementToolTests testResizeWindow] : XCTAssertTrue failed - Response should include action name
/Users/jesse/Documents/GitHub/projects/mac-mcp/MacMCP/Tests/TestsWithMocks/ToolTests/WindowManagementToolTests.swift:619: error: -[TestsWithMocks.WindowManagementToolTests testResizeWindow] : XCTAssertTrue failed - Response should include window ID
Test Case '-[TestsWithMocks.WindowManagementToolTests testResizeWindow]' failed (0.002 seconds).
Test Case '-[TestsWithMocks.WindowManagementToolTests testSetWindowOrder]' started.
/Users/jesse/Documents/GitHub/projects/mac-mcp/MacMCP/Tests/TestsWithMocks/ToolTests/WindowManagementToolTests.swift:894: error: -[TestsWithMocks.WindowManagementToolTests testSetWindowOrder] : XCTAssertTrue failed - Response should indicate success
/Users/jesse/Documents/GitHub/projects/mac-mcp/MacMCP/Tests/TestsWithMocks/ToolTests/WindowManagementToolTests.swift:895: error: -[TestsWithMocks.WindowManagementToolTests testSetWindowOrder] : XCTAssertTrue failed - Response should include action name
/Users/jesse/Documents/GitHub/projects/mac-mcp/MacMCP/Tests/TestsWithMocks/ToolTests/WindowManagementToolTests.swift:897: error: -[TestsWithMocks.WindowManagementToolTests testSetWindowOrder] : XCTAssertTrue failed - Response should include window ID
/Users/jesse/Documents/GitHub/projects/mac-mcp/MacMCP/Tests/TestsWithMocks/ToolTests/WindowManagementToolTests.swift:903: error: -[TestsWithMocks.WindowManagementToolTests testSetWindowOrder] : XCTAssertTrue failed - Response should include order mode
Test Case '-[TestsWithMocks.WindowManagementToolTests testSetWindowOrder]' failed (0.002 seconds).
Test Case '-[TestsWithMocks.WindowManagementToolTests testSetWindowOrderWithReference]' started.
/Users/jesse/Documents/GitHub/projects/mac-mcp/MacMCP/Tests/TestsWithMocks/ToolTests/WindowManagementToolTests.swift:955: error: -[TestsWithMocks.WindowManagementToolTests testSetWindowOrderWithReference] : XCTAssertTrue failed - Response should indicate success
/Users/jesse/Documents/GitHub/projects/mac-mcp/MacMCP/Tests/TestsWithMocks/ToolTests/WindowManagementToolTests.swift:956: error: -[TestsWithMocks.WindowManagementToolTests testSetWindowOrderWithReference] : XCTAssertTrue failed - Response should include action name
/Users/jesse/Documents/GitHub/projects/mac-mcp/MacMCP/Tests/TestsWithMocks/ToolTests/WindowManagementToolTests.swift:958: error: -[TestsWithMocks.WindowManagementToolTests testSetWindowOrderWithReference] : XCTAssertTrue failed - Response should include window ID
/Users/jesse/Documents/GitHub/projects/mac-mcp/MacMCP/Tests/TestsWithMocks/ToolTests/WindowManagementToolTests.swift:964: error: -[TestsWithMocks.WindowManagementToolTests testSetWindowOrderWithReference] : XCTAssertTrue failed - Response should include order mode
/Users/jesse/Documents/GitHub/projects/mac-mcp/MacMCP/Tests/TestsWithMocks/ToolTests/WindowManagementToolTests.swift:966: error: -[TestsWithMocks.WindowManagementToolTests testSetWindowOrderWithReference] : XCTAssertTrue failed - Response should include reference window ID
Test Case '-[TestsWithMocks.WindowManagementToolTests testSetWindowOrderWithReference]' failed (0.002 seconds).
Test Case '-[TestsWithMocks.WindowManagementToolTests testValidationErrors]' started.
Test Case '-[TestsWithMocks.WindowManagementToolTests testValidationErrors]' passed (0.000 seconds).
Test Suite 'WindowManagementToolTests' failed at 2025-05-19 13:15:47.353.
         Executed 13 tests, with 30 failures (0 unexpected) in 0.022 (0.023) seconds
Test Suite 'MacMCPPackageTests.xctest' failed at 2025-05-19 13:15:47.353.
         Executed 133 tests, with 1 test skipped and 122 failures (12 unexpected) in 679.141 (679.155) seconds
Test Suite 'All tests' failed at 2025-05-19 13:15:47.353.
         Executed 133 tests, with 1 test skipped and 122 failures (12 unexpected) in 679.141 (679.156) seconds
Setting up UIInteractionToolE2ETests
Launching Calculator
Starting testBasicClick
Finding calculator buttons...
Setting up UIInteractionToolE2ETests
Launching Calculator
Starting testClickNonExistentElement
Attempting to click on non-existent element: ui://AXApplication/AXWindow/AXButton[@description="NonExistentButton"]
Received expected error: failed to find element with path: ui://axapplication/axwindow/axbutton[@description="nonexistentbutton"]
Test passed: Appropriate error thrown for non-existent element
Setting up UIInteractionToolE2ETests
Launching Calculator
Found button '5' at frame: (314.0, 515.0, 40.0, 40.0)
Setting up UIInteractionToolE2ETests
Launching Calculator
Test requires TextEdit, setting it up
Terminating existing TextEdit instance
Launching TextEdit
Starting testDifferentClickTypes with mouse-based interactions...
Typing text in TextEdit...
Text area found at: (384.0, 400.0, 586.0, 388.0)
Will double-click at position: (677.0, 594.0)
Setting up UIInteractionToolE2ETests
Launching Calculator
Test requires TextEdit, setting it up
Terminating existing TextEdit instance
Launching TextEdit
Starting testDragOperation placeholder...
Setting up UIInteractionToolE2ETests
Launching Calculator
Starting testInvalidAction
Setting up UIInteractionToolE2ETests
Launching Calculator
Test requires TextEdit, setting it up
Terminating existing TextEdit instance
Launching TextEdit
Starting testRightClick...
Setting up UIInteractionToolE2ETests
Launching Calculator
Test requires TextEdit, setting it up
Terminating existing TextEdit instance
Launching TextEdit
Starting testScrollOperation...
Current working directory: /Users/jesse/Documents/GitHub/projects/mac-mcp/MacMCP
Test file path: /Users/jesse/Documents/GitHub/projects/mac-mcp/MacMCP/Tests/TestsWithoutMocks/TestAssets/ScrollTestContent.txt
Test file exists at path: /Users/jesse/Documents/GitHub/projects/mac-mcp/MacMCP/Tests/TestsWithoutMocks/TestAssets/ScrollTestContent.txt
Ensuring TextEdit is in foreground before opening file...
Activation result: {
    "success": true,
    "bundleIdentifier": "com.apple.TextEdit"
}
Frontmost app: {
    "success": true,
    "bundleIdentifier": "com.apple.TextEdit",
    "applicationName": "TextEdit",
    "processIdentifier": 49470,
    "isActive": true,
    "isFinishedLaunching": true
}
Started document open operation
Waiting for file dialog to appear...
Looking for Open button in file dialog...
Searching for button with title 'Open' in scope: application...
Found button with title 'Open': ui://AXApplication[@AXTitle="TextEdit"][@bundleIdentifier="com.apple.TextEdit"]/AXWindow[@AXTitle="Open"]/AXButton[@AXTitle="Open"]
Found Open button with path: ui://AXApplication[@AXTitle="TextEdit"][@bundleIdentifier="com.apple.TextEdit"]/AXWindow[@AXTitle="Open"]/AXButton[@AXTitle="Open"]
Clicked Open button
Attempting to get text area...
Found text area with path: ui://AXApplication[@AXTitle="TextEdit"][@bundleIdentifier="com.apple.TextEdit"]/AXWindow[@AXTitle="ScrollTestContent.txt"]/AXScrollArea/AXTextArea
Using text area path: ui://AXApplication[@bundleIdentifier="com.apple.TextEdit"]/AXWindow/AXTextArea
Document loaded with 2716 characters
Initial document view state - shows end marker: true
===== TextArea Element Details =====
Role: AXTextArea
Path: ui://AXApplication[@AXTitle="TextEdit"][@bundleIdentifier="com.apple.TextEdit"]/AXWindow[@AXTitle="ScrollTestContent.txt"]/AXScrollArea/AXTextArea
Description: <unavailable>
Frame: (500.0, 456.0, 646.0, 884.0)
Children: 0
Actions: AXShowMenu
Capabilities: Clickable: false, Editable: true
All attributes:
  selected: false
  editable: true
  application: TextEdit
  enabled: true
  hasMenu: true
  visible: true
  selectable: true
  focused: true

=== All Text Areas in TextEdit ===
Found 12 text areas
TextArea 0:
  Path: ui://AXApplication[@AXTitle="TextEdit"][@bundleIdentifier="com.apple.TextEdit"]/AXWindow[@AXTitle="ScrollTestContent.txt"]/AXScrollArea/AXTextArea
  Role: AXTextArea
  Frame: (500.0, 456.0, 646.0, 884.0)
  Actions: AXShowMenu
TextArea 1:
  Path: ui://AXApplication[@AXTitle="TextEdit"][@bundleIdentifier="com.apple.TextEdit"]/AXWindow[@AXTitle="Untitled 44"]/AXScrollArea/AXTextArea
  Role: AXTextArea
  Frame: (471.0, 487.0, 586.0, 388.0)
  Actions: AXShowMenu
TextArea 2:
  Path: ui://AXApplication[@AXTitle="TextEdit"][@bundleIdentifier="com.apple.TextEdit"]/AXWindow[@AXTitle="Untitled 43.rtf"]/AXScrollArea/AXTextArea
  Role: AXTextArea
  Frame: (442.0, 458.0, 586.0, 388.0)
  Actions: AXShowMenu
TextArea 3:
  Path: ui://AXApplication[@AXTitle="TextEdit"][@bundleIdentifier="com.apple.TextEdit"]/AXWindow[@AXTitle="Untitled 27"]/AXScrollArea/AXTextArea
  Role: AXTextArea
  Frame: (210.0, 226.0, 586.0, 899.0)
  Actions: AXShowMenu
TextArea 4:
  Path: ui://AXApplication[@AXTitle="TextEdit"][@bundleIdentifier="com.apple.TextEdit"]/AXWindow[@AXTitle="Untitled 30.rtf"]/AXScrollArea/AXTextArea
  Role: AXTextArea
  Frame: (210.0, 226.0, 586.0, 388.0)
  Actions: AXShowMenu
TextArea 5:
  Path: ui://AXApplication[@AXTitle="TextEdit"][@bundleIdentifier="com.apple.TextEdit"]/AXWindow[@AXTitle="Untitled 31.rtf"]/AXScrollArea/AXTextArea
  Role: AXTextArea
  Frame: (239.0, 255.0, 586.0, 388.0)
  Actions: AXShowMenu
TextArea 6:
  Path: ui://AXApplication[@AXTitle="TextEdit"][@bundleIdentifier="com.apple.TextEdit"]/AXWindow[@AXTitle="Untitled 35.rtf"]/AXScrollArea/AXTextArea
  Role: AXTextArea
  Frame: (268.0, 284.0, 586.0, 388.0)
  Actions: AXShowMenu
TextArea 7:
  Path: ui://AXApplication[@AXTitle="TextEdit"][@bundleIdentifier="com.apple.TextEdit"]/AXWindow[@AXTitle="Untitled 36.rtf"]/AXScrollArea/AXTextArea
  Role: AXTextArea
  Frame: (297.0, 313.0, 586.0, 388.0)
  Actions: AXShowMenu
TextArea 8:
  Path: ui://AXApplication[@AXTitle="TextEdit"][@bundleIdentifier="com.apple.TextEdit"]/AXWindow[@AXTitle="Untitled 38.rtf"]/AXScrollArea/AXTextArea
  Role: AXTextArea
  Frame: (326.0, 342.0, 586.0, 388.0)
  Actions: AXShowMenu
TextArea 9:
  Path: ui://AXApplication[@AXTitle="TextEdit"][@bundleIdentifier="com.apple.TextEdit"]/AXWindow[@AXTitle="Untitled 39.rtf"]/AXScrollArea/AXTextArea
  Role: AXTextArea
  Frame: (355.0, 371.0, 586.0, 388.0)
  Actions: AXShowMenu
TextArea 10:
  Path: ui://AXApplication[@AXTitle="TextEdit"][@bundleIdentifier="com.apple.TextEdit"]/AXWindow[@AXTitle="Untitled 40.rtf"]/AXScrollArea/AXTextArea
  Role: AXTextArea
  Frame: (384.0, 400.0, 586.0, 388.0)
  Actions: AXShowMenu
TextArea 11:
  Path: ui://AXApplication[@AXTitle="TextEdit"][@bundleIdentifier="com.apple.TextEdit"]/AXWindow[@AXTitle="Untitled 41.rtf"]/AXScrollArea/AXTextArea
  Role: AXTextArea
  Frame: (413.0, 429.0, 586.0, 388.0)
  Actions: AXShowMenu

=== All Groups that might be text areas ===
Found 0 potential text groups
===================================
Testing scroll down operation...
Setting up UIInteractionToolE2ETests
Launching Calculator
Test requires TextEdit, setting it up
Terminating existing TextEdit instance
Launching TextEdit
Starting testTypeText with keyboard navigation...
Clicking to position cursor after 'Part1' at coordinates: (588.2, 681.0)
◇ Test run started.
↳ Testing Library Version: 124
↳ Target Platform: arm64e-apple-macos14.0
◇ Suite "Action Logging Tests" started.
◇ Suite "Error Handling Tests" started.
◇ Suite "ElementPath Tests" started.
◇ Suite "UIElement Tests" started.
◇ Suite "UIElement Path Initialization Tests" started.
◇ Suite "UIElement Path Initialization Unit Tests" started.
◇ Suite "PathNormalizer Tests" started.
◇ Suite "Accessibility API Tests" started.
◇ Test "ElementPath empty initialization" started.
◇ Test "Measure resolution performance" started.
◇ Test "ElementPath initialization and properties" started.
◇ Test "PathSegment toString conversion" started.
◇ Suite ElementPathIntegrationTests started.
◇ Test "ElementPath parsing with multiple attributes" started.
◇ Test "UIInteractionTool parameter validation" started.
◇ Test "Path resolution with ambiguous match" started.
◇ Test "ElementPath parsing simple path" started.
◇ Test "Path resolution with simple path" started.
◇ Test "ElementPath roundtrip (parse and toString)" started.
◇ Test "ElementPath parsing invalid prefix" started.
◇ Test "Utility for path resolution in tests" started.
◇ Test "ElementPath parsing with index" started.
◇ Test "Testing attribute matching" started.
◇ Test "ElementPath parsing with attributes" started.
◇ Test "ElementPath parsing empty path" started.
◇ Test "ElementPath parsing with escaped quotes" started.
◇ Test "UIElement path generation with parent hierarchy" started.
◇ Test "Testing enhanced error reporting" started.
◇ Test "ElementPath appending segments" started.
◇ Test "Test path round-trip with real-world paths" started.
◇ Suite UIElementPathInitIntegrationTests started.
◇ Test "Test path resolution diagnostic output contents" started.
◇ Test "Path validation with valid path" started.
◇ Test "Path resolution with no matching elements" started.
◇ Test "UIElement path generation with various attribute types" started.
◇ Test "UIElement child relationships" started.
◇ Test "UIElement path generation with missing attributes" started.
◇ Test "Log filtering by category" started.
◇ Test "Log capture and retrieval" started.
◇ Test "UIElement initialization and properties" started.
◇ Test "ElementPath parsing with attributes and index" started.
◇ Test "Detailed error messages" started.
◇ Test "Path resolution with attributes" started.
◇ Test "ElementPath toString conversion" started.
◇ Test "Accessibility permission errors" started.
◇ Test "Log filtering by time range" started.
◇ Test "Log filtering by action" started.
◇ Test "Simple UIElement path generation" started.
◇ Test "Path resolution with index" started.
◇ Test "UIElement to JSON conversion" started.
◇ Test "PathSegment initialization and properties" started.
◇ Test "ElementPath isElementPath check" started.
◇ Test "UIElement to MCP Value conversion" started.
◇ Test "ElementPath appending segment" started.
◇ Test "Handle error for ambiguous path without index" started.
◇ Test "Menu element path generation compatibility" started.
◇ Test "Initialize UIElement from complex path with multiple attributes" started.
◇ Test "Handle error when initializing from invalid path" started.
◇ Test "Compare different paths" started.
◇ Test "Initialize UIElement from ElementPath object" started.
◇ Test "Initialize UIElement from simple path" started.
◇ Test "Compare semantically equivalent paths" started.
◇ Test "Compare identical paths" started.
◇ Test "Compare paths with different hierarchies" started.
◇ Test "Initialize UIElement from path with index disambiguation" started.
◇ Test "Handle error when comparing invalid paths" started.
✘ Test "UIElement path generation with parent hierarchy" recorded an issue at UIElementTests.swift:208:5: Expectation failed: (path → "ui://AXWindow[@AXTitle="Test Window"]/AXGroup[@AXTitle="Controls Group"]/AXButton[@AXTitle="OK Button"]").contains("[@title=\"Test Window\"]" → "[@title="Test Window"]")
✘ Test "UIElement path generation with parent hierarchy" recorded an issue at UIElementTests.swift:210:5: Expectation failed: (path → "ui://AXWindow[@AXTitle="Test Window"]/AXGroup[@AXTitle="Controls Group"]/AXButton[@AXTitle="OK Button"]").contains("[@title=\"Controls Group\"]" → "[@title="Controls Group"]")
✘ Test "UIElement path generation with parent hierarchy" recorded an issue at UIElementTests.swift:212:5: Expectation failed: (path → "ui://AXWindow[@AXTitle="Test Window"]/AXGroup[@AXTitle="Controls Group"]/AXButton[@AXTitle="OK Button"]").contains("[@title=\"OK Button\"]" → "[@title="OK Button"]")
✘ Test "ElementPath roundtrip (parse and toString)" recorded an issue at ElementPathTests.swift:287:5: Expectation failed: (regeneratedPath → "ui://AXWindow/AXGroup[@AXName="Controls"][2]/AXButton[@AXDescription="Submit"]") == (originalPath → "ui://AXWindow/AXGroup[@name="Controls"][2]/AXButton[@description="Submit"]")
✘ Test "Test path round-trip with real-world paths" recorded an issue at ElementPathTests.swift:1008:5: Expectation failed: (regeneratedTextEditPath → "ui://AXApplication[@AXTitle="TextEdit"]/AXWindow[@AXTitle="Untitled"]/AXTextArea") == (textEditPath → "ui://AXApplication[@title="TextEdit"]/AXWindow[@AXTitle="Untitled"]/AXTextArea")
2025-05-19T13:15:47-0500 error mcp.tool.ui_interact : code=3 domain=MCP.MCPError error=Invalid params: Parameters are required (toolName: macos_ui_interact) info=[:] [MacMCP] UIInteractionTool.handler error
◇ Test "Test ElementPath parsing errors" started.
✘ Test "ElementPath parsing with attributes" recorded an issue at ElementPathTests.swift:145:5: Expectation failed: (path.segments[1].attributes["name"] → nil) == "Controls"
2025-05-19T13:15:47-0500 error mcp.tool.ui_interact : code=3 domain=MCP.MCPError error=Invalid params: Action is required (toolName: macos_ui_interact) info=[:] [MacMCP] UIInteractionTool.handler error
✘ Test "ElementPath parsing with multiple attributes" recorded an issue at ElementPathTests.swift:198:5: Expectation failed: (path.segments[1].attributes["name"] → nil) == "Controls"
✘ Test "ElementPath parsing with escaped quotes" recorded an issue at ElementPathTests.swift:185:5: Expectation failed: (path.segments[1].attributes["name"] → nil) == ("Group with \"quotes\"" → "Group with "quotes"")
◇ Test "Test ElementPath toString" started.
✘ Test "ElementPath parsing with multiple attributes" recorded an issue at ElementPathTests.swift:199:5: Expectation failed: (path.segments[1].attributes["id"] → nil) == "group1"
✘ Test "UIElement path generation with various attribute types" recorded an issue at UIElementTests.swift:248:5: Expectation failed: (path → "ui://AXTextField[@AXDescription="Search field"][@AXFocused="true"][@AXIdentifier="searchField"][@AXTitle="Search"]").contains("[@title=\"Search\"]" → "[@title="Search"]")
✘ Test "ElementPath parsing with attributes" recorded an issue at ElementPathTests.swift:147:5: Expectation failed: (path.segments[2].attributes["description"] → nil) == "Submit"
2025-05-19T13:15:47-0500 error mcp.tool.ui_interact : code=3 domain=MCP.MCPError error=Invalid params: Invalid action: invalid_action. Must be one of: click, double_click, right_click, drag, scroll (toolName: macos_ui_interact, validActions: click, double_click, right_click, drag, scroll, providedAction: invalid_action) info=[:] [MacMCP] UIInteractionTool.handler error
✘ Test "ElementPath parsing with multiple attributes" recorded an issue at ElementPathTests.swift:201:5: Expectation failed: (path.segments[2].attributes["description"] → nil) == "Submit"
◇ Test "Test appending segments to paths" started.
✘ Test "UIElement path generation with various attribute types" recorded an issue at UIElementTests.swift:249:5: Expectation failed: (path → "ui://AXTextField[@AXDescription="Search field"][@AXFocused="true"][@AXIdentifier="searchField"][@AXTitle="Search"]").contains("[@description=\"Search field\"]" → "[@description="Search field"]")
◇ Test "Test PathSegment toString" started.
2025-05-19T13:15:47-0500 error mcp.tool.ui_interact : details=Click action requires either elementPath or x,y coordinates [MacMCP] Missing required parameters
◇ Test "Escape attribute values" started.
✘ Test "ElementPath parsing with multiple attributes" recorded an issue at ElementPathTests.swift:202:5: Expectation failed: (path.segments[2].attributes["enabled"] → nil) == "true"
✘ Test "ElementPath parsing with attributes and index" recorded an issue at ElementPathTests.swift:171:5: Expectation failed: (path.segments[1].attributes["name"] → nil) == "Controls"
◇ Test "Normalize path string" started.
◇ Test "Normalize attribute names" started.
2025-05-19T13:15:47-0500 error mcp.tool.ui_interact : code=3 domain=MCP.MCPError error=Invalid params: Click action requires either elementPath or x,y coordinates (providedParams: action, toolName: macos_ui_interact, action: click) info=[:] [MacMCP] UIInteractionTool.handler error
✘ Test "ElementPath parsing with attributes and index" recorded an issue at ElementPathTests.swift:174:5: Expectation failed: (path.segments[2].attributes["description"] → nil) == "Submit"
◇ Test "Round-trip escaping and unescaping" started.
◇ Test "Get element attributes" started.
✘ Test "UIElement path generation with various attribute types" recorded an issue at UIElementTests.swift:250:5: Expectation failed: (path → "ui://AXTextField[@AXDescription="Search field"][@AXFocused="true"][@AXIdentifier="searchField"][@AXTitle="Search"]").contains("[@identifier=\"searchField\"]" → "[@identifier="searchField"]")
◇ Test "Test ElementPath parsing" started.
2025-05-19T13:15:47-0500 error mcp.tool.ui_interact : code=3 domain=MCP.MCPError error=Invalid params: Scroll action requires elementPath (providedParams: action, toolName: macos_ui_interact, action: scroll) info=[:] [MacMCP] UIInteractionTool.handler error
◇ Test "Test PathSegment properties" started.
◇ Test "Unescape attribute values" started.
◇ Test "System-wide element access" started.
◇ Test "Application element by PID access" started.
◇ Test "Convert to UIElement model" started.
2025-05-19T13:15:47-0500 error mcp.tool.ui_interact : code=3 domain=MCP.MCPError error=Invalid params: Scroll action requires valid direction (up, down, left, right) (action: scroll, validDirections: up, down, left, right, elementPath: ui://AXApplication[@bundleIdentifier="com.apple.calculator"]/AXWindow, toolName: macos_ui_interact, providedDirection: nil) info=[:] [MacMCP] UIInteractionTool.handler error
◇ Test "Calculate with title-based path resolution" started.
◇ Test "Get element hierarchy (limited depth)" started.
◇ Test "Generate normalized path for UIElement" started.
2025-05-19T13:15:47-0500 error mcp.tool.ui_interact : code=3 domain=MCP.MCPError error=Invalid params: Drag action requires elementPath (source) (providedParams: action, toolName: macos_ui_interact, action: drag) info=[:] [MacMCP] UIInteractionTool.handler error
2025-05-19T13:15:47-0500 error mcp.tool.ui_interact : code=3 domain=MCP.MCPError error=Invalid params: Drag action requires targetElementPath (action: drag, sourceElementPath: ui://AXApplication[@bundleIdentifier="com.apple.calculator"]/AXWindow, providedParams: elementPath, action, toolName: macos_ui_interact) info=[:] [MacMCP] UIInteractionTool.handler error
✘ Test "Simple UIElement path generation" recorded an issue at UIElementTests.swift:167:5: Expectation failed: (path → "ui://AXButton[@AXDescription="A test button"][@AXTitle="Test Button"]").contains("[@title=\"Test Button\"]" → "[@title="Test Button"]")
✘ Test "Simple UIElement path generation" recorded an issue at UIElementTests.swift:170:5: Expectation failed: (path → "ui://AXButton[@AXDescription="A test button"][@AXTitle="Test Button"]").contains("[@description=\"A test button\"]" → "[@description="A test button"]")
↳ // The path should include useful attributes for identification
✘ Test "Menu element path generation compatibility" recorded an issue at UIElementTests.swift:310:5: Expectation failed: (path → "ui://AXMenuBarItem[@AXTitle="File"]/AXMenu/AXMenuItem[@AXTitle="Open"]").contains("[@title=\"File\"]" → "[@title="File"]")
✘ Test "Menu element path generation compatibility" recorded an issue at UIElementTests.swift:313:5: Expectation failed: (path → "ui://AXMenuBarItem[@AXTitle="File"]/AXMenu/AXMenuItem[@AXTitle="Open"]").contains("[@title=\"Open\"]" → "[@title="Open"]")
✘ Test "Initialize UIElement from simple path" recorded an issue at UIElementPathInitTests.swift:729:4: Caught error: Failed to resolve segment: Could not find elements matching segment: AXWindow at index 0
✘ Test "Initialize UIElement from complex path with multiple attributes" recorded an issue at UIElementPathInitTests.swift:752:4: Caught error: Failed to resolve segment: Could not find elements matching segment: AXWindow at index 0
✘ Test "Compare different paths" recorded an issue at UIElementPathInitTests.swift:897:4: Caught error: Failed to resolve segment: Could not find elements matching segment: AXWindow at index 0
✘ Test "Initialize UIElement from ElementPath object" recorded an issue at UIElementPathInitTests.swift:841:4: Caught error: Failed to resolve segment: Could not find elements matching segment: AXWindow at index 0
✘ Test "Compare semantically equivalent paths" recorded an issue at UIElementPathInitTests.swift:879:4: Caught error: Failed to resolve segment: Could not find elements matching segment: AXWindow at index 0
✘ Test "Compare identical paths" recorded an issue at UIElementPathInitTests.swift:862:4: Caught error: Failed to resolve segment: Could not find elements matching segment: AXWindow at index 0
✔ Test "ElementPath empty initialization" passed after 0.003 seconds.
✔ Test "ElementPath parsing empty path" passed after 0.003 seconds.
✔ Test "ElementPath parsing invalid prefix" passed after 0.003 seconds.
✔ Test "ElementPath initialization and properties" passed after 0.003 seconds.
✔ Test "ElementPath appending segments" passed after 0.003 seconds.
✔ Test "PathSegment toString conversion" passed after 0.003 seconds.
◇ Test "Initialize UIElement from simple Calculator path" started.
✘ Test "Initialize UIElement from path with index disambiguation" recorded an issue at UIElementPathInitTests.swift:771:4: Caught error: Failed to resolve segment: Could not find elements matching segment: AXWindow at index 0
✔ Test "Test path resolution diagnostic output contents" passed after 0.003 seconds.
✔ Test "ElementPath parsing simple path" passed after 0.003 seconds.
✘ Test "UIElement path generation with parent hierarchy" failed after 0.003 seconds with 3 issues.
✘ Test "ElementPath roundtrip (parse and toString)" failed after 0.003 seconds with 1 issue.
✔ Test "ElementPath parsing with index" passed after 0.003 seconds.
✘ Test "Test path round-trip with real-world paths" failed after 0.003 seconds with 1 issue.
✔ Test "Path validation with valid path" passed after 0.003 seconds.
✘ Test "Compare paths with different hierarchies" recorded an issue at UIElementPathInitTests.swift:914:4: Caught error: Failed to resolve segment: Could not find elements matching segment: AXWindow at index 0
✔ Test "UIElement child relationships" passed after 0.003 seconds.
✔ Test "Measure resolution performance" passed after 0.003 seconds.
✔ Test "UIElement path generation with missing attributes" passed after 0.003 seconds.
✔ Test "UIElement initialization and properties" passed after 0.003 seconds.
✘ Test "ElementPath parsing with escaped quotes" failed after 0.003 seconds with 1 issue.
✘ Test "ElementPath parsing with attributes" failed after 0.003 seconds with 2 issues.
✘ Test "ElementPath parsing with multiple attributes" failed after 0.003 seconds with 4 issues.
✘ Test "ElementPath parsing with attributes and index" failed after 0.003 seconds with 2 issues.
✘ Test "UIElement path generation with various attribute types" failed after 0.003 seconds with 3 issues.
Skipping test that requires system-level accessibility permissions
✔ Test "Accessibility permission errors" passed after 0.003 seconds.
✔ Test "ElementPath toString conversion" passed after 0.003 seconds.
✔ Test "Detailed error messages" passed after 0.003 seconds.
✔ Test "PathSegment initialization and properties" passed after 0.003 seconds.
✔ Test "Log filtering by time range" passed after 0.003 seconds.
✔ Test "UIInteractionTool parameter validation" passed after 0.003 seconds.
✔ Test "ElementPath isElementPath check" passed after 0.003 seconds.
✔ Test "Log filtering by category" passed after 0.003 seconds.
✔ Test "UIElement to JSON conversion" passed after 0.003 seconds.
✔ Test "Log filtering by action" passed after 0.003 seconds.
✔ Test "ElementPath appending segment" passed after 0.003 seconds.
✘ Test "Menu element path generation compatibility" failed after 0.003 seconds with 2 issues.
✔ Test "Log capture and retrieval" passed after 0.003 seconds.
✘ Test "Simple UIElement path generation" failed after 0.003 seconds with 2 issues.
✘ Test "Initialize UIElement from simple path" failed after 0.003 seconds with 1 issue.
✔ Test "Handle error when initializing from invalid path" passed after 0.003 seconds.
✘ Test "Compare different paths" failed after 0.003 seconds with 1 issue.
✘ Test "Initialize UIElement from ElementPath object" failed after 0.003 seconds with 1 issue.
✘ Test "Compare semantically equivalent paths" failed after 0.003 seconds with 1 issue.
✘ Test "Initialize UIElement from complex path with multiple attributes" failed after 0.003 seconds with 1 issue.
✘ Test "Compare identical paths" failed after 0.003 seconds with 1 issue.
✔ Test "Handle error for ambiguous path without index" passed after 0.003 seconds.
✘ Test "Initialize UIElement from path with index disambiguation" failed after 0.003 seconds with 1 issue.
✔ Test "Handle error when comparing invalid paths" passed after 0.003 seconds.
✘ Test "Compare paths with different hierarchies" failed after 0.003 seconds with 1 issue.
✔ Test "Test ElementPath parsing errors" passed after 0.001 seconds.
✔ Test "Test appending segments to paths" passed after 0.001 seconds.
✔ Test "Test PathSegment toString" passed after 0.001 seconds.
✔ Test "Test ElementPath toString" passed after 0.001 seconds.
✔ Test "Normalize attribute names" passed after 0.001 seconds.
✔ Test "Escape attribute values" passed after 0.001 seconds.
✔ Test "Test PathSegment properties" passed after 0.001 seconds.
✔ Test "Round-trip escaping and unescaping" passed after 0.001 seconds.
✔ Test "Unescape attribute values" passed after 0.001 seconds.
✔ Test "Test ElementPath parsing" passed after 0.001 seconds.
✔ Test "Application element by PID access" passed after 0.001 seconds.
✔ Test "System-wide element access" passed after 0.001 seconds.
✔ Test "Get element hierarchy (limited depth)" passed after 0.001 seconds.
✔ Test "UIElement to MCP Value conversion" passed after 0.003 seconds.
✔ Test "Generate normalized path for UIElement" passed after 0.001 seconds.
✔ Test "Normalize path string" passed after 0.001 seconds.
✔ Suite "Error Handling Tests" passed after 0.004 seconds.
✔ Suite "Action Logging Tests" passed after 0.004 seconds.
✔ Suite "UIElement Path Initialization Unit Tests" passed after 0.004 seconds.
✘ Suite "UIElement Path Initialization Tests" failed after 0.004 seconds with 8 issues.
✔ Suite "PathNormalizer Tests" passed after 0.004 seconds.
✘ Suite "UIElement Tests" failed after 0.004 seconds with 10 issues.
✔ Test "Testing attribute matching" passed after 0.004 seconds.
✔ Test "Path resolution with index" passed after 0.004 seconds.
✔ Test "Path resolution with simple path" passed after 0.005 seconds.
✔ Test "Path resolution with attributes" passed after 0.004 seconds.
✔ Test "Utility for path resolution in tests" passed after 0.004 seconds.
✔ Test "Path resolution with no matching elements" passed after 0.004 seconds.
✔ Test "Testing enhanced error reporting" passed after 0.005 seconds.
✔ Test "Path resolution with ambiguous match" passed after 0.004 seconds.
✘ Suite "ElementPath Tests" failed after 0.005 seconds with 11 issues.
2025-05-19 13:15:47.415 swiftpm-testing-helper[49549:54482378] WARNING: Accessibility operation couldn't complete for attribute AXFocusedApplication
✔ Test "Get element attributes" passed after 0.006 seconds.
✔ Test "Convert to UIElement model" passed after 0.010 seconds.
✔ Suite "Accessibility API Tests" passed after 0.013 seconds.
2025-05-19T13:15:49-0500 error mcp.accessibility : error=AXError(rawValue: -25204) [MacMCP] Failed to get focused application
✘ Test "Initialize UIElement from simple Calculator path" recorded an issue at UIElementPathInitIntegrationTests.swift:41:5: Expectation failed: (windowElement.role → "AXApplication") == "AXWindow"
↳ // Verify properties of the created UIElement
✔ Test "Calculate with title-based path resolution" passed after 2.342 seconds.
◇ Test "Calculate with bundleId-based path resolution" started.
✘ Test "Initialize UIElement from simple Calculator path" failed after 3.361 seconds with 1 issue.
◇ Test "Initialize UIElement from complex Calculator path with multiple attributes" started.

==== PATH DIAGNOSTICS ====
Attempting to diagnose path resolution for: ui://AXApplication[@AXTitle="Calculator"]/AXWindow[@AXTitle="Calculator"]/AXGroup/AXSplitGroup/AXGroup/AXGroup/AXButton[@AXDescription="1"]
Path Resolution Diagnosis for: ui://AXApplication[@AXTitle="Calculator"]/AXWindow[@AXTitle="Calculator"]/AXGroup/AXSplitGroup/AXGroup/AXGroup/AXButton[@AXDescription="1"]
================================================================================

VALIDATION WARNINGS:
  1. Potential ambiguity in segment 2: AXGroup.
Details: Generic role 'AXGroup' without attributes or index may match multiple elements
Consider adding more specific attributes or an index.
  2. Potential ambiguity in segment 4: AXGroup.
Details: Generic role 'AXGroup' without attributes or index may match multiple elements
Consider adding more specific attributes or an index.
  3. Potential ambiguity in segment 5: AXGroup.
Details: Multiple consecutive 'AXGroup' segments without index specification
Consider adding more specific attributes or an index.
  4. Potential ambiguity in segment 5: AXGroup.
Details: Generic role 'AXGroup' without attributes or index may match multiple elements
Consider adding more specific attributes or an index.

✅ Successfully resolved application element

Segment 1: AXWindow[@AXTitle="Calculator"]
❌ No children match this segment
Available children (sample):
  Child 0: role=AXWindow, AXTitle="Untitled 27", AXIdentifier="_NS:34"
    ⚠️ This child has the right role but didn't match other criteria
    - Attribute AXTitle: actual="Untitled 27", expected="Calculator" ❌ NO MATCH
    - Attribute AXTitle: ❌ NOT FOUND or NO MATCH on this element
  Child 1: role=AXWindow, AXTitle="Untitled 30.rtf", AXIdentifier="_NS:34"
    ⚠️ This child has the right role but didn't match other criteria
    - Attribute AXTitle: actual="Untitled 30.rtf", expected="Calculator" ❌ NO MATCH
    - Attribute AXTitle: ❌ NOT FOUND or NO MATCH on this element
  Child 2: role=AXWindow, AXTitle="Untitled 31.rtf", AXIdentifier="_NS:34"
    ⚠️ This child has the right role but didn't match other criteria
    - Attribute AXTitle: actual="Untitled 31.rtf", expected="Calculator" ❌ NO MATCH
    - Attribute AXTitle: ❌ NOT FOUND or NO MATCH on this element
  Child 3: role=AXWindow, AXTitle="Untitled 35.rtf", AXIdentifier="_NS:34"
    ⚠️ This child has the right role but didn't match other criteria
    - Attribute AXTitle: actual="Untitled 35.rtf", expected="Calculator" ❌ NO MATCH
    - Attribute AXTitle: ❌ NOT FOUND or NO MATCH on this element
  Child 4: role=AXWindow, AXTitle="Untitled 36.rtf", AXIdentifier="_NS:34"
    ⚠️ This child has the right role but didn't match other criteria
    - Attribute AXTitle: actual="Untitled 36.rtf", expected="Calculator" ❌ NO MATCH
    - Attribute AXTitle: ❌ NOT FOUND or NO MATCH on this element
  ...and 7 more children

Possible solutions:
  1. Check if the role is correct (case-sensitive: AXWindow)
  2. Verify attribute names and values match exactly
  3. Consider using the mcp-ax-inspector tool to see the exact element structure
  4. Try simplifying the path or using an index if there are many similar elements

Final result: ✅ Resolved to AXApplication element
  Details: role=AXApplication, AXTitle="TextEdit"

==== END PATH DIAGNOSTICS ====

✘ Test "Initialize UIElement from complex Calculator path with multiple attributes" recorded an issue at UIElementPathInitIntegrationTests.swift:59:4: Caught error: Failed to resolve segment: Could not find elements matching segment: AXWindow[@AXTitle="Calculator"] at index 1
✘ Test "Initialize UIElement from complex Calculator path with multiple attributes" failed after 2.282 seconds with 1 issue.
◇ Test "Compare two paths resolving to the same element" started.
✔ Test "Calculate with bundleId-based path resolution" passed after 3.877 seconds.
◇ Test "Test fallback to focused application" started.
✔ Test "Test fallback to focused application" passed after 2.671 seconds.
◇ Test "Test TextEdit path resolution with dynamic UI elements" started.
✔ Test "Compare two paths resolving to the same element" passed after 3.337 seconds.
◇ Test "Compare two paths resolving to different elements" started.
document Untitled 46
✔ Test "Compare two paths resolving to different elements" passed after 3.339 seconds.
◇ Test "Handle error when initializing from invalid path" started.
2025-05-19 13:16:00.452 swiftpm-testing-helper[49549:54482360] WARNING: Element does not support action AXCancel. Available actions:
✔ Test "Handle error when initializing from invalid path" passed after 3.277 seconds.
✘ Suite UIElementPathInitIntegrationTests failed after 15.601 seconds with 2 issues.
✔ Test "Test TextEdit path resolution with dynamic UI elements" passed after 7.120 seconds.
◇ Test "Test resolution of ambiguous elements" started.
✘ Test "Test resolution of ambiguous elements" recorded an issue at ElementPathIntegrationTests.swift:854:4: Caught error: Failed to resolve segment: Could not find generic container element matching segment: AXGroup. Generic containers like AXGroup may require position-based matching or more specific attributes. at index 5
✘ Test "Test resolution of ambiguous elements" failed after 2.331 seconds with 1 issue.
◇ Test "Test path resolution with diagnostics" started.
✔ Test "Test path resolution with diagnostics" passed after 3.231 seconds.
◇ Test "Test path resolution performance benchmarks" started.
✔ Test "Test path resolution performance benchmarks" passed after 3.476 seconds.
✘ Suite ElementPathIntegrationTests failed after 25.055 seconds with 1 issue.
✘ Test run with 85 tests failed after 25.055 seconds with 32 issues.